<?xml version="1.0" encoding="UTF-8"?>
<!-- Generated by org.testng.reporters.JUnitXMLReporter -->
<testsuite hostname="MDVLFARZANS" ignored="0" name="Chorme Browser" tests="31" failures="28" timestamp="20 Jun 2017 10:42:58 GMT" time="104.687" errors="0">
  <testcase name="windowTitle" time="0.008" classname="SignIn.FlockSignIn">
    <failure type="java.lang.NullPointerException">
      <![CDATA[java.lang.NullPointerException
	at utilities.GenericMethods.getTitle(GenericMethods.java:121)
	at SignIn.FlockSignIn.windowTitle(FlockSignIn.java:41)
	at java.util.concurrent.FutureTask.run(Unknown Source)
	at java.util.concurrent.ThreadPoolExecutor.runWorker(Unknown Source)
	at java.util.concurrent.ThreadPoolExecutor$Worker.run(Unknown Source)
	at java.lang.Thread.run(Unknown Source)
... Removed 16 stack frames]]>
    </failure>
  </testcase> <!-- windowTitle -->
  <testcase name="languageSwitcher" time="0.006" classname="SignIn.FlockSignIn">
    <failure type="java.lang.NullPointerException">
      <![CDATA[java.lang.NullPointerException
	at utilities.GenericMethods.implicitWait(GenericMethods.java:213)
	at SignIn.FlockSignIn.languageSwitcher(FlockSignIn.java:47)
	at java.util.concurrent.FutureTask.run(Unknown Source)
	at java.util.concurrent.ThreadPoolExecutor.runWorker(Unknown Source)
	at java.util.concurrent.ThreadPoolExecutor$Worker.run(Unknown Source)
	at java.lang.Thread.run(Unknown Source)
... Removed 16 stack frames]]>
    </failure>
  </testcase> <!-- languageSwitcher -->
  <testcase name="Heading" time="0.005" classname="SignIn.FlockSignIn">
    <failure type="java.lang.NullPointerException">
      <![CDATA[java.lang.NullPointerException
	at utilities.GenericMethods.implicitWait(GenericMethods.java:213)
	at SignIn.FlockSignIn.Heading(FlockSignIn.java:63)
	at java.util.concurrent.FutureTask.run(Unknown Source)
	at java.util.concurrent.ThreadPoolExecutor.runWorker(Unknown Source)
	at java.util.concurrent.ThreadPoolExecutor$Worker.run(Unknown Source)
	at java.lang.Thread.run(Unknown Source)
... Removed 16 stack frames]]>
    </failure>
  </testcase> <!-- Heading -->
  <testcase name="contactSupport" time="0.003" classname="SignIn.FlockSignIn">
    <failure type="java.lang.NullPointerException">
      <![CDATA[java.lang.NullPointerException
	at utilities.GenericMethods.elementDisplayed(GenericMethods.java:156)
	at SignIn.FlockSignIn.contactSupport(FlockSignIn.java:74)
	at java.util.concurrent.FutureTask.run(Unknown Source)
	at java.util.concurrent.ThreadPoolExecutor.runWorker(Unknown Source)
	at java.util.concurrent.ThreadPoolExecutor$Worker.run(Unknown Source)
	at java.lang.Thread.run(Unknown Source)
... Removed 16 stack frames]]>
    </failure>
  </testcase> <!-- contactSupport -->
  <testcase name="subHeading" time="0.001" classname="SignIn.FlockSignIn">
    <failure type="java.lang.NullPointerException">
      <![CDATA[java.lang.NullPointerException
	at utilities.GenericMethods.elementDisplayed(GenericMethods.java:156)
	at SignIn.FlockSignIn.subHeading(FlockSignIn.java:179)
	at java.util.concurrent.FutureTask.run(Unknown Source)
	at java.util.concurrent.ThreadPoolExecutor.runWorker(Unknown Source)
	at java.util.concurrent.ThreadPoolExecutor$Worker.run(Unknown Source)
	at java.lang.Thread.run(Unknown Source)
... Removed 16 stack frames]]>
    </failure>
  </testcase> <!-- subHeading -->
  <testcase name="emailPlaceHolder" time="0.001" classname="SignIn.FlockSignIn">
    <failure type="java.lang.NullPointerException">
      <![CDATA[java.lang.NullPointerException
	at utilities.GenericMethods.elementDisplayed(GenericMethods.java:156)
	at SignIn.FlockSignIn.emailPlaceHolder(FlockSignIn.java:186)
	at java.util.concurrent.FutureTask.run(Unknown Source)
	at java.util.concurrent.ThreadPoolExecutor.runWorker(Unknown Source)
	at java.util.concurrent.ThreadPoolExecutor$Worker.run(Unknown Source)
	at java.lang.Thread.run(Unknown Source)
... Removed 16 stack frames]]>
    </failure>
  </testcase> <!-- emailPlaceHolder -->
  <testcase name="loginButton" time="0.001" classname="SignIn.FlockSignIn">
    <failure type="java.lang.NullPointerException">
      <![CDATA[java.lang.NullPointerException
	at utilities.GenericMethods.elementDisplayed(GenericMethods.java:156)
	at SignIn.FlockSignIn.loginButton(FlockSignIn.java:193)
	at java.util.concurrent.FutureTask.run(Unknown Source)
	at java.util.concurrent.ThreadPoolExecutor.runWorker(Unknown Source)
	at java.util.concurrent.ThreadPoolExecutor$Worker.run(Unknown Source)
	at java.lang.Thread.run(Unknown Source)
... Removed 16 stack frames]]>
    </failure>
  </testcase> <!-- loginButton -->
  <testcase name="onbaordingSideBar" time="0.002" classname="SignIn.FlockSignIn">
    <failure type="java.lang.NullPointerException">
      <![CDATA[java.lang.NullPointerException
	at utilities.GenericMethods.elementDisplayed(GenericMethods.java:156)
	at SignIn.FlockSignIn.onbaordingSideBar(FlockSignIn.java:200)
	at java.util.concurrent.FutureTask.run(Unknown Source)
	at java.util.concurrent.ThreadPoolExecutor.runWorker(Unknown Source)
	at java.util.concurrent.ThreadPoolExecutor$Worker.run(Unknown Source)
	at java.lang.Thread.run(Unknown Source)
... Removed 16 stack frames]]>
    </failure>
  </testcase> <!-- onbaordingSideBar -->
  <testcase name="errorMessage" time="0.002" classname="SignIn.FlockSignIn">
    <failure type="java.lang.NullPointerException">
      <![CDATA[java.lang.NullPointerException
	at utilities.GenericMethods.elementIsDisplayed(GenericMethods.java:167)
	at SignIn.FlockSignIn.errorMessage(FlockSignIn.java:208)
	at java.util.concurrent.FutureTask.run(Unknown Source)
	at java.util.concurrent.ThreadPoolExecutor.runWorker(Unknown Source)
	at java.util.concurrent.ThreadPoolExecutor$Worker.run(Unknown Source)
	at java.lang.Thread.run(Unknown Source)
... Removed 16 stack frames]]>
    </failure>
  </testcase> <!-- errorMessage -->
  <testcase name="errorMessage" time="0.002" classname="SignIn.FlockSignIn">
    <failure type="java.lang.NullPointerException">
      <![CDATA[java.lang.NullPointerException
	at utilities.GenericMethods.elementIsDisplayed(GenericMethods.java:167)
	at SignIn.FlockSignIn.errorMessage(FlockSignIn.java:208)
	at java.util.concurrent.FutureTask.run(Unknown Source)
	at java.util.concurrent.ThreadPoolExecutor.runWorker(Unknown Source)
	at java.util.concurrent.ThreadPoolExecutor$Worker.run(Unknown Source)
	at java.lang.Thread.run(Unknown Source)
... Removed 16 stack frames]]>
    </failure>
  </testcase> <!-- errorMessage -->
  <testcase name="errorMessage" time="0.005" classname="SignIn.FlockSignIn">
    <failure type="java.lang.NullPointerException">
      <![CDATA[java.lang.NullPointerException
	at utilities.GenericMethods.elementIsDisplayed(GenericMethods.java:167)
	at SignIn.FlockSignIn.errorMessage(FlockSignIn.java:208)
	at java.util.concurrent.FutureTask.run(Unknown Source)
	at java.util.concurrent.ThreadPoolExecutor.runWorker(Unknown Source)
	at java.util.concurrent.ThreadPoolExecutor$Worker.run(Unknown Source)
	at java.lang.Thread.run(Unknown Source)
... Removed 16 stack frames]]>
    </failure>
  </testcase> <!-- errorMessage -->
  <testcase name="enterEmail" time="0.002" classname="SignIn.FlockSignIn"/>
  <testcase name="googleAuthHeading" time="0.001" classname="SignIn.FlockSignIn">
    <failure type="java.lang.NullPointerException">
      <![CDATA[java.lang.NullPointerException
	at utilities.GenericMethods.implicitWait(GenericMethods.java:213)
	at SignIn.FlockSignIn.googleAuthHeading(FlockSignIn.java:221)
	at java.util.concurrent.FutureTask.run(Unknown Source)
	at java.util.concurrent.ThreadPoolExecutor.runWorker(Unknown Source)
	at java.util.concurrent.ThreadPoolExecutor$Worker.run(Unknown Source)
	at java.lang.Thread.run(Unknown Source)
... Removed 16 stack frames]]>
    </failure>
  </testcase> <!-- googleAuthHeading -->
  <testcase name="googleAuthButton" time="0.001" classname="SignIn.FlockSignIn">
    <failure type="java.lang.NullPointerException">
      <![CDATA[java.lang.NullPointerException
	at utilities.GenericMethods.elementDisplayed(GenericMethods.java:156)
	at SignIn.FlockSignIn.googleAuthButton(FlockSignIn.java:237)
	at java.util.concurrent.FutureTask.run(Unknown Source)
	at java.util.concurrent.ThreadPoolExecutor.runWorker(Unknown Source)
	at java.util.concurrent.ThreadPoolExecutor$Worker.run(Unknown Source)
	at java.lang.Thread.run(Unknown Source)
... Removed 16 stack frames]]>
    </failure>
  </testcase> <!-- googleAuthButton -->
  <testcase name="googleAuthSkipButton" time="0.001" classname="SignIn.FlockSignIn">
    <failure type="java.lang.NullPointerException">
      <![CDATA[java.lang.NullPointerException
	at utilities.GenericMethods.elementDisplayed(GenericMethods.java:156)
	at SignIn.FlockSignIn.googleAuthSkipButton(FlockSignIn.java:244)
	at java.util.concurrent.FutureTask.run(Unknown Source)
	at java.util.concurrent.ThreadPoolExecutor.runWorker(Unknown Source)
	at java.util.concurrent.ThreadPoolExecutor$Worker.run(Unknown Source)
	at java.lang.Thread.run(Unknown Source)
... Removed 16 stack frames]]>
    </failure>
  </testcase> <!-- googleAuthSkipButton -->
  <testcase name="googleAuthSubHeading" time="0.001" classname="SignIn.FlockSignIn">
    <failure type="java.lang.NullPointerException">
      <![CDATA[java.lang.NullPointerException
	at utilities.GenericMethods.elementDisplayed(GenericMethods.java:156)
	at SignIn.FlockSignIn.googleAuthSubHeading(FlockSignIn.java:230)
	at java.util.concurrent.FutureTask.run(Unknown Source)
	at java.util.concurrent.ThreadPoolExecutor.runWorker(Unknown Source)
	at java.util.concurrent.ThreadPoolExecutor$Worker.run(Unknown Source)
	at java.lang.Thread.run(Unknown Source)
... Removed 16 stack frames]]>
    </failure>
  </testcase> <!-- googleAuthSubHeading -->
  <testcase name="googleAuthNote" time="0.005" classname="SignIn.FlockSignIn">
    <failure type="java.lang.NullPointerException">
      <![CDATA[java.lang.NullPointerException
	at utilities.GenericMethods.elementDisplayed(GenericMethods.java:156)
	at SignIn.FlockSignIn.googleAuthNote(FlockSignIn.java:251)
	at java.util.concurrent.FutureTask.run(Unknown Source)
	at java.util.concurrent.ThreadPoolExecutor.runWorker(Unknown Source)
	at java.util.concurrent.ThreadPoolExecutor$Worker.run(Unknown Source)
	at java.lang.Thread.run(Unknown Source)
... Removed 16 stack frames]]>
    </failure>
  </testcase> <!-- googleAuthNote -->
  <testcase name="clickSkipGoogleAuth" time="0.002" classname="SignIn.FlockSignIn"/>
  <testcase name="otpHeading" time="0.002" classname="SignIn.FlockSignIn">
    <failure type="java.lang.NullPointerException">
      <![CDATA[java.lang.NullPointerException
	at utilities.GenericMethods.implicitWait(GenericMethods.java:213)
	at SignIn.FlockSignIn.otpHeading(FlockSignIn.java:263)
	at java.util.concurrent.FutureTask.run(Unknown Source)
	at java.util.concurrent.ThreadPoolExecutor.runWorker(Unknown Source)
	at java.util.concurrent.ThreadPoolExecutor$Worker.run(Unknown Source)
	at java.lang.Thread.run(Unknown Source)
... Removed 16 stack frames]]>
    </failure>
  </testcase> <!-- otpHeading -->
  <testcase name="otpSubHeading" time="0.005" classname="SignIn.FlockSignIn">
    <failure type="java.lang.NullPointerException">
      <![CDATA[java.lang.NullPointerException
	at utilities.GenericMethods.elementDisplayed(GenericMethods.java:156)
	at SignIn.FlockSignIn.otpSubHeading(FlockSignIn.java:272)
	at java.util.concurrent.FutureTask.run(Unknown Source)
	at java.util.concurrent.ThreadPoolExecutor.runWorker(Unknown Source)
	at java.util.concurrent.ThreadPoolExecutor$Worker.run(Unknown Source)
	at java.lang.Thread.run(Unknown Source)
... Removed 16 stack frames]]>
    </failure>
  </testcase> <!-- otpSubHeading -->
  <testcase name="otpPlaceHolder" time="0.001" classname="SignIn.FlockSignIn">
    <failure type="java.lang.NullPointerException">
      <![CDATA[java.lang.NullPointerException
	at utilities.GenericMethods.elementDisplayed(GenericMethods.java:156)
	at SignIn.FlockSignIn.otpPlaceHolder(FlockSignIn.java:279)
	at java.util.concurrent.FutureTask.run(Unknown Source)
	at java.util.concurrent.ThreadPoolExecutor.runWorker(Unknown Source)
	at java.util.concurrent.ThreadPoolExecutor$Worker.run(Unknown Source)
	at java.lang.Thread.run(Unknown Source)
... Removed 16 stack frames]]>
    </failure>
  </testcase> <!-- otpPlaceHolder -->
  <testcase name="resendOtpText" time="0.002" classname="SignIn.FlockSignIn">
    <failure type="java.lang.NullPointerException">
      <![CDATA[java.lang.NullPointerException
	at utilities.GenericMethods.elementDisplayed(GenericMethods.java:156)
	at SignIn.FlockSignIn.resendOtpText(FlockSignIn.java:286)
	at java.util.concurrent.FutureTask.run(Unknown Source)
	at java.util.concurrent.ThreadPoolExecutor.runWorker(Unknown Source)
	at java.util.concurrent.ThreadPoolExecutor$Worker.run(Unknown Source)
	at java.lang.Thread.run(Unknown Source)
... Removed 16 stack frames]]>
    </failure>
  </testcase> <!-- resendOtpText -->
  <testcase name="resendOtpHook" time="0.001" classname="SignIn.FlockSignIn">
    <failure type="java.lang.NullPointerException">
      <![CDATA[java.lang.NullPointerException
	at utilities.GenericMethods.elementDisplayed(GenericMethods.java:156)
	at SignIn.FlockSignIn.resendOtpHook(FlockSignIn.java:293)
	at java.util.concurrent.FutureTask.run(Unknown Source)
	at java.util.concurrent.ThreadPoolExecutor.runWorker(Unknown Source)
	at java.util.concurrent.ThreadPoolExecutor$Worker.run(Unknown Source)
	at java.lang.Thread.run(Unknown Source)
... Removed 16 stack frames]]>
    </failure>
  </testcase> <!-- resendOtpHook -->
  <testcase name="resendOtpHookClicked" time="0.002" classname="SignIn.FlockSignIn">
    <failure type="java.lang.NullPointerException">
      <![CDATA[java.lang.NullPointerException
	at utilities.GenericMethods.elementDisplayed(GenericMethods.java:156)
	at SignIn.FlockSignIn.resendOtpHookClicked(FlockSignIn.java:301)
	at java.util.concurrent.FutureTask.run(Unknown Source)
	at java.util.concurrent.ThreadPoolExecutor.runWorker(Unknown Source)
	at java.util.concurrent.ThreadPoolExecutor$Worker.run(Unknown Source)
	at java.lang.Thread.run(Unknown Source)
... Removed 16 stack frames]]>
    </failure>
  </testcase> <!-- resendOtpHookClicked -->
  <testcase name="checkEditButton" time="0.001" classname="SignIn.FlockSignIn">
    <failure type="java.lang.NullPointerException">
      <![CDATA[java.lang.NullPointerException
	at utilities.GenericMethods.elementDisplayed(GenericMethods.java:156)
	at SignIn.FlockSignIn.checkEditButton(FlockSignIn.java:315)
	at java.util.concurrent.FutureTask.run(Unknown Source)
	at java.util.concurrent.ThreadPoolExecutor.runWorker(Unknown Source)
	at java.util.concurrent.ThreadPoolExecutor$Worker.run(Unknown Source)
	at java.lang.Thread.run(Unknown Source)
... Removed 16 stack frames]]>
    </failure>
  </testcase> <!-- checkEditButton -->
  <testcase name="verifyButton" time="0.002" classname="SignIn.FlockSignIn">
    <failure type="java.lang.NullPointerException">
      <![CDATA[java.lang.NullPointerException
	at utilities.GenericMethods.elementDisplayed(GenericMethods.java:156)
	at SignIn.FlockSignIn.verifyButton(FlockSignIn.java:308)
	at java.util.concurrent.FutureTask.run(Unknown Source)
	at java.util.concurrent.ThreadPoolExecutor.runWorker(Unknown Source)
	at java.util.concurrent.ThreadPoolExecutor$Worker.run(Unknown Source)
	at java.lang.Thread.run(Unknown Source)
... Removed 16 stack frames]]>
    </failure>
  </testcase> <!-- verifyButton -->
  <testcase name="otpErrorMessage" time="2.003" classname="SignIn.FlockSignIn">
    <failure type="java.lang.NullPointerException">
      <![CDATA[java.lang.NullPointerException
	at utilities.GenericMethods.elementIsDisplayed(GenericMethods.java:167)
	at SignIn.FlockSignIn.otpErrorMessage(FlockSignIn.java:331)
	at java.util.concurrent.FutureTask.run(Unknown Source)
	at java.util.concurrent.ThreadPoolExecutor.runWorker(Unknown Source)
	at java.util.concurrent.ThreadPoolExecutor$Worker.run(Unknown Source)
	at java.lang.Thread.run(Unknown Source)
... Removed 16 stack frames]]>
    </failure>
  </testcase> <!-- otpErrorMessage -->
  <testcase name="otpErrorMessage" time="2.003" classname="SignIn.FlockSignIn">
    <failure type="java.lang.NullPointerException">
      <![CDATA[java.lang.NullPointerException
	at utilities.GenericMethods.elementIsDisplayed(GenericMethods.java:167)
	at SignIn.FlockSignIn.otpErrorMessage(FlockSignIn.java:331)
	at java.util.concurrent.FutureTask.run(Unknown Source)
	at java.util.concurrent.ThreadPoolExecutor.runWorker(Unknown Source)
	at java.util.concurrent.ThreadPoolExecutor$Worker.run(Unknown Source)
	at java.lang.Thread.run(Unknown Source)
... Removed 16 stack frames]]>
    </failure>
  </testcase> <!-- otpErrorMessage -->
  <testcase name="otpErrorMessage" time="2.004" classname="SignIn.FlockSignIn">
    <failure type="java.lang.NullPointerException">
      <![CDATA[java.lang.NullPointerException
	at utilities.GenericMethods.elementIsDisplayed(GenericMethods.java:167)
	at SignIn.FlockSignIn.otpErrorMessage(FlockSignIn.java:331)
	at java.util.concurrent.FutureTask.run(Unknown Source)
	at java.util.concurrent.ThreadPoolExecutor.runWorker(Unknown Source)
	at java.util.concurrent.ThreadPoolExecutor$Worker.run(Unknown Source)
	at java.lang.Thread.run(Unknown Source)
... Removed 16 stack frames]]>
    </failure>
  </testcase> <!-- otpErrorMessage -->
  <testcase name="otpErrorMessage1" time="2.013" classname="SignIn.FlockSignIn">
    <failure type="java.lang.NullPointerException">
      <![CDATA[java.lang.NullPointerException
	at utilities.GenericMethods.elementIsDisplayed(GenericMethods.java:167)
	at SignIn.FlockSignIn.otpErrorMessage1(FlockSignIn.java:342)
	at java.util.concurrent.FutureTask.run(Unknown Source)
	at java.util.concurrent.ThreadPoolExecutor.runWorker(Unknown Source)
	at java.util.concurrent.ThreadPoolExecutor$Worker.run(Unknown Source)
	at java.lang.Thread.run(Unknown Source)
... Removed 16 stack frames]]>
    </failure>
  </testcase> <!-- otpErrorMessage1 -->
  <testcase name="enterOTP" time="0.002" classname="SignIn.FlockSignIn"/>
</testsuite> <!-- Chorme Browser -->
