<?xml version="1.0" encoding="UTF-8"?>
<!-- Generated by org.testng.reporters.JUnitXMLReporter -->
<testsuite hostname="MDVLFARZANS" ignored="0" name="Chorme Browser" tests="29" failures="0" timestamp="12 Jun 2017 12:19:54 GMT" time="46.595" errors="0">
  <testcase name="windowTitle" time="0.077" classname="SignIn.FlockSignIn"/>
  <testcase name="Heading" time="2.369" classname="SignIn.FlockSignIn"/>
  <testcase name="subHeading" time="0.184" classname="SignIn.FlockSignIn"/>
  <testcase name="emailPlaceHolder" time="0.274" classname="SignIn.FlockSignIn"/>
  <testcase name="submitButton" time="0.321" classname="SignIn.FlockSignIn"/>
  <testcase name="contactSupport" time="0.189" classname="SignIn.FlockSignIn"/>
  <testcase name="onbaordingSideBar" time="0.056" classname="SignIn.FlockSignIn"/>
  <testcase name="errorMessage" time="0.69" classname="SignIn.FlockSignIn"/>
  <testcase name="errorMessage" time="0.522" classname="SignIn.FlockSignIn"/>
  <testcase name="errorMessage" time="0.381" classname="SignIn.FlockSignIn"/>
  <testcase name="enterEmail" time="0.359" classname="SignIn.FlockSignIn"/>
  <testcase name="googleAuthHeading" time="1.326" classname="SignIn.FlockSignIn"/>
  <testcase name="googleAuthSubHeading" time="0.227" classname="SignIn.FlockSignIn"/>
  <testcase name="googleAuthButton" time="0.163" classname="SignIn.FlockSignIn"/>
  <testcase name="googleAuthSkipButton" time="0.175" classname="SignIn.FlockSignIn"/>
  <testcase name="googleAuthNote" time="0.192" classname="SignIn.FlockSignIn"/>
  <testcase name="clickSkipGoogleAuth" time="0.254" classname="SignIn.FlockSignIn"/>
  <testcase name="otpHeading" time="0.298" classname="SignIn.FlockSignIn"/>
  <testcase name="otpSubHeading" time="0.208" classname="SignIn.FlockSignIn"/>
  <testcase name="otpPlaceHolder" time="0.148" classname="SignIn.FlockSignIn"/>
  <testcase name="resendOtpText" time="0.156" classname="SignIn.FlockSignIn"/>
  <testcase name="resendOtpHook" time="0.183" classname="SignIn.FlockSignIn"/>
  <testcase name="resendOtpHookClicked" time="0.434" classname="SignIn.FlockSignIn"/>
  <testcase name="verifyButton" time="0.167" classname="SignIn.FlockSignIn"/>
  <testcase name="otpErrorMessage" time="2.662" classname="SignIn.FlockSignIn"/>
  <testcase name="otpErrorMessage" time="2.348" classname="SignIn.FlockSignIn"/>
  <testcase name="otpErrorMessage" time="2.379" classname="SignIn.FlockSignIn"/>
  <testcase name="otpErrorMessage1" time="2.596" classname="SignIn.FlockSignIn"/>
  <testcase name="enterOTP" time="0.25" classname="SignIn.FlockSignIn"/>
</testsuite> <!-- Chorme Browser -->
