<?xml version="1.0" encoding="UTF-8"?>
<!-- Generated by org.testng.reporters.JUnitXMLReporter -->
<testsuite hostname="MDVLFARZANS" ignored="0" name="Firefox Browser" tests="31" failures="0" timestamp="21 Jun 2017 06:26:51 GMT" time="65.038" errors="0">
  <testcase name="windowTitle" time="0.318" classname="SignIn.FlockSignIn"/>
  <testcase name="languageSwitcher" time="10.628" classname="SignIn.FlockSignIn"/>
  <testcase name="Heading" time="0.655" classname="SignIn.FlockSignIn"/>
  <testcase name="contactSupport" time="10.784" classname="SignIn.FlockSignIn"/>
  <testcase name="subHeading" time="0.237" classname="SignIn.FlockSignIn"/>
  <testcase name="emailPlaceHolder" time="0.181" classname="SignIn.FlockSignIn"/>
  <testcase name="loginButton" time="0.168" classname="SignIn.FlockSignIn"/>
  <testcase name="onbaordingSideBar" time="0.036" classname="SignIn.FlockSignIn"/>
  <testcase name="emailFieldErrorMessage" time="0.347" classname="SignIn.FlockSignIn"/>
  <testcase name="emailFieldErrorMessage" time="0.383" classname="SignIn.FlockSignIn"/>
  <testcase name="emailFieldErrorMessage" time="0.334" classname="SignIn.FlockSignIn"/>
  <testcase name="enterEmail" time="0.269" classname="SignIn.FlockSignIn"/>
  <testcase name="googleAuthHeading" time="1.201" classname="SignIn.FlockSignIn"/>
  <testcase name="googleAuthButton" time="0.097" classname="SignIn.FlockSignIn"/>
  <testcase name="googleAuthSkipButton" time="0.088" classname="SignIn.FlockSignIn"/>
  <testcase name="googleAuthSubHeading" time="0.085" classname="SignIn.FlockSignIn"/>
  <testcase name="googleAuthNote" time="0.108" classname="SignIn.FlockSignIn"/>
  <testcase name="clickSkipGoogleAuth" time="0.155" classname="SignIn.FlockSignIn"/>
  <testcase name="otpHeading" time="0.166" classname="SignIn.FlockSignIn"/>
  <testcase name="otpSubHeading" time="0.096" classname="SignIn.FlockSignIn"/>
  <testcase name="otpPlaceHolder" time="0.092" classname="SignIn.FlockSignIn"/>
  <testcase name="resendOtpText" time="0.099" classname="SignIn.FlockSignIn"/>
  <testcase name="resendOtpHook" time="0.114" classname="SignIn.FlockSignIn"/>
  <testcase name="resendOtpHookClicked" time="0.28" classname="SignIn.FlockSignIn"/>
  <testcase name="checkEditButton" time="5.785" classname="SignIn.FlockSignIn"/>
  <testcase name="verifyButton" time="0.143" classname="SignIn.FlockSignIn"/>
  <testcase name="otpErrorMessage" time="2.42" classname="SignIn.FlockSignIn"/>
  <testcase name="otpErrorMessage" time="2.34" classname="SignIn.FlockSignIn"/>
  <testcase name="otpErrorMessage" time="2.44" classname="SignIn.FlockSignIn"/>
  <testcase name="otpErrorMessage1" time="2.387" classname="SignIn.FlockSignIn"/>
  <testcase name="enterOTP" time="0.173" classname="SignIn.FlockSignIn"/>
</testsuite> <!-- Firefox Browser -->
