<?xml version="1.0" encoding="UTF-8"?>
<!-- Generated by org.testng.reporters.JUnitXMLReporter -->
<testsuite hostname="MDVLFARZANS" ignored="0" name="Firefox Browser" tests="31" failures="0" timestamp="21 Jun 2017 06:59:02 GMT" time="90.833" errors="0">
  <testcase name="windowTitle" time="0.243" classname="SignIn.FlockSignIn"/>
  <testcase name="languageSwitcher" time="4.185" classname="SignIn.FlockSignIn"/>
  <testcase name="Heading" time="4.649" classname="SignIn.FlockSignIn"/>
  <testcase name="contactSupport" time="15.931" classname="SignIn.FlockSignIn"/>
  <testcase name="subHeading" time="0.304" classname="SignIn.FlockSignIn"/>
  <testcase name="emailPlaceHolder" time="0.161" classname="SignIn.FlockSignIn"/>
  <testcase name="loginButton" time="0.159" classname="SignIn.FlockSignIn"/>
  <testcase name="onbaordingSideBar" time="0.034" classname="SignIn.FlockSignIn"/>
  <testcase name="emailFieldErrorMessage" time="0.557" classname="SignIn.FlockSignIn"/>
  <testcase name="emailFieldErrorMessage" time="0.552" classname="SignIn.FlockSignIn"/>
  <testcase name="emailFieldErrorMessage" time="0.493" classname="SignIn.FlockSignIn"/>
  <testcase name="enterEmail" time="0.354" classname="SignIn.FlockSignIn"/>
  <testcase name="googleAuthHeading" time="1.5" classname="SignIn.FlockSignIn"/>
  <testcase name="googleAuthButton" time="0.178" classname="SignIn.FlockSignIn"/>
  <testcase name="googleAuthSkipButton" time="0.246" classname="SignIn.FlockSignIn"/>
  <testcase name="googleAuthSubHeading" time="0.233" classname="SignIn.FlockSignIn"/>
  <testcase name="googleAuthNote" time="0.205" classname="SignIn.FlockSignIn"/>
  <testcase name="clickSkipGoogleAuth" time="0.315" classname="SignIn.FlockSignIn"/>
  <testcase name="otpHeading" time="0.447" classname="SignIn.FlockSignIn"/>
  <testcase name="otpSubHeading" time="0.173" classname="SignIn.FlockSignIn"/>
  <testcase name="otpPlaceHolder" time="0.132" classname="SignIn.FlockSignIn"/>
  <testcase name="resendOtpText" time="0.111" classname="SignIn.FlockSignIn"/>
  <testcase name="resendOtpHook" time="0.118" classname="SignIn.FlockSignIn"/>
  <testcase name="resendOtpHookClicked" time="0.285" classname="SignIn.FlockSignIn"/>
  <testcase name="checkEditButton" time="7.203" classname="SignIn.FlockSignIn"/>
  <testcase name="verifyButton" time="0.158" classname="SignIn.FlockSignIn"/>
  <testcase name="otpErrorMessage" time="2.848" classname="SignIn.FlockSignIn"/>
  <testcase name="otpErrorMessage" time="2.536" classname="SignIn.FlockSignIn"/>
  <testcase name="otpErrorMessage" time="2.598" classname="SignIn.FlockSignIn"/>
  <testcase name="otpErrorMessage1" time="2.702" classname="SignIn.FlockSignIn"/>
  <testcase name="enterOTP" time="0.358" classname="SignIn.FlockSignIn"/>
</testsuite> <!-- Firefox Browser -->
