<?xml version="1.0" encoding="UTF-8"?>
<!-- Generated by org.testng.reporters.JUnitXMLReporter -->
<testsuite hostname="MDVLFARZANS" ignored="0" name="Chorme Browser" tests="3" failures="2" timestamp="25 Jul 2017 11:56:31 GMT" time="410.365" errors="0">
  <testcase name="searchPlusChannelOption" time="113.727" classname="flockClient.searchPlus"/>
  <testcase name="searchPlusJoinChannelOption" time="34.607" classname="flockClient.searchPlus">
    <failure type="java.lang.AssertionError" message="expected [true] but found [false]">
      <![CDATA[java.lang.AssertionError: expected [true] but found [false]
	at flockClient.searchPlus.searchPlusJoinChannelOptionsClick(searchPlus.java:163)
	at flockClient.searchPlus.searchPlusJoinChannelOption(searchPlus.java:119)
	at java.util.concurrent.FutureTask.run(Unknown Source)
	at java.util.concurrent.ThreadPoolExecutor.runWorker(Unknown Source)
	at java.util.concurrent.ThreadPoolExecutor$Worker.run(Unknown Source)
	at java.lang.Thread.run(Unknown Source)
... Removed 20 stack frames]]>
    </failure>
  </testcase> <!-- searchPlusJoinChannelOption -->
  <testcase name="searchPlusInviteOption" time="34.221" classname="flockClient.searchPlus">
    <failure type="java.lang.AssertionError" message="expected [true] but found [false]">
      <![CDATA[java.lang.AssertionError: expected [true] but found [false]
	at flockClient.searchPlus.searchPlusInviteOptionsClick(searchPlus.java:199)
	at flockClient.searchPlus.searchPlusInviteOption(searchPlus.java:179)
	at java.util.concurrent.FutureTask.run(Unknown Source)
	at java.util.concurrent.ThreadPoolExecutor.runWorker(Unknown Source)
	at java.util.concurrent.ThreadPoolExecutor$Worker.run(Unknown Source)
	at java.lang.Thread.run(Unknown Source)
... Removed 20 stack frames]]>
    </failure>
  </testcase> <!-- searchPlusInviteOption -->
</testsuite> <!-- Chorme Browser -->
