<?xml version="1.0" encoding="UTF-8"?>
<!-- Generated by org.testng.reporters.JUnitXMLReporter -->
<testsuite hostname="MDVLFARZANS" ignored="0" name="Chorme Browser" tests="3" failures="0" timestamp="31 Jul 2017 12:15:24 GMT" time="81.228" errors="0">
  <testcase name="searchPlusChannelOption" time="2.385" classname="flockClient.searchPlus"/>
  <testcase name="searchPlusJoinChannelOption" time="0.358" classname="flockClient.searchPlus"/>
  <testcase name="searchPlusInviteOption" time="0.363" classname="flockClient.searchPlus"/>
</testsuite> <!-- Chorme Browser -->
