<?xml version="1.0" encoding="UTF-8"?>
<!-- Generated by org.testng.reporters.JUnitXMLReporter -->
<testsuite hostname="MDVLFARZANS" ignored="0" name="Chorme Browser" tests="3" failures="0" timestamp="09 Aug 2017 11:39:44 GMT" time="110.515" errors="0">
  <testcase name="searchPlusChannelOption" time="2.955" classname="flockClient.searchPlus"/>
  <testcase name="searchPlusInviteOption" time="3.863" classname="flockClient.searchPlus"/>
  <testcase name="searchPlusJoinChannelOption" time="3.722" classname="flockClient.searchPlus"/>
</testsuite> <!-- Chorme Browser -->
