<?xml version="1.0" encoding="UTF-8"?>
<!-- Generated by org.testng.reporters.JUnitXMLReporter -->
<testsuite hostname="MDVLFARZANS" ignored="0" name="Firefox Browser" tests="3" failures="0" timestamp="08 Aug 2017 09:01:49 GMT" time="69.902" errors="0">
  <testcase name="@BeforeClass beforeClass" time="34.456" classname="base.BaseTestSuite">
    <failure type="org.openqa.selenium.WebDriverException" message="TypeError: can&amp;apos;t access dead object
Build info: version: &amp;apos;unknown&amp;apos;, revision: &amp;apos;unknown&amp;apos;, time: &amp;apos;unknown&amp;apos;
System info: host: &amp;apos;MDVLFARZANS&amp;apos;, ip: &amp;apos;172.16.138.89&amp;apos;, os.name: &amp;apos;Windows 10&amp;apos;, os.arch: &amp;apos;amd64&amp;apos;, os.version: &amp;apos;10.0&amp;apos;, java.version: &amp;apos;1.8.0_141&amp;apos;
Driver info: org.openqa.selenium.firefox.FirefoxDriver
Capabilities [{moz:profile=C:\Users\FARZAN~1.DIR\AppData\Local\Temp\rust_mozprofile.X6ltTfhRD8qM, rotatable=false, timeouts={implicit=0.0, pageLoad=300000.0, script=30000.0}, pageLoadStrategy=normal, platform=ANY, specificationLevel=0.0, moz:accessibilityChecks=false, acceptInsecureCerts=false, browserVersion=54.0.1, platformVersion=10.0, moz:processID=12940.0, browserName=firefox, javascriptEnabled=true, platformName=windows_nt}]
Session ID: 287f8350-0550-4a04-80df-0735b950dfc7
*** Element info: {Using=xpath, value=//div[@id=&amp;apos;dijit__Templated_20&amp;apos;]}">
      <![CDATA[org.openqa.selenium.WebDriverException: TypeError: can't access dead object
Build info: version: 'unknown', revision: 'unknown', time: 'unknown'
System info: host: 'MDVLFARZANS', ip: '172.16.138.89', os.name: 'Windows 10', os.arch: 'amd64', os.version: '10.0', java.version: '1.8.0_141'
Driver info: org.openqa.selenium.firefox.FirefoxDriver
Capabilities [{moz:profile=C:\Users\FARZAN~1.DIR\AppData\Local\Temp\rust_mozprofile.X6ltTfhRD8qM, rotatable=false, timeouts={implicit=0.0, pageLoad=300000.0, script=30000.0}, pageLoadStrategy=normal, platform=ANY, specificationLevel=0.0, moz:accessibilityChecks=false, acceptInsecureCerts=false, browserVersion=54.0.1, platformVersion=10.0, moz:processID=12940.0, browserName=firefox, javascriptEnabled=true, platformName=windows_nt}]
Session ID: 287f8350-0550-4a04-80df-0735b950dfc7
*** Element info: {Using=xpath, value=//div[@id='dijit__Templated_20']}
	at org.openqa.selenium.remote.http.W3CHttpResponseCodec.createException(W3CHttpResponseCodec.java:150)
	at org.openqa.selenium.remote.http.W3CHttpResponseCodec.decode(W3CHttpResponseCodec.java:115)
	at org.openqa.selenium.remote.http.W3CHttpResponseCodec.decode(W3CHttpResponseCodec.java:45)
	at org.openqa.selenium.remote.HttpCommandExecutor.execute(HttpCommandExecutor.java:164)
	at org.openqa.selenium.remote.service.DriverCommandExecutor.execute(DriverCommandExecutor.java:82)
	at org.openqa.selenium.remote.RemoteWebDriver.execute(RemoteWebDriver.java:637)
	at org.openqa.selenium.remote.RemoteWebDriver.findElements(RemoteWebDriver.java:437)
	at org.openqa.selenium.remote.RemoteWebDriver.findElementsByXPath(RemoteWebDriver.java:513)
	at org.openqa.selenium.By$ByXPath.findElements(By.java:356)
	at org.openqa.selenium.remote.RemoteWebDriver.findElements(RemoteWebDriver.java:398)
	at utilities.GenericMethods.getElementList(GenericMethods.java:72)
	at utilities.GenericMethods.isElementPresent(GenericMethods.java:104)
	at utilities.OnBoardingUtils.skipFeatureTour(OnBoardingUtils.java:70)
	at utilities.OnBoardingUtils.setUpUserAccount(OnBoardingUtils.java:54)
	at base.BaseTestSuite.beforeClass(BaseTestSuite.java:86)
	at java.util.concurrent.FutureTask.run(Unknown Source)
	at java.util.concurrent.ThreadPoolExecutor.runWorker(Unknown Source)
	at java.util.concurrent.ThreadPoolExecutor$Worker.run(Unknown Source)
	at java.lang.Thread.run(Unknown Source)
... Removed 20 stack frames]]>
    </failure>
  </testcase> <!-- @BeforeClass beforeClass -->
  <testcase name="@BeforeMethod beforeMethod" time="0.0" classname="flockClient.searchPlus">
    <skipped/>
  </testcase> <!-- @BeforeMethod beforeMethod -->
  <testcase name="@BeforeMethod beforeMethod" time="0.0" classname="flockClient.searchPlus">
    <skipped/>
  </testcase> <!-- @BeforeMethod beforeMethod -->
  <testcase name="@BeforeMethod beforeMethod" time="0.0" classname="flockClient.searchPlus">
    <skipped/>
  </testcase> <!-- @BeforeMethod beforeMethod -->
  <testcase name="@AfterClass afterClass" time="0.0" classname="base.BaseTestSuite">
    <skipped/>
  </testcase> <!-- @AfterClass afterClass -->
  <testcase name="@AfterTest afterTest" time="0.0" classname="base.BaseTestSuite">
    <skipped/>
  </testcase> <!-- @AfterTest afterTest -->
  <testcase name="searchPlusChannelOption" time="0.0" classname="flockClient.searchPlus">
    <skipped/>
  </testcase> <!-- searchPlusChannelOption -->
  <testcase name="searchPlusInviteOption" time="0.0" classname="flockClient.searchPlus">
    <skipped/>
  </testcase> <!-- searchPlusInviteOption -->
  <testcase name="searchPlusJoinChannelOption" time="0.0" classname="flockClient.searchPlus">
    <skipped/>
  </testcase> <!-- searchPlusJoinChannelOption -->
</testsuite> <!-- Firefox Browser -->
