<?xml version="1.0" encoding="UTF-8"?>
<!-- Generated by org.testng.reporters.JUnitXMLReporter -->
<testsuite hostname="MDVLFARZANS" ignored="0" name="Chorme Browser" tests="31" failures="0" timestamp="27 Jun 2017 11:22:17 GMT" time="90.118" errors="0">
  <testcase name="windowTitle" time="0.75" classname="SignIn.FlockSignInDetailed"/>
  <testcase name="languageSwitcher" time="0.969" classname="SignIn.FlockSignInDetailed"/>
  <testcase name="Heading" time="0.729" classname="SignIn.FlockSignInDetailed"/>
  <testcase name="contactSupport" time="22.282" classname="SignIn.FlockSignInDetailed"/>
  <testcase name="subHeading" time="1.223" classname="SignIn.FlockSignInDetailed"/>
  <testcase name="emailPlaceHolder" time="0.837" classname="SignIn.FlockSignInDetailed"/>
  <testcase name="loginButton" time="0.726" classname="SignIn.FlockSignInDetailed"/>
  <testcase name="onbaordingSideBar" time="0.308" classname="SignIn.FlockSignInDetailed"/>
  <testcase name="emailFieldErrorMessage" time="1.502" classname="SignIn.FlockSignInDetailed"/>
  <testcase name="emailFieldErrorMessage" time="1.068" classname="SignIn.FlockSignInDetailed"/>
  <testcase name="emailFieldErrorMessage" time="0.816" classname="SignIn.FlockSignInDetailed"/>
  <testcase name="enterEmail" time="1.055" classname="SignIn.FlockSignInDetailed"/>
  <testcase name="googleAuthHeading" time="0.97" classname="SignIn.FlockSignInDetailed"/>
  <testcase name="googleAuthButton" time="0.281" classname="SignIn.FlockSignInDetailed"/>
  <testcase name="googleAuthSkipButton" time="0.664" classname="SignIn.FlockSignInDetailed"/>
  <testcase name="googleAuthSubHeading" time="0.37" classname="SignIn.FlockSignInDetailed"/>
  <testcase name="googleAuthNote" time="0.245" classname="SignIn.FlockSignInDetailed"/>
  <testcase name="clickSkipGoogleAuth" time="0.544" classname="SignIn.FlockSignInDetailed"/>
  <testcase name="otpHeading" time="0.849" classname="SignIn.FlockSignInDetailed"/>
  <testcase name="otpSubHeading" time="0.34" classname="SignIn.FlockSignInDetailed"/>
  <testcase name="otpPlaceHolder" time="0.206" classname="SignIn.FlockSignInDetailed"/>
  <testcase name="resendOtpText" time="0.426" classname="SignIn.FlockSignInDetailed"/>
  <testcase name="resendOtpHook" time="0.609" classname="SignIn.FlockSignInDetailed"/>
  <testcase name="resendOtpHookClicked" time="0.799" classname="SignIn.FlockSignInDetailed"/>
  <testcase name="checkEditButton" time="6.502" classname="SignIn.FlockSignInDetailed"/>
  <testcase name="verifyButton" time="0.219" classname="SignIn.FlockSignInDetailed"/>
  <testcase name="otpErrorMessage" time="2.735" classname="SignIn.FlockSignInDetailed"/>
  <testcase name="otpErrorMessage" time="2.376" classname="SignIn.FlockSignInDetailed"/>
  <testcase name="otpErrorMessage" time="2.414" classname="SignIn.FlockSignInDetailed"/>
  <testcase name="otpErrorMessage1" time="2.756" classname="SignIn.FlockSignInDetailed"/>
  <testcase name="enterOTP" time="0.325" classname="SignIn.FlockSignInDetailed"/>
</testsuite> <!-- Chorme Browser -->
