<?xml version="1.0" encoding="UTF-8"?>
<!-- Generated by org.testng.reporters.JUnitXMLReporter -->
<testsuite hostname="MDVLFARZANS" ignored="0" name="Firefox Browser" tests="31" failures="0" timestamp="27 Jun 2017 11:22:00 GMT" time="73.207" errors="0">
  <testcase name="windowTitle" time="2.973" classname="SignIn.FlockSignInDetailed"/>
  <testcase name="languageSwitcher" time="6.658" classname="SignIn.FlockSignInDetailed"/>
  <testcase name="Heading" time="0.58" classname="SignIn.FlockSignInDetailed"/>
  <testcase name="contactSupport" time="11.778" classname="SignIn.FlockSignInDetailed"/>
  <testcase name="subHeading" time="0.152" classname="SignIn.FlockSignInDetailed"/>
  <testcase name="emailPlaceHolder" time="0.144" classname="SignIn.FlockSignInDetailed"/>
  <testcase name="loginButton" time="0.124" classname="SignIn.FlockSignInDetailed"/>
  <testcase name="onbaordingSideBar" time="0.037" classname="SignIn.FlockSignInDetailed"/>
  <testcase name="emailFieldErrorMessage" time="0.558" classname="SignIn.FlockSignInDetailed"/>
  <testcase name="emailFieldErrorMessage" time="0.473" classname="SignIn.FlockSignInDetailed"/>
  <testcase name="emailFieldErrorMessage" time="0.717" classname="SignIn.FlockSignInDetailed"/>
  <testcase name="enterEmail" time="0.595" classname="SignIn.FlockSignInDetailed"/>
  <testcase name="googleAuthHeading" time="1.574" classname="SignIn.FlockSignInDetailed"/>
  <testcase name="googleAuthButton" time="0.18" classname="SignIn.FlockSignInDetailed"/>
  <testcase name="googleAuthSkipButton" time="0.133" classname="SignIn.FlockSignInDetailed"/>
  <testcase name="googleAuthSubHeading" time="0.147" classname="SignIn.FlockSignInDetailed"/>
  <testcase name="googleAuthNote" time="0.16" classname="SignIn.FlockSignInDetailed"/>
  <testcase name="clickSkipGoogleAuth" time="0.235" classname="SignIn.FlockSignInDetailed"/>
  <testcase name="otpHeading" time="0.256" classname="SignIn.FlockSignInDetailed"/>
  <testcase name="otpSubHeading" time="0.171" classname="SignIn.FlockSignInDetailed"/>
  <testcase name="otpPlaceHolder" time="0.121" classname="SignIn.FlockSignInDetailed"/>
  <testcase name="resendOtpText" time="0.142" classname="SignIn.FlockSignInDetailed"/>
  <testcase name="resendOtpHook" time="0.157" classname="SignIn.FlockSignInDetailed"/>
  <testcase name="resendOtpHookClicked" time="0.341" classname="SignIn.FlockSignInDetailed"/>
  <testcase name="checkEditButton" time="5.798" classname="SignIn.FlockSignInDetailed"/>
  <testcase name="verifyButton" time="0.177" classname="SignIn.FlockSignInDetailed"/>
  <testcase name="otpErrorMessage" time="2.626" classname="SignIn.FlockSignInDetailed"/>
  <testcase name="otpErrorMessage" time="2.578" classname="SignIn.FlockSignInDetailed"/>
  <testcase name="otpErrorMessage" time="2.617" classname="SignIn.FlockSignInDetailed"/>
  <testcase name="otpErrorMessage1" time="2.535" classname="SignIn.FlockSignInDetailed"/>
  <testcase name="enterOTP" time="0.436" classname="SignIn.FlockSignInDetailed"/>
</testsuite> <!-- Firefox Browser -->
