<?xml version="1.0" encoding="UTF-8"?>
<testng-results skipped="0" failed="0" ignored="0" total="1" passed="1">
  <reporter-output>
    <line>
      <![CDATA[Starting the Suite (onStart Suite): searchPlus]]>
    </line>
    <line>
      <![CDATA[About to begin executing following method (beforeInvocation): flockClient.searchPlus => beforeSuite]]>
    </line>
    <line>
      <![CDATA[Finished executing the following method (afterInvocation): flockClient.searchPlus => beforeSuite]]>
    </line>
    <line>
      <![CDATA[Starting <test> tag with name(onStart Test): Chorme Browser]]>
    </line>
    <line>
      <![CDATA[The following methods from the <test> tag will be executed: ]]>
    </line>
    <line>
      <![CDATA[testMethod]]>
    </line>
    <line>
      <![CDATA[About to begin executing following method (beforeInvocation): flockClient.searchPlus => beforeClass]]>
    </line>
    <line>
      <![CDATA[Finished executing the following method (afterInvocation): flockClient.searchPlus => beforeClass]]>
    </line>
    <line>
      <![CDATA[About to begin executing following method (beforeInvocation): flockClient.searchPlus => beforeMethod]]>
    </line>
    <line>
      <![CDATA[Finished executing the following method (afterInvocation): flockClient.searchPlus => beforeMethod]]>
    </line>
    <line>
      <![CDATA[Starting Test (onTestStart): testMethod]]>
    </line>
    <line>
      <![CDATA[About to begin executing following method (beforeInvocation): flockClient.searchPlus => testMethod]]>
    </line>
    <line>
      <![CDATA[Finished executing the following method (afterInvocation): flockClient.searchPlus => testMethod]]>
    </line>
    <line>
      <![CDATA[Successful Test (onTestSuccess): testMethod]]>
    </line>
    <line>
      <![CDATA[About to begin executing following method (beforeInvocation): flockClient.searchPlus => afterMethod]]>
    </line>
    <line>
      <![CDATA[Finished executing the following method (afterInvocation): flockClient.searchPlus => afterMethod]]>
    </line>
    <line>
      <![CDATA[About to begin executing following method (beforeInvocation): flockClient.searchPlus => afterClass]]>
    </line>
    <line>
      <![CDATA[Finished executing the following method (afterInvocation): flockClient.searchPlus => afterClass]]>
    </line>
    <line>
      <![CDATA[About to begin executing following method (beforeInvocation): flockClient.searchPlus => afterSuite]]>
    </line>
    <line>
      <![CDATA[Finished executing the following method (afterInvocation): flockClient.searchPlus => afterSuite]]>
    </line>
  </reporter-output>
  <suite name="searchPlus" duration-ms="107858" started-at="2017-07-22T11:23:33Z" finished-at="2017-07-22T11:25:21Z">
    <groups>
    </groups>
    <test name="Chorme Browser" duration-ms="107858" started-at="2017-07-22T11:23:33Z" finished-at="2017-07-22T11:25:21Z">
      <class name="flockClient.searchPlus">
        <test-method status="PASS" signature="beforeSuite()[pri:0, instance:flockClient.searchPlus@38102d01]" name="beforeSuite" is-config="true" duration-ms="10" started-at="2017-07-22T16:53:33Z" finished-at="2017-07-22T16:53:33Z">
          <reporter-output>
            <line>
              <![CDATA[Finished executing the following method (afterInvocation): flockClient.searchPlus => beforeSuite]]>
            </line>
          </reporter-output>
        </test-method> <!-- beforeSuite -->
        <test-method status="PASS" signature="beforeClass(java.lang.String)[pri:0, instance:flockClient.searchPlus@38102d01]" name="beforeClass" is-config="true" duration-ms="18255" started-at="2017-07-22T16:53:33Z" finished-at="2017-07-22T16:53:51Z">
          <params>
            <param index="0">
              <value>
                <![CDATA[chrome]]>
              </value>
            </param>
          </params>
          <reporter-output>
            <line>
              <![CDATA[Finished executing the following method (afterInvocation): flockClient.searchPlus => beforeClass]]>
            </line>
          </reporter-output>
        </test-method> <!-- beforeClass -->
        <test-method status="PASS" signature="beforeMethod()[pri:0, instance:flockClient.searchPlus@38102d01]" name="beforeMethod" is-config="true" duration-ms="66891" started-at="2017-07-22T16:53:51Z" finished-at="2017-07-22T16:54:58Z">
          <reporter-output>
            <line>
              <![CDATA[Finished executing the following method (afterInvocation): flockClient.searchPlus => beforeMethod]]>
            </line>
          </reporter-output>
        </test-method> <!-- beforeMethod -->
        <test-method status="PASS" signature="testMethod()[pri:0, instance:flockClient.searchPlus@38102d01]" name="testMethod" duration-ms="7972" started-at="2017-07-22T16:54:58Z" finished-at="2017-07-22T16:55:06Z">
          <reporter-output>
            <line>
              <![CDATA[Starting Test (onTestStart): testMethod]]>
            </line>
            <line>
              <![CDATA[About to begin executing following method (beforeInvocation): flockClient.searchPlus => testMethod]]>
            </line>
            <line>
              <![CDATA[Finished executing the following method (afterInvocation): flockClient.searchPlus => testMethod]]>
            </line>
            <line>
              <![CDATA[Successful Test (onTestSuccess): testMethod]]>
            </line>
            <line>
              <![CDATA[About to begin executing following method (beforeInvocation): flockClient.searchPlus => afterMethod]]>
            </line>
          </reporter-output>
        </test-method> <!-- testMethod -->
        <test-method status="PASS" signature="afterMethod()[pri:0, instance:flockClient.searchPlus@38102d01]" name="afterMethod" is-config="true" duration-ms="10596" started-at="2017-07-22T16:55:06Z" finished-at="2017-07-22T16:55:16Z">
          <reporter-output>
            <line>
              <![CDATA[Finished executing the following method (afterInvocation): flockClient.searchPlus => afterMethod]]>
            </line>
          </reporter-output>
        </test-method> <!-- afterMethod -->
        <test-method status="PASS" signature="afterClass()[pri:0, instance:flockClient.searchPlus@38102d01]" name="afterClass" is-config="true" duration-ms="4115" started-at="2017-07-22T16:55:16Z" finished-at="2017-07-22T16:55:21Z">
          <reporter-output>
            <line>
              <![CDATA[Finished executing the following method (afterInvocation): flockClient.searchPlus => afterClass]]>
            </line>
          </reporter-output>
        </test-method> <!-- afterClass -->
        <test-method status="PASS" signature="afterSuite()[pri:0, instance:flockClient.searchPlus@38102d01]" name="afterSuite" is-config="true" duration-ms="1" started-at="2017-07-22T16:55:21Z" finished-at="2017-07-22T16:55:21Z">
          <reporter-output>
            <line>
              <![CDATA[Finished executing the following method (afterInvocation): flockClient.searchPlus => afterSuite]]>
            </line>
          </reporter-output>
        </test-method> <!-- afterSuite -->
      </class> <!-- flockClient.searchPlus -->
    </test> <!-- Chorme Browser -->
  </suite> <!-- searchPlus -->
</testng-results>
