<?xml version="1.0" encoding="UTF-8"?>
<testng-results skipped="0" failed="0" ignored="0" total="3" passed="3">
  <reporter-output>
    <line>
      <![CDATA[Starting the Suite (onStart Suite): searchPlus]]>
    </line>
    <line>
      <![CDATA[About to begin executing following method (beforeInvocation): flockClient.searchPlus => beforeSuite]]>
    </line>
    <line>
      <![CDATA[Finished executing the following method (afterInvocation): flockClient.searchPlus => beforeSuite]]>
    </line>
    <line>
      <![CDATA[Starting <test> tag with name(onStart Test): Chorme Browser]]>
    </line>
    <line>
      <![CDATA[The following methods from the <test> tag will be executed: ]]>
    </line>
    <line>
      <![CDATA[searchPlusChannelOption]]>
    </line>
    <line>
      <![CDATA[searchPlusInviteOption]]>
    </line>
    <line>
      <![CDATA[searchPlusJoinChannelOption]]>
    </line>
    <line>
      <![CDATA[About to begin executing following method (beforeInvocation): flockClient.searchPlus => beforeTest]]>
    </line>
    <line>
      <![CDATA[Finished executing the following method (afterInvocation): flockClient.searchPlus => beforeTest]]>
    </line>
    <line>
      <![CDATA[About to begin executing following method (beforeInvocation): flockClient.searchPlus => beforeClass]]>
    </line>
    <line>
      <![CDATA[Finished executing the following method (afterInvocation): flockClient.searchPlus => beforeClass]]>
    </line>
    <line>
      <![CDATA[About to begin executing following method (beforeInvocation): flockClient.searchPlus => beforeMethod]]>
    </line>
    <line>
      <![CDATA[Finished executing the following method (afterInvocation): flockClient.searchPlus => beforeMethod]]>
    </line>
    <line>
      <![CDATA[Starting Test (onTestStart): searchPlusChannelOption]]>
    </line>
    <line>
      <![CDATA[About to begin executing following method (beforeInvocation): flockClient.searchPlus => searchPlusChannelOption]]>
    </line>
    <line>
      <![CDATA[Finished executing the following method (afterInvocation): flockClient.searchPlus => searchPlusChannelOption]]>
    </line>
    <line>
      <![CDATA[Successful Test (onTestSuccess): searchPlusChannelOption]]>
    </line>
    <line>
      <![CDATA[About to begin executing following method (beforeInvocation): flockClient.searchPlus => beforeMethod]]>
    </line>
    <line>
      <![CDATA[Finished executing the following method (afterInvocation): flockClient.searchPlus => beforeMethod]]>
    </line>
    <line>
      <![CDATA[Starting Test (onTestStart): searchPlusInviteOption]]>
    </line>
    <line>
      <![CDATA[About to begin executing following method (beforeInvocation): flockClient.searchPlus => searchPlusInviteOption]]>
    </line>
    <line>
      <![CDATA[Finished executing the following method (afterInvocation): flockClient.searchPlus => searchPlusInviteOption]]>
    </line>
    <line>
      <![CDATA[Successful Test (onTestSuccess): searchPlusInviteOption]]>
    </line>
    <line>
      <![CDATA[About to begin executing following method (beforeInvocation): flockClient.searchPlus => beforeMethod]]>
    </line>
    <line>
      <![CDATA[Finished executing the following method (afterInvocation): flockClient.searchPlus => beforeMethod]]>
    </line>
    <line>
      <![CDATA[Starting Test (onTestStart): searchPlusJoinChannelOption]]>
    </line>
    <line>
      <![CDATA[About to begin executing following method (beforeInvocation): flockClient.searchPlus => searchPlusJoinChannelOption]]>
    </line>
    <line>
      <![CDATA[Finished executing the following method (afterInvocation): flockClient.searchPlus => searchPlusJoinChannelOption]]>
    </line>
    <line>
      <![CDATA[Successful Test (onTestSuccess): searchPlusJoinChannelOption]]>
    </line>
    <line>
      <![CDATA[About to begin executing following method (beforeInvocation): flockClient.searchPlus => afterClass]]>
    </line>
    <line>
      <![CDATA[Finished executing the following method (afterInvocation): flockClient.searchPlus => afterClass]]>
    </line>
    <line>
      <![CDATA[About to begin executing following method (beforeInvocation): flockClient.searchPlus => afterTest]]>
    </line>
    <line>
      <![CDATA[Finished executing the following method (afterInvocation): flockClient.searchPlus => afterTest]]>
    </line>
    <line>
      <![CDATA[About to begin executing following method (beforeInvocation): flockClient.searchPlus => afterSuite]]>
    </line>
    <line>
      <![CDATA[Finished executing the following method (afterInvocation): flockClient.searchPlus => afterSuite]]>
    </line>
  </reporter-output>
  <suite name="searchPlus" duration-ms="110515" started-at="2017-08-09T11:37:54Z" finished-at="2017-08-09T11:39:44Z">
    <groups>
    </groups>
    <test name="Chorme Browser" duration-ms="110515" started-at="2017-08-09T11:37:54Z" finished-at="2017-08-09T11:39:44Z">
      <class name="flockClient.searchPlus">
        <test-method status="PASS" signature="beforeSuite()[pri:0, instance:flockClient.searchPlus@21b2e768]" name="beforeSuite" is-config="true" duration-ms="0" started-at="2017-08-09T17:07:54Z" finished-at="2017-08-09T17:07:54Z">
          <reporter-output>
            <line>
              <![CDATA[Finished executing the following method (afterInvocation): flockClient.searchPlus => beforeSuite]]>
            </line>
          </reporter-output>
        </test-method> <!-- beforeSuite -->
        <test-method status="PASS" signature="beforeTest(java.lang.String)[pri:0, instance:flockClient.searchPlus@21b2e768]" name="beforeTest" is-config="true" duration-ms="11112" started-at="2017-08-09T17:07:54Z" finished-at="2017-08-09T17:08:05Z">
          <params>
            <param index="0">
              <value>
                <![CDATA[chrome]]>
              </value>
            </param>
          </params>
          <reporter-output>
            <line>
              <![CDATA[Finished executing the following method (afterInvocation): flockClient.searchPlus => beforeTest]]>
            </line>
          </reporter-output>
        </test-method> <!-- beforeTest -->
        <test-method status="PASS" signature="beforeClass()[pri:0, instance:flockClient.searchPlus@21b2e768]" name="beforeClass" is-config="true" duration-ms="74710" started-at="2017-08-09T17:08:05Z" finished-at="2017-08-09T17:09:20Z">
          <reporter-output>
            <line>
              <![CDATA[Finished executing the following method (afterInvocation): flockClient.searchPlus => beforeClass]]>
            </line>
          </reporter-output>
        </test-method> <!-- beforeClass -->
        <test-method status="PASS" signature="beforeMethod()[pri:0, instance:flockClient.searchPlus@21b2e768]" name="beforeMethod" is-config="true" duration-ms="1" started-at="2017-08-09T17:09:20Z" finished-at="2017-08-09T17:09:20Z">
          <reporter-output>
            <line>
              <![CDATA[Finished executing the following method (afterInvocation): flockClient.searchPlus => beforeMethod]]>
            </line>
          </reporter-output>
        </test-method> <!-- beforeMethod -->
        <test-method status="PASS" signature="searchPlusChannelOption()[pri:1, instance:flockClient.searchPlus@21b2e768]" name="searchPlusChannelOption" duration-ms="2955" started-at="2017-08-09T17:09:20Z" finished-at="2017-08-09T17:09:23Z">
          <reporter-output>
            <line>
              <![CDATA[Starting Test (onTestStart): searchPlusChannelOption]]>
            </line>
            <line>
              <![CDATA[About to begin executing following method (beforeInvocation): flockClient.searchPlus => searchPlusChannelOption]]>
            </line>
            <line>
              <![CDATA[Finished executing the following method (afterInvocation): flockClient.searchPlus => searchPlusChannelOption]]>
            </line>
            <line>
              <![CDATA[Successful Test (onTestSuccess): searchPlusChannelOption]]>
            </line>
          </reporter-output>
        </test-method> <!-- searchPlusChannelOption -->
        <test-method status="PASS" signature="beforeMethod()[pri:0, instance:flockClient.searchPlus@21b2e768]" name="beforeMethod" is-config="true" duration-ms="0" started-at="2017-08-09T17:09:23Z" finished-at="2017-08-09T17:09:23Z">
          <reporter-output>
            <line>
              <![CDATA[Finished executing the following method (afterInvocation): flockClient.searchPlus => beforeMethod]]>
            </line>
          </reporter-output>
        </test-method> <!-- beforeMethod -->
        <test-method status="PASS" signature="searchPlusInviteOption()[pri:2, instance:flockClient.searchPlus@21b2e768]" name="searchPlusInviteOption" duration-ms="3863" started-at="2017-08-09T17:09:23Z" finished-at="2017-08-09T17:09:27Z">
          <reporter-output>
            <line>
              <![CDATA[Starting Test (onTestStart): searchPlusInviteOption]]>
            </line>
            <line>
              <![CDATA[About to begin executing following method (beforeInvocation): flockClient.searchPlus => searchPlusInviteOption]]>
            </line>
            <line>
              <![CDATA[Finished executing the following method (afterInvocation): flockClient.searchPlus => searchPlusInviteOption]]>
            </line>
            <line>
              <![CDATA[Successful Test (onTestSuccess): searchPlusInviteOption]]>
            </line>
          </reporter-output>
        </test-method> <!-- searchPlusInviteOption -->
        <test-method status="PASS" signature="beforeMethod()[pri:0, instance:flockClient.searchPlus@21b2e768]" name="beforeMethod" is-config="true" duration-ms="1" started-at="2017-08-09T17:09:27Z" finished-at="2017-08-09T17:09:27Z">
          <reporter-output>
            <line>
              <![CDATA[Finished executing the following method (afterInvocation): flockClient.searchPlus => beforeMethod]]>
            </line>
          </reporter-output>
        </test-method> <!-- beforeMethod -->
        <test-method status="PASS" signature="searchPlusJoinChannelOption()[pri:3, instance:flockClient.searchPlus@21b2e768]" name="searchPlusJoinChannelOption" duration-ms="3722" started-at="2017-08-09T17:09:27Z" finished-at="2017-08-09T17:09:30Z">
          <reporter-output>
            <line>
              <![CDATA[Starting Test (onTestStart): searchPlusJoinChannelOption]]>
            </line>
            <line>
              <![CDATA[About to begin executing following method (beforeInvocation): flockClient.searchPlus => searchPlusJoinChannelOption]]>
            </line>
            <line>
              <![CDATA[Finished executing the following method (afterInvocation): flockClient.searchPlus => searchPlusJoinChannelOption]]>
            </line>
            <line>
              <![CDATA[Successful Test (onTestSuccess): searchPlusJoinChannelOption]]>
            </line>
          </reporter-output>
        </test-method> <!-- searchPlusJoinChannelOption -->
        <test-method status="PASS" signature="afterClass()[pri:0, instance:flockClient.searchPlus@21b2e768]" name="afterClass" is-config="true" duration-ms="8898" started-at="2017-08-09T17:09:30Z" finished-at="2017-08-09T17:09:39Z">
          <reporter-output>
            <line>
              <![CDATA[Finished executing the following method (afterInvocation): flockClient.searchPlus => afterClass]]>
            </line>
          </reporter-output>
        </test-method> <!-- afterClass -->
        <test-method status="PASS" signature="afterTest()[pri:0, instance:flockClient.searchPlus@21b2e768]" name="afterTest" is-config="true" duration-ms="5217" started-at="2017-08-09T17:09:39Z" finished-at="2017-08-09T17:09:44Z">
          <reporter-output>
            <line>
              <![CDATA[Finished executing the following method (afterInvocation): flockClient.searchPlus => afterTest]]>
            </line>
          </reporter-output>
        </test-method> <!-- afterTest -->
        <test-method status="PASS" signature="afterSuite()[pri:0, instance:flockClient.searchPlus@21b2e768]" name="afterSuite" is-config="true" duration-ms="0" started-at="2017-08-09T17:09:44Z" finished-at="2017-08-09T17:09:44Z">
          <reporter-output>
            <line>
              <![CDATA[Finished executing the following method (afterInvocation): flockClient.searchPlus => afterSuite]]>
            </line>
          </reporter-output>
        </test-method> <!-- afterSuite -->
      </class> <!-- flockClient.searchPlus -->
    </test> <!-- Chorme Browser -->
  </suite> <!-- searchPlus -->
</testng-results>
