<?xml version="1.0" encoding="UTF-8"?>
<testng-results skipped="0" failed="0" ignored="0" total="2" passed="2">
  <reporter-output>
    <line>
      <![CDATA[onStart Suite - About to begin executing Suite StartChat]]>
    </line>
    <line>
      <![CDATA[beforeInvocation - About to begin executing following method : BaseTestSuite.beforeSuite]]>
    </line>
    <line>
      <![CDATA[afterIncovation - Completed executing following method : BaseTestSuite.beforeSuite]]>
    </line>
    <line>
      <![CDATA[onStart Test - About to begin executing Test set Chorme Browser]]>
    </line>
    <line>
      <![CDATA[beforeInvocation - About to begin executing following method : BaseTestSuite.beforeClass]]>
    </line>
    <line>
      <![CDATA[afterIncovation - Completed executing following method : BaseTestSuite.beforeClass]]>
    </line>
    <line>
      <![CDATA[onStart Test - About to begin executing Test set Firefox Browser]]>
    </line>
    <line>
      <![CDATA[beforeInvocation - About to begin executing following method : BaseTestSuite.beforeClass]]>
    </line>
    <line>
      <![CDATA[afterIncovation - Completed executing following method : BaseTestSuite.beforeClass]]>
    </line>
    <line>
      <![CDATA[beforeInvocation - About to begin executing following method : startChat.beforeMethod]]>
    </line>
    <line>
      <![CDATA[afterIncovation - Completed executing following method : startChat.beforeMethod]]>
    </line>
    <line>
      <![CDATA[beforeInvocation - About to begin executing following method : startChat.f]]>
    </line>
    <line>
      <![CDATA[afterIncovation - Completed executing following method : startChat.f]]>
    </line>
    <line>
      <![CDATA[beforeInvocation - About to begin executing following method : startChat.afterMethod]]>
    </line>
    <line>
      <![CDATA[afterIncovation - Completed executing following method : startChat.afterMethod]]>
    </line>
    <line>
      <![CDATA[beforeInvocation - About to begin executing following method : BaseTestSuite.afterClass]]>
    </line>
    <line>
      <![CDATA[afterIncovation - Completed executing following method : BaseTestSuite.afterClass]]>
    </line>
    <line>
      <![CDATA[beforeInvocation - About to begin executing following method : startChat.beforeMethod]]>
    </line>
    <line>
      <![CDATA[afterIncovation - Completed executing following method : startChat.beforeMethod]]>
    </line>
    <line>
      <![CDATA[beforeInvocation - About to begin executing following method : startChat.f]]>
    </line>
    <line>
      <![CDATA[afterIncovation - Completed executing following method : startChat.f]]>
    </line>
    <line>
      <![CDATA[beforeInvocation - About to begin executing following method : startChat.afterMethod]]>
    </line>
    <line>
      <![CDATA[afterIncovation - Completed executing following method : startChat.afterMethod]]>
    </line>
    <line>
      <![CDATA[beforeInvocation - About to begin executing following method : BaseTestSuite.afterClass]]>
    </line>
    <line>
      <![CDATA[afterIncovation - Completed executing following method : BaseTestSuite.afterClass]]>
    </line>
    <line>
      <![CDATA[beforeInvocation - About to begin executing following method : BaseTestSuite.afterSuite]]>
    </line>
    <line>
      <![CDATA[afterIncovation - Completed executing following method : BaseTestSuite.afterSuite]]>
    </line>
  </reporter-output>
  <suite name="StartChat" duration-ms="83504" started-at="2017-07-11T12:47:21Z" finished-at="2017-07-11T12:48:44Z">
    <groups>
    </groups>
    <test name="Firefox Browser" duration-ms="65625" started-at="2017-07-11T12:47:21Z" finished-at="2017-07-11T12:48:26Z">
      <class name="flockClient.startChat">
        <test-method status="PASS" signature="beforeClass(java.lang.String)[pri:0, instance:flockClient.startChat@29774679]" name="beforeClass" is-config="true" duration-ms="26882" started-at="2017-07-11T18:17:21Z" finished-at="2017-07-11T18:17:48Z">
          <params>
            <param index="0">
              <value>
                <![CDATA[firefox]]>
              </value>
            </param>
          </params>
          <reporter-output>
            <line>
              <![CDATA[afterIncovation - Completed executing following method : BaseTestSuite.beforeClass]]>
            </line>
          </reporter-output>
        </test-method> <!-- beforeClass -->
        <test-method status="PASS" signature="beforeMethod()[pri:0, instance:flockClient.startChat@29774679]" name="beforeMethod" is-config="true" duration-ms="34637" started-at="2017-07-11T18:17:48Z" finished-at="2017-07-11T18:18:22Z">
          <reporter-output>
            <line>
              <![CDATA[afterIncovation - Completed executing following method : startChat.beforeMethod]]>
            </line>
          </reporter-output>
        </test-method> <!-- beforeMethod -->
        <test-method status="PASS" signature="f()[pri:0, instance:flockClient.startChat@29774679]" name="f" duration-ms="12" started-at="2017-07-11T18:18:22Z" finished-at="2017-07-11T18:18:22Z">
          <reporter-output>
            <line>
              <![CDATA[beforeInvocation - About to begin executing following method : startChat.f]]>
            </line>
            <line>
              <![CDATA[afterIncovation - Completed executing following method : startChat.f]]>
            </line>
            <line>
              <![CDATA[beforeInvocation - About to begin executing following method : startChat.afterMethod]]>
            </line>
          </reporter-output>
        </test-method> <!-- f -->
        <test-method status="PASS" signature="afterMethod()[pri:0, instance:flockClient.startChat@29774679]" name="afterMethod" is-config="true" duration-ms="1" started-at="2017-07-11T18:18:22Z" finished-at="2017-07-11T18:18:22Z">
          <reporter-output>
            <line>
              <![CDATA[afterIncovation - Completed executing following method : startChat.afterMethod]]>
            </line>
          </reporter-output>
        </test-method> <!-- afterMethod -->
        <test-method status="PASS" signature="afterClass()[pri:0, instance:flockClient.startChat@29774679]" name="afterClass" is-config="true" duration-ms="4064" started-at="2017-07-11T18:18:22Z" finished-at="2017-07-11T18:18:26Z">
          <reporter-output>
            <line>
              <![CDATA[afterIncovation - Completed executing following method : BaseTestSuite.afterClass]]>
            </line>
          </reporter-output>
        </test-method> <!-- afterClass -->
      </class> <!-- flockClient.startChat -->
    </test> <!-- Firefox Browser -->
    <test name="Chorme Browser" duration-ms="83504" started-at="2017-07-11T12:47:21Z" finished-at="2017-07-11T12:48:44Z">
      <class name="flockClient.startChat">
        <test-method status="PASS" signature="beforeSuite()[pri:0, instance:flockClient.startChat@57baeedf]" name="beforeSuite" is-config="true" duration-ms="32" started-at="2017-07-11T18:17:21Z" finished-at="2017-07-11T18:17:21Z">
          <reporter-output>
            <line>
              <![CDATA[afterIncovation - Completed executing following method : BaseTestSuite.beforeSuite]]>
            </line>
          </reporter-output>
        </test-method> <!-- beforeSuite -->
        <test-method status="PASS" signature="beforeClass(java.lang.String)[pri:0, instance:flockClient.startChat@57baeedf]" name="beforeClass" is-config="true" duration-ms="24012" started-at="2017-07-11T18:17:21Z" finished-at="2017-07-11T18:17:45Z">
          <params>
            <param index="0">
              <value>
                <![CDATA[chrome]]>
              </value>
            </param>
          </params>
          <reporter-output>
            <line>
              <![CDATA[afterIncovation - Completed executing following method : BaseTestSuite.beforeClass]]>
            </line>
          </reporter-output>
        </test-method> <!-- beforeClass -->
        <test-method status="PASS" signature="beforeMethod()[pri:0, instance:flockClient.startChat@57baeedf]" name="beforeMethod" is-config="true" duration-ms="55471" started-at="2017-07-11T18:17:45Z" finished-at="2017-07-11T18:18:40Z">
          <reporter-output>
            <line>
              <![CDATA[afterIncovation - Completed executing following method : startChat.beforeMethod]]>
            </line>
          </reporter-output>
        </test-method> <!-- beforeMethod -->
        <test-method status="PASS" signature="f()[pri:0, instance:flockClient.startChat@57baeedf]" name="f" duration-ms="4" started-at="2017-07-11T18:18:40Z" finished-at="2017-07-11T18:18:40Z">
          <reporter-output>
            <line>
              <![CDATA[beforeInvocation - About to begin executing following method : startChat.f]]>
            </line>
            <line>
              <![CDATA[afterIncovation - Completed executing following method : startChat.f]]>
            </line>
            <line>
              <![CDATA[beforeInvocation - About to begin executing following method : startChat.afterMethod]]>
            </line>
          </reporter-output>
        </test-method> <!-- f -->
        <test-method status="PASS" signature="afterMethod()[pri:0, instance:flockClient.startChat@57baeedf]" name="afterMethod" is-config="true" duration-ms="1" started-at="2017-07-11T18:18:40Z" finished-at="2017-07-11T18:18:40Z">
          <reporter-output>
            <line>
              <![CDATA[afterIncovation - Completed executing following method : startChat.afterMethod]]>
            </line>
          </reporter-output>
        </test-method> <!-- afterMethod -->
        <test-method status="PASS" signature="afterClass()[pri:0, instance:flockClient.startChat@57baeedf]" name="afterClass" is-config="true" duration-ms="3976" started-at="2017-07-11T18:18:40Z" finished-at="2017-07-11T18:18:44Z">
          <reporter-output>
            <line>
              <![CDATA[afterIncovation - Completed executing following method : BaseTestSuite.afterClass]]>
            </line>
          </reporter-output>
        </test-method> <!-- afterClass -->
        <test-method status="PASS" signature="afterSuite()[pri:0, instance:flockClient.startChat@57baeedf]" name="afterSuite" is-config="true" duration-ms="1" started-at="2017-07-11T18:18:44Z" finished-at="2017-07-11T18:18:44Z">
          <reporter-output>
            <line>
              <![CDATA[afterIncovation - Completed executing following method : BaseTestSuite.afterSuite]]>
            </line>
          </reporter-output>
        </test-method> <!-- afterSuite -->
      </class> <!-- flockClient.startChat -->
    </test> <!-- Chorme Browser -->
  </suite> <!-- StartChat -->
</testng-results>
