<?xml version="1.0" encoding="UTF-8"?>
<testng-results skipped="0" failed="0" ignored="0" total="62" passed="62">
  <reporter-output>
    <line>
      <![CDATA[onStart Suite - About to begin executing Suite MultiBrowser]]>
    </line>
    <line>
      <![CDATA[beforeInvocation - About to begin executing following method : BaseTestSuite.beforeSuite]]>
    </line>
    <line>
      <![CDATA[afterIncovation - Completed executing following method : BaseTestSuite.beforeSuite]]>
    </line>
    <line>
      <![CDATA[onStart Test - About to begin executing Test set Firefox Browser]]>
    </line>
    <line>
      <![CDATA[beforeInvocation - About to begin executing following method : BaseTestSuite.beforeClass]]>
    </line>
    <line>
      <![CDATA[afterIncovation - Completed executing following method : BaseTestSuite.beforeClass]]>
    </line>
    <line>
      <![CDATA[beforeInvocation - About to begin executing following method : FlockSignInDetailed.beforeMethod]]>
    </line>
    <line>
      <![CDATA[afterIncovation - Completed executing following method : FlockSignInDetailed.beforeMethod]]>
    </line>
    <line>
      <![CDATA[beforeInvocation - About to begin executing following method : FlockSignInDetailed.windowTitle]]>
    </line>
    <line>
      <![CDATA[afterIncovation - Completed executing following method : FlockSignInDetailed.windowTitle]]>
    </line>
    <line>
      <![CDATA[onStart Test - About to begin executing Test set Chorme Browser]]>
    </line>
    <line>
      <![CDATA[beforeInvocation - About to begin executing following method : BaseTestSuite.beforeClass]]>
    </line>
    <line>
      <![CDATA[afterIncovation - Completed executing following method : BaseTestSuite.beforeClass]]>
    </line>
    <line>
      <![CDATA[beforeInvocation - About to begin executing following method : FlockSignInDetailed.beforeMethod]]>
    </line>
    <line>
      <![CDATA[afterIncovation - Completed executing following method : FlockSignInDetailed.beforeMethod]]>
    </line>
    <line>
      <![CDATA[beforeInvocation - About to begin executing following method : FlockSignInDetailed.windowTitle]]>
    </line>
    <line>
      <![CDATA[afterIncovation - Completed executing following method : FlockSignInDetailed.windowTitle]]>
    </line>
    <line>
      <![CDATA[Test Method resides in SignIn.FlockSignInDetailed]]>
    </line>
    <line>
      <![CDATA[Test Status: Pass]]>
    </line>
    <line>
      <![CDATA[beforeInvocation - About to begin executing following method : FlockSignInDetailed.afterMethod]]>
    </line>
    <line>
      <![CDATA[afterIncovation - Completed executing following method : FlockSignInDetailed.afterMethod]]>
    </line>
    <line>
      <![CDATA[beforeInvocation - About to begin executing following method : FlockSignInDetailed.beforeMethod]]>
    </line>
    <line>
      <![CDATA[afterIncovation - Completed executing following method : FlockSignInDetailed.beforeMethod]]>
    </line>
    <line>
      <![CDATA[beforeInvocation - About to begin executing following method : FlockSignInDetailed.languageSwitcher]]>
    </line>
    <line>
      <![CDATA[Test Method resides in SignIn.FlockSignInDetailed]]>
    </line>
    <line>
      <![CDATA[Test Status: Pass]]>
    </line>
    <line>
      <![CDATA[beforeInvocation - About to begin executing following method : FlockSignInDetailed.afterMethod]]>
    </line>
    <line>
      <![CDATA[afterIncovation - Completed executing following method : FlockSignInDetailed.afterMethod]]>
    </line>
    <line>
      <![CDATA[beforeInvocation - About to begin executing following method : FlockSignInDetailed.beforeMethod]]>
    </line>
    <line>
      <![CDATA[afterIncovation - Completed executing following method : FlockSignInDetailed.beforeMethod]]>
    </line>
    <line>
      <![CDATA[beforeInvocation - About to begin executing following method : FlockSignInDetailed.languageSwitcher]]>
    </line>
    <line>
      <![CDATA[afterIncovation - Completed executing following method : FlockSignInDetailed.languageSwitcher]]>
    </line>
    <line>
      <![CDATA[Test Method resides in SignIn.FlockSignInDetailed]]>
    </line>
    <line>
      <![CDATA[Test Status: Pass]]>
    </line>
    <line>
      <![CDATA[beforeInvocation - About to begin executing following method : FlockSignInDetailed.afterMethod]]>
    </line>
    <line>
      <![CDATA[afterIncovation - Completed executing following method : FlockSignInDetailed.afterMethod]]>
    </line>
    <line>
      <![CDATA[beforeInvocation - About to begin executing following method : FlockSignInDetailed.beforeMethod]]>
    </line>
    <line>
      <![CDATA[afterIncovation - Completed executing following method : FlockSignInDetailed.beforeMethod]]>
    </line>
    <line>
      <![CDATA[beforeInvocation - About to begin executing following method : FlockSignInDetailed.Heading]]>
    </line>
    <line>
      <![CDATA[afterIncovation - Completed executing following method : FlockSignInDetailed.Heading]]>
    </line>
    <line>
      <![CDATA[Test Method resides in SignIn.FlockSignInDetailed]]>
    </line>
    <line>
      <![CDATA[Test Status: Pass]]>
    </line>
    <line>
      <![CDATA[beforeInvocation - About to begin executing following method : FlockSignInDetailed.afterMethod]]>
    </line>
    <line>
      <![CDATA[afterIncovation - Completed executing following method : FlockSignInDetailed.afterMethod]]>
    </line>
    <line>
      <![CDATA[beforeInvocation - About to begin executing following method : FlockSignInDetailed.beforeMethod]]>
    </line>
    <line>
      <![CDATA[afterIncovation - Completed executing following method : FlockSignInDetailed.beforeMethod]]>
    </line>
    <line>
      <![CDATA[beforeInvocation - About to begin executing following method : FlockSignInDetailed.contactSupport]]>
    </line>
    <line>
      <![CDATA[afterIncovation - Completed executing following method : FlockSignInDetailed.languageSwitcher]]>
    </line>
    <line>
      <![CDATA[Test Method resides in SignIn.FlockSignInDetailed]]>
    </line>
    <line>
      <![CDATA[Test Status: Pass]]>
    </line>
    <line>
      <![CDATA[beforeInvocation - About to begin executing following method : FlockSignInDetailed.afterMethod]]>
    </line>
    <line>
      <![CDATA[afterIncovation - Completed executing following method : FlockSignInDetailed.afterMethod]]>
    </line>
    <line>
      <![CDATA[beforeInvocation - About to begin executing following method : FlockSignInDetailed.beforeMethod]]>
    </line>
    <line>
      <![CDATA[afterIncovation - Completed executing following method : FlockSignInDetailed.beforeMethod]]>
    </line>
    <line>
      <![CDATA[beforeInvocation - About to begin executing following method : FlockSignInDetailed.Heading]]>
    </line>
    <line>
      <![CDATA[afterIncovation - Completed executing following method : FlockSignInDetailed.Heading]]>
    </line>
    <line>
      <![CDATA[Test Method resides in SignIn.FlockSignInDetailed]]>
    </line>
    <line>
      <![CDATA[Test Status: Pass]]>
    </line>
    <line>
      <![CDATA[beforeInvocation - About to begin executing following method : FlockSignInDetailed.afterMethod]]>
    </line>
    <line>
      <![CDATA[afterIncovation - Completed executing following method : FlockSignInDetailed.afterMethod]]>
    </line>
    <line>
      <![CDATA[beforeInvocation - About to begin executing following method : FlockSignInDetailed.beforeMethod]]>
    </line>
    <line>
      <![CDATA[afterIncovation - Completed executing following method : FlockSignInDetailed.beforeMethod]]>
    </line>
    <line>
      <![CDATA[beforeInvocation - About to begin executing following method : FlockSignInDetailed.contactSupport]]>
    </line>
    <line>
      <![CDATA[afterIncovation - Completed executing following method : FlockSignInDetailed.contactSupport]]>
    </line>
    <line>
      <![CDATA[Test Method resides in SignIn.FlockSignInDetailed]]>
    </line>
    <line>
      <![CDATA[Test Status: Pass]]>
    </line>
    <line>
      <![CDATA[beforeInvocation - About to begin executing following method : FlockSignInDetailed.afterMethod]]>
    </line>
    <line>
      <![CDATA[afterIncovation - Completed executing following method : FlockSignInDetailed.afterMethod]]>
    </line>
    <line>
      <![CDATA[beforeInvocation - About to begin executing following method : FlockSignInDetailed.beforeMethod]]>
    </line>
    <line>
      <![CDATA[afterIncovation - Completed executing following method : FlockSignInDetailed.beforeMethod]]>
    </line>
    <line>
      <![CDATA[beforeInvocation - About to begin executing following method : FlockSignInDetailed.subHeading]]>
    </line>
    <line>
      <![CDATA[afterIncovation - Completed executing following method : FlockSignInDetailed.subHeading]]>
    </line>
    <line>
      <![CDATA[Test Method resides in SignIn.FlockSignInDetailed]]>
    </line>
    <line>
      <![CDATA[Test Status: Pass]]>
    </line>
    <line>
      <![CDATA[beforeInvocation - About to begin executing following method : FlockSignInDetailed.afterMethod]]>
    </line>
    <line>
      <![CDATA[afterIncovation - Completed executing following method : FlockSignInDetailed.afterMethod]]>
    </line>
    <line>
      <![CDATA[beforeInvocation - About to begin executing following method : FlockSignInDetailed.beforeMethod]]>
    </line>
    <line>
      <![CDATA[afterIncovation - Completed executing following method : FlockSignInDetailed.beforeMethod]]>
    </line>
    <line>
      <![CDATA[beforeInvocation - About to begin executing following method : FlockSignInDetailed.emailPlaceHolder]]>
    </line>
    <line>
      <![CDATA[afterIncovation - Completed executing following method : FlockSignInDetailed.emailPlaceHolder]]>
    </line>
    <line>
      <![CDATA[Test Method resides in SignIn.FlockSignInDetailed]]>
    </line>
    <line>
      <![CDATA[Test Status: Pass]]>
    </line>
    <line>
      <![CDATA[beforeInvocation - About to begin executing following method : FlockSignInDetailed.afterMethod]]>
    </line>
    <line>
      <![CDATA[afterIncovation - Completed executing following method : FlockSignInDetailed.afterMethod]]>
    </line>
    <line>
      <![CDATA[beforeInvocation - About to begin executing following method : FlockSignInDetailed.beforeMethod]]>
    </line>
    <line>
      <![CDATA[afterIncovation - Completed executing following method : FlockSignInDetailed.beforeMethod]]>
    </line>
    <line>
      <![CDATA[beforeInvocation - About to begin executing following method : FlockSignInDetailed.loginButton]]>
    </line>
    <line>
      <![CDATA[afterIncovation - Completed executing following method : FlockSignInDetailed.loginButton]]>
    </line>
    <line>
      <![CDATA[Test Method resides in SignIn.FlockSignInDetailed]]>
    </line>
    <line>
      <![CDATA[Test Status: Pass]]>
    </line>
    <line>
      <![CDATA[beforeInvocation - About to begin executing following method : FlockSignInDetailed.afterMethod]]>
    </line>
    <line>
      <![CDATA[afterIncovation - Completed executing following method : FlockSignInDetailed.afterMethod]]>
    </line>
    <line>
      <![CDATA[beforeInvocation - About to begin executing following method : FlockSignInDetailed.beforeMethod]]>
    </line>
    <line>
      <![CDATA[afterIncovation - Completed executing following method : FlockSignInDetailed.beforeMethod]]>
    </line>
    <line>
      <![CDATA[beforeInvocation - About to begin executing following method : FlockSignInDetailed.onbaordingSideBar]]>
    </line>
    <line>
      <![CDATA[afterIncovation - Completed executing following method : FlockSignInDetailed.onbaordingSideBar]]>
    </line>
    <line>
      <![CDATA[Test Method resides in SignIn.FlockSignInDetailed]]>
    </line>
    <line>
      <![CDATA[Test Status: Pass]]>
    </line>
    <line>
      <![CDATA[beforeInvocation - About to begin executing following method : FlockSignInDetailed.afterMethod]]>
    </line>
    <line>
      <![CDATA[afterIncovation - Completed executing following method : FlockSignInDetailed.afterMethod]]>
    </line>
    <line>
      <![CDATA[beforeInvocation - About to begin executing following method : FlockSignInDetailed.beforeMethod]]>
    </line>
    <line>
      <![CDATA[afterIncovation - Completed executing following method : FlockSignInDetailed.beforeMethod]]>
    </line>
    <line>
      <![CDATA[beforeInvocation - About to begin executing following method : FlockSignInDetailed.emailFieldErrorMessage]]>
    </line>
    <line>
      <![CDATA[afterIncovation - Completed executing following method : FlockSignInDetailed.emailFieldErrorMessage]]>
    </line>
    <line>
      <![CDATA[Test Method resides in SignIn.FlockSignInDetailed]]>
    </line>
    <line>
      <![CDATA[Test Status: Pass]]>
    </line>
    <line>
      <![CDATA[beforeInvocation - About to begin executing following method : FlockSignInDetailed.afterMethod]]>
    </line>
    <line>
      <![CDATA[afterIncovation - Completed executing following method : FlockSignInDetailed.afterMethod]]>
    </line>
    <line>
      <![CDATA[beforeInvocation - About to begin executing following method : FlockSignInDetailed.beforeMethod]]>
    </line>
    <line>
      <![CDATA[afterIncovation - Completed executing following method : FlockSignInDetailed.beforeMethod]]>
    </line>
    <line>
      <![CDATA[beforeInvocation - About to begin executing following method : FlockSignInDetailed.emailFieldErrorMessage]]>
    </line>
    <line>
      <![CDATA[afterIncovation - Completed executing following method : FlockSignInDetailed.emailFieldErrorMessage]]>
    </line>
    <line>
      <![CDATA[Test Method resides in SignIn.FlockSignInDetailed]]>
    </line>
    <line>
      <![CDATA[Test Status: Pass]]>
    </line>
    <line>
      <![CDATA[beforeInvocation - About to begin executing following method : FlockSignInDetailed.afterMethod]]>
    </line>
    <line>
      <![CDATA[afterIncovation - Completed executing following method : FlockSignInDetailed.afterMethod]]>
    </line>
    <line>
      <![CDATA[beforeInvocation - About to begin executing following method : FlockSignInDetailed.beforeMethod]]>
    </line>
    <line>
      <![CDATA[afterIncovation - Completed executing following method : FlockSignInDetailed.beforeMethod]]>
    </line>
    <line>
      <![CDATA[beforeInvocation - About to begin executing following method : FlockSignInDetailed.emailFieldErrorMessage]]>
    </line>
    <line>
      <![CDATA[afterIncovation - Completed executing following method : FlockSignInDetailed.emailFieldErrorMessage]]>
    </line>
    <line>
      <![CDATA[Test Method resides in SignIn.FlockSignInDetailed]]>
    </line>
    <line>
      <![CDATA[Test Status: Pass]]>
    </line>
    <line>
      <![CDATA[beforeInvocation - About to begin executing following method : FlockSignInDetailed.afterMethod]]>
    </line>
    <line>
      <![CDATA[afterIncovation - Completed executing following method : FlockSignInDetailed.afterMethod]]>
    </line>
    <line>
      <![CDATA[beforeInvocation - About to begin executing following method : FlockSignInDetailed.beforeMethod]]>
    </line>
    <line>
      <![CDATA[afterIncovation - Completed executing following method : FlockSignInDetailed.beforeMethod]]>
    </line>
    <line>
      <![CDATA[beforeInvocation - About to begin executing following method : FlockSignInDetailed.enterEmail]]>
    </line>
    <line>
      <![CDATA[afterIncovation - Completed executing following method : FlockSignInDetailed.enterEmail]]>
    </line>
    <line>
      <![CDATA[Test Method resides in SignIn.FlockSignInDetailed]]>
    </line>
    <line>
      <![CDATA[Test Status: Pass]]>
    </line>
    <line>
      <![CDATA[beforeInvocation - About to begin executing following method : FlockSignInDetailed.afterMethod]]>
    </line>
    <line>
      <![CDATA[afterIncovation - Completed executing following method : FlockSignInDetailed.afterMethod]]>
    </line>
    <line>
      <![CDATA[beforeInvocation - About to begin executing following method : FlockSignInDetailed.beforeMethod]]>
    </line>
    <line>
      <![CDATA[afterIncovation - Completed executing following method : FlockSignInDetailed.beforeMethod]]>
    </line>
    <line>
      <![CDATA[beforeInvocation - About to begin executing following method : FlockSignInDetailed.googleAuthHeading]]>
    </line>
    <line>
      <![CDATA[afterIncovation - Completed executing following method : FlockSignInDetailed.contactSupport]]>
    </line>
    <line>
      <![CDATA[Test Method resides in SignIn.FlockSignInDetailed]]>
    </line>
    <line>
      <![CDATA[Test Status: Pass]]>
    </line>
    <line>
      <![CDATA[beforeInvocation - About to begin executing following method : FlockSignInDetailed.afterMethod]]>
    </line>
    <line>
      <![CDATA[afterIncovation - Completed executing following method : FlockSignInDetailed.afterMethod]]>
    </line>
    <line>
      <![CDATA[beforeInvocation - About to begin executing following method : FlockSignInDetailed.beforeMethod]]>
    </line>
    <line>
      <![CDATA[afterIncovation - Completed executing following method : FlockSignInDetailed.beforeMethod]]>
    </line>
    <line>
      <![CDATA[beforeInvocation - About to begin executing following method : FlockSignInDetailed.subHeading]]>
    </line>
    <line>
      <![CDATA[afterIncovation - Completed executing following method : FlockSignInDetailed.googleAuthHeading]]>
    </line>
    <line>
      <![CDATA[Test Method resides in SignIn.FlockSignInDetailed]]>
    </line>
    <line>
      <![CDATA[Test Status: Pass]]>
    </line>
    <line>
      <![CDATA[beforeInvocation - About to begin executing following method : FlockSignInDetailed.afterMethod]]>
    </line>
    <line>
      <![CDATA[afterIncovation - Completed executing following method : FlockSignInDetailed.afterMethod]]>
    </line>
    <line>
      <![CDATA[beforeInvocation - About to begin executing following method : FlockSignInDetailed.beforeMethod]]>
    </line>
    <line>
      <![CDATA[afterIncovation - Completed executing following method : FlockSignInDetailed.beforeMethod]]>
    </line>
    <line>
      <![CDATA[beforeInvocation - About to begin executing following method : FlockSignInDetailed.googleAuthButton]]>
    </line>
    <line>
      <![CDATA[afterIncovation - Completed executing following method : FlockSignInDetailed.googleAuthButton]]>
    </line>
    <line>
      <![CDATA[Test Method resides in SignIn.FlockSignInDetailed]]>
    </line>
    <line>
      <![CDATA[Test Status: Pass]]>
    </line>
    <line>
      <![CDATA[beforeInvocation - About to begin executing following method : FlockSignInDetailed.afterMethod]]>
    </line>
    <line>
      <![CDATA[afterIncovation - Completed executing following method : FlockSignInDetailed.afterMethod]]>
    </line>
    <line>
      <![CDATA[beforeInvocation - About to begin executing following method : FlockSignInDetailed.beforeMethod]]>
    </line>
    <line>
      <![CDATA[afterIncovation - Completed executing following method : FlockSignInDetailed.beforeMethod]]>
    </line>
    <line>
      <![CDATA[beforeInvocation - About to begin executing following method : FlockSignInDetailed.googleAuthSkipButton]]>
    </line>
    <line>
      <![CDATA[afterIncovation - Completed executing following method : FlockSignInDetailed.googleAuthSkipButton]]>
    </line>
    <line>
      <![CDATA[Test Method resides in SignIn.FlockSignInDetailed]]>
    </line>
    <line>
      <![CDATA[Test Status: Pass]]>
    </line>
    <line>
      <![CDATA[beforeInvocation - About to begin executing following method : FlockSignInDetailed.afterMethod]]>
    </line>
    <line>
      <![CDATA[afterIncovation - Completed executing following method : FlockSignInDetailed.afterMethod]]>
    </line>
    <line>
      <![CDATA[beforeInvocation - About to begin executing following method : FlockSignInDetailed.beforeMethod]]>
    </line>
    <line>
      <![CDATA[afterIncovation - Completed executing following method : FlockSignInDetailed.beforeMethod]]>
    </line>
    <line>
      <![CDATA[beforeInvocation - About to begin executing following method : FlockSignInDetailed.googleAuthSubHeading]]>
    </line>
    <line>
      <![CDATA[afterIncovation - Completed executing following method : FlockSignInDetailed.subHeading]]>
    </line>
    <line>
      <![CDATA[afterIncovation - Completed executing following method : FlockSignInDetailed.googleAuthSubHeading]]>
    </line>
    <line>
      <![CDATA[Test Method resides in SignIn.FlockSignInDetailed]]>
    </line>
    <line>
      <![CDATA[Test Status: Pass]]>
    </line>
    <line>
      <![CDATA[beforeInvocation - About to begin executing following method : FlockSignInDetailed.afterMethod]]>
    </line>
    <line>
      <![CDATA[afterIncovation - Completed executing following method : FlockSignInDetailed.afterMethod]]>
    </line>
    <line>
      <![CDATA[beforeInvocation - About to begin executing following method : FlockSignInDetailed.beforeMethod]]>
    </line>
    <line>
      <![CDATA[afterIncovation - Completed executing following method : FlockSignInDetailed.beforeMethod]]>
    </line>
    <line>
      <![CDATA[beforeInvocation - About to begin executing following method : FlockSignInDetailed.googleAuthNote]]>
    </line>
    <line>
      <![CDATA[afterIncovation - Completed executing following method : FlockSignInDetailed.googleAuthNote]]>
    </line>
    <line>
      <![CDATA[Test Method resides in SignIn.FlockSignInDetailed]]>
    </line>
    <line>
      <![CDATA[Test Status: Pass]]>
    </line>
    <line>
      <![CDATA[beforeInvocation - About to begin executing following method : FlockSignInDetailed.afterMethod]]>
    </line>
    <line>
      <![CDATA[afterIncovation - Completed executing following method : FlockSignInDetailed.afterMethod]]>
    </line>
    <line>
      <![CDATA[beforeInvocation - About to begin executing following method : FlockSignInDetailed.beforeMethod]]>
    </line>
    <line>
      <![CDATA[afterIncovation - Completed executing following method : FlockSignInDetailed.beforeMethod]]>
    </line>
    <line>
      <![CDATA[beforeInvocation - About to begin executing following method : FlockSignInDetailed.emailPlaceHolder]]>
    </line>
    <line>
      <![CDATA[Test Method resides in SignIn.FlockSignInDetailed]]>
    </line>
    <line>
      <![CDATA[Test Status: Pass]]>
    </line>
    <line>
      <![CDATA[beforeInvocation - About to begin executing following method : FlockSignInDetailed.afterMethod]]>
    </line>
    <line>
      <![CDATA[afterIncovation - Completed executing following method : FlockSignInDetailed.afterMethod]]>
    </line>
    <line>
      <![CDATA[beforeInvocation - About to begin executing following method : FlockSignInDetailed.beforeMethod]]>
    </line>
    <line>
      <![CDATA[afterIncovation - Completed executing following method : FlockSignInDetailed.beforeMethod]]>
    </line>
    <line>
      <![CDATA[beforeInvocation - About to begin executing following method : FlockSignInDetailed.clickSkipGoogleAuth]]>
    </line>
    <line>
      <![CDATA[afterIncovation - Completed executing following method : FlockSignInDetailed.clickSkipGoogleAuth]]>
    </line>
    <line>
      <![CDATA[Test Method resides in SignIn.FlockSignInDetailed]]>
    </line>
    <line>
      <![CDATA[Test Status: Pass]]>
    </line>
    <line>
      <![CDATA[beforeInvocation - About to begin executing following method : FlockSignInDetailed.afterMethod]]>
    </line>
    <line>
      <![CDATA[afterIncovation - Completed executing following method : FlockSignInDetailed.afterMethod]]>
    </line>
    <line>
      <![CDATA[beforeInvocation - About to begin executing following method : FlockSignInDetailed.beforeMethod]]>
    </line>
    <line>
      <![CDATA[afterIncovation - Completed executing following method : FlockSignInDetailed.beforeMethod]]>
    </line>
    <line>
      <![CDATA[beforeInvocation - About to begin executing following method : FlockSignInDetailed.otpHeading]]>
    </line>
    <line>
      <![CDATA[afterIncovation - Completed executing following method : FlockSignInDetailed.otpHeading]]>
    </line>
    <line>
      <![CDATA[Test Method resides in SignIn.FlockSignInDetailed]]>
    </line>
    <line>
      <![CDATA[Test Status: Pass]]>
    </line>
    <line>
      <![CDATA[beforeInvocation - About to begin executing following method : FlockSignInDetailed.afterMethod]]>
    </line>
    <line>
      <![CDATA[afterIncovation - Completed executing following method : FlockSignInDetailed.afterMethod]]>
    </line>
    <line>
      <![CDATA[beforeInvocation - About to begin executing following method : FlockSignInDetailed.beforeMethod]]>
    </line>
    <line>
      <![CDATA[afterIncovation - Completed executing following method : FlockSignInDetailed.beforeMethod]]>
    </line>
    <line>
      <![CDATA[beforeInvocation - About to begin executing following method : FlockSignInDetailed.otpSubHeading]]>
    </line>
    <line>
      <![CDATA[afterIncovation - Completed executing following method : FlockSignInDetailed.emailPlaceHolder]]>
    </line>
    <line>
      <![CDATA[afterIncovation - Completed executing following method : FlockSignInDetailed.otpSubHeading]]>
    </line>
    <line>
      <![CDATA[Test Method resides in SignIn.FlockSignInDetailed]]>
    </line>
    <line>
      <![CDATA[Test Status: Pass]]>
    </line>
    <line>
      <![CDATA[beforeInvocation - About to begin executing following method : FlockSignInDetailed.afterMethod]]>
    </line>
    <line>
      <![CDATA[afterIncovation - Completed executing following method : FlockSignInDetailed.afterMethod]]>
    </line>
    <line>
      <![CDATA[beforeInvocation - About to begin executing following method : FlockSignInDetailed.beforeMethod]]>
    </line>
    <line>
      <![CDATA[afterIncovation - Completed executing following method : FlockSignInDetailed.beforeMethod]]>
    </line>
    <line>
      <![CDATA[beforeInvocation - About to begin executing following method : FlockSignInDetailed.otpPlaceHolder]]>
    </line>
    <line>
      <![CDATA[afterIncovation - Completed executing following method : FlockSignInDetailed.otpPlaceHolder]]>
    </line>
    <line>
      <![CDATA[Test Method resides in SignIn.FlockSignInDetailed]]>
    </line>
    <line>
      <![CDATA[Test Status: Pass]]>
    </line>
    <line>
      <![CDATA[beforeInvocation - About to begin executing following method : FlockSignInDetailed.afterMethod]]>
    </line>
    <line>
      <![CDATA[afterIncovation - Completed executing following method : FlockSignInDetailed.afterMethod]]>
    </line>
    <line>
      <![CDATA[beforeInvocation - About to begin executing following method : FlockSignInDetailed.beforeMethod]]>
    </line>
    <line>
      <![CDATA[afterIncovation - Completed executing following method : FlockSignInDetailed.beforeMethod]]>
    </line>
    <line>
      <![CDATA[beforeInvocation - About to begin executing following method : FlockSignInDetailed.loginButton]]>
    </line>
    <line>
      <![CDATA[Test Method resides in SignIn.FlockSignInDetailed]]>
    </line>
    <line>
      <![CDATA[Test Status: Pass]]>
    </line>
    <line>
      <![CDATA[beforeInvocation - About to begin executing following method : FlockSignInDetailed.afterMethod]]>
    </line>
    <line>
      <![CDATA[afterIncovation - Completed executing following method : FlockSignInDetailed.afterMethod]]>
    </line>
    <line>
      <![CDATA[beforeInvocation - About to begin executing following method : FlockSignInDetailed.beforeMethod]]>
    </line>
    <line>
      <![CDATA[afterIncovation - Completed executing following method : FlockSignInDetailed.beforeMethod]]>
    </line>
    <line>
      <![CDATA[beforeInvocation - About to begin executing following method : FlockSignInDetailed.resendOtpText]]>
    </line>
    <line>
      <![CDATA[afterIncovation - Completed executing following method : FlockSignInDetailed.resendOtpText]]>
    </line>
    <line>
      <![CDATA[Test Method resides in SignIn.FlockSignInDetailed]]>
    </line>
    <line>
      <![CDATA[Test Status: Pass]]>
    </line>
    <line>
      <![CDATA[beforeInvocation - About to begin executing following method : FlockSignInDetailed.afterMethod]]>
    </line>
    <line>
      <![CDATA[afterIncovation - Completed executing following method : FlockSignInDetailed.afterMethod]]>
    </line>
    <line>
      <![CDATA[beforeInvocation - About to begin executing following method : FlockSignInDetailed.beforeMethod]]>
    </line>
    <line>
      <![CDATA[afterIncovation - Completed executing following method : FlockSignInDetailed.beforeMethod]]>
    </line>
    <line>
      <![CDATA[beforeInvocation - About to begin executing following method : FlockSignInDetailed.resendOtpHook]]>
    </line>
    <line>
      <![CDATA[afterIncovation - Completed executing following method : FlockSignInDetailed.resendOtpHook]]>
    </line>
    <line>
      <![CDATA[Test Method resides in SignIn.FlockSignInDetailed]]>
    </line>
    <line>
      <![CDATA[Test Status: Pass]]>
    </line>
    <line>
      <![CDATA[beforeInvocation - About to begin executing following method : FlockSignInDetailed.afterMethod]]>
    </line>
    <line>
      <![CDATA[afterIncovation - Completed executing following method : FlockSignInDetailed.afterMethod]]>
    </line>
    <line>
      <![CDATA[beforeInvocation - About to begin executing following method : FlockSignInDetailed.beforeMethod]]>
    </line>
    <line>
      <![CDATA[afterIncovation - Completed executing following method : FlockSignInDetailed.beforeMethod]]>
    </line>
    <line>
      <![CDATA[beforeInvocation - About to begin executing following method : FlockSignInDetailed.resendOtpHookClicked]]>
    </line>
    <line>
      <![CDATA[afterIncovation - Completed executing following method : FlockSignInDetailed.loginButton]]>
    </line>
    <line>
      <![CDATA[afterIncovation - Completed executing following method : FlockSignInDetailed.resendOtpHookClicked]]>
    </line>
    <line>
      <![CDATA[Test Method resides in SignIn.FlockSignInDetailed]]>
    </line>
    <line>
      <![CDATA[Test Status: Pass]]>
    </line>
    <line>
      <![CDATA[beforeInvocation - About to begin executing following method : FlockSignInDetailed.afterMethod]]>
    </line>
    <line>
      <![CDATA[afterIncovation - Completed executing following method : FlockSignInDetailed.afterMethod]]>
    </line>
    <line>
      <![CDATA[beforeInvocation - About to begin executing following method : FlockSignInDetailed.beforeMethod]]>
    </line>
    <line>
      <![CDATA[afterIncovation - Completed executing following method : FlockSignInDetailed.beforeMethod]]>
    </line>
    <line>
      <![CDATA[beforeInvocation - About to begin executing following method : FlockSignInDetailed.checkEditButton]]>
    </line>
    <line>
      <![CDATA[Test Method resides in SignIn.FlockSignInDetailed]]>
    </line>
    <line>
      <![CDATA[Test Status: Pass]]>
    </line>
    <line>
      <![CDATA[beforeInvocation - About to begin executing following method : FlockSignInDetailed.afterMethod]]>
    </line>
    <line>
      <![CDATA[afterIncovation - Completed executing following method : FlockSignInDetailed.afterMethod]]>
    </line>
    <line>
      <![CDATA[beforeInvocation - About to begin executing following method : FlockSignInDetailed.beforeMethod]]>
    </line>
    <line>
      <![CDATA[afterIncovation - Completed executing following method : FlockSignInDetailed.beforeMethod]]>
    </line>
    <line>
      <![CDATA[beforeInvocation - About to begin executing following method : FlockSignInDetailed.onbaordingSideBar]]>
    </line>
    <line>
      <![CDATA[afterIncovation - Completed executing following method : FlockSignInDetailed.onbaordingSideBar]]>
    </line>
    <line>
      <![CDATA[Test Method resides in SignIn.FlockSignInDetailed]]>
    </line>
    <line>
      <![CDATA[Test Status: Pass]]>
    </line>
    <line>
      <![CDATA[beforeInvocation - About to begin executing following method : FlockSignInDetailed.afterMethod]]>
    </line>
    <line>
      <![CDATA[afterIncovation - Completed executing following method : FlockSignInDetailed.afterMethod]]>
    </line>
    <line>
      <![CDATA[beforeInvocation - About to begin executing following method : FlockSignInDetailed.beforeMethod]]>
    </line>
    <line>
      <![CDATA[afterIncovation - Completed executing following method : FlockSignInDetailed.beforeMethod]]>
    </line>
    <line>
      <![CDATA[beforeInvocation - About to begin executing following method : FlockSignInDetailed.emailFieldErrorMessage]]>
    </line>
    <line>
      <![CDATA[afterIncovation - Completed executing following method : FlockSignInDetailed.emailFieldErrorMessage]]>
    </line>
    <line>
      <![CDATA[Test Method resides in SignIn.FlockSignInDetailed]]>
    </line>
    <line>
      <![CDATA[Test Status: Pass]]>
    </line>
    <line>
      <![CDATA[beforeInvocation - About to begin executing following method : FlockSignInDetailed.afterMethod]]>
    </line>
    <line>
      <![CDATA[afterIncovation - Completed executing following method : FlockSignInDetailed.afterMethod]]>
    </line>
    <line>
      <![CDATA[beforeInvocation - About to begin executing following method : FlockSignInDetailed.beforeMethod]]>
    </line>
    <line>
      <![CDATA[afterIncovation - Completed executing following method : FlockSignInDetailed.beforeMethod]]>
    </line>
    <line>
      <![CDATA[beforeInvocation - About to begin executing following method : FlockSignInDetailed.emailFieldErrorMessage]]>
    </line>
    <line>
      <![CDATA[afterIncovation - Completed executing following method : FlockSignInDetailed.emailFieldErrorMessage]]>
    </line>
    <line>
      <![CDATA[Test Method resides in SignIn.FlockSignInDetailed]]>
    </line>
    <line>
      <![CDATA[Test Status: Pass]]>
    </line>
    <line>
      <![CDATA[beforeInvocation - About to begin executing following method : FlockSignInDetailed.afterMethod]]>
    </line>
    <line>
      <![CDATA[afterIncovation - Completed executing following method : FlockSignInDetailed.afterMethod]]>
    </line>
    <line>
      <![CDATA[beforeInvocation - About to begin executing following method : FlockSignInDetailed.beforeMethod]]>
    </line>
    <line>
      <![CDATA[afterIncovation - Completed executing following method : FlockSignInDetailed.beforeMethod]]>
    </line>
    <line>
      <![CDATA[beforeInvocation - About to begin executing following method : FlockSignInDetailed.emailFieldErrorMessage]]>
    </line>
    <line>
      <![CDATA[afterIncovation - Completed executing following method : FlockSignInDetailed.emailFieldErrorMessage]]>
    </line>
    <line>
      <![CDATA[Test Method resides in SignIn.FlockSignInDetailed]]>
    </line>
    <line>
      <![CDATA[Test Status: Pass]]>
    </line>
    <line>
      <![CDATA[beforeInvocation - About to begin executing following method : FlockSignInDetailed.afterMethod]]>
    </line>
    <line>
      <![CDATA[afterIncovation - Completed executing following method : FlockSignInDetailed.afterMethod]]>
    </line>
    <line>
      <![CDATA[beforeInvocation - About to begin executing following method : FlockSignInDetailed.beforeMethod]]>
    </line>
    <line>
      <![CDATA[afterIncovation - Completed executing following method : FlockSignInDetailed.beforeMethod]]>
    </line>
    <line>
      <![CDATA[beforeInvocation - About to begin executing following method : FlockSignInDetailed.enterEmail]]>
    </line>
    <line>
      <![CDATA[afterIncovation - Completed executing following method : FlockSignInDetailed.checkEditButton]]>
    </line>
    <line>
      <![CDATA[Test Method resides in SignIn.FlockSignInDetailed]]>
    </line>
    <line>
      <![CDATA[Test Status: Pass]]>
    </line>
    <line>
      <![CDATA[beforeInvocation - About to begin executing following method : FlockSignInDetailed.afterMethod]]>
    </line>
    <line>
      <![CDATA[afterIncovation - Completed executing following method : FlockSignInDetailed.afterMethod]]>
    </line>
    <line>
      <![CDATA[beforeInvocation - About to begin executing following method : FlockSignInDetailed.beforeMethod]]>
    </line>
    <line>
      <![CDATA[afterIncovation - Completed executing following method : FlockSignInDetailed.beforeMethod]]>
    </line>
    <line>
      <![CDATA[beforeInvocation - About to begin executing following method : FlockSignInDetailed.verifyButton]]>
    </line>
    <line>
      <![CDATA[afterIncovation - Completed executing following method : FlockSignInDetailed.enterEmail]]>
    </line>
    <line>
      <![CDATA[afterIncovation - Completed executing following method : FlockSignInDetailed.verifyButton]]>
    </line>
    <line>
      <![CDATA[Test Method resides in SignIn.FlockSignInDetailed]]>
    </line>
    <line>
      <![CDATA[Test Status: Pass]]>
    </line>
    <line>
      <![CDATA[beforeInvocation - About to begin executing following method : FlockSignInDetailed.afterMethod]]>
    </line>
    <line>
      <![CDATA[afterIncovation - Completed executing following method : FlockSignInDetailed.afterMethod]]>
    </line>
    <line>
      <![CDATA[beforeInvocation - About to begin executing following method : FlockSignInDetailed.beforeMethod]]>
    </line>
    <line>
      <![CDATA[afterIncovation - Completed executing following method : FlockSignInDetailed.beforeMethod]]>
    </line>
    <line>
      <![CDATA[beforeInvocation - About to begin executing following method : FlockSignInDetailed.otpErrorMessage]]>
    </line>
    <line>
      <![CDATA[Test Method resides in SignIn.FlockSignInDetailed]]>
    </line>
    <line>
      <![CDATA[Test Status: Pass]]>
    </line>
    <line>
      <![CDATA[beforeInvocation - About to begin executing following method : FlockSignInDetailed.afterMethod]]>
    </line>
    <line>
      <![CDATA[afterIncovation - Completed executing following method : FlockSignInDetailed.afterMethod]]>
    </line>
    <line>
      <![CDATA[beforeInvocation - About to begin executing following method : FlockSignInDetailed.beforeMethod]]>
    </line>
    <line>
      <![CDATA[afterIncovation - Completed executing following method : FlockSignInDetailed.beforeMethod]]>
    </line>
    <line>
      <![CDATA[beforeInvocation - About to begin executing following method : FlockSignInDetailed.googleAuthHeading]]>
    </line>
    <line>
      <![CDATA[afterIncovation - Completed executing following method : FlockSignInDetailed.googleAuthHeading]]>
    </line>
    <line>
      <![CDATA[Test Method resides in SignIn.FlockSignInDetailed]]>
    </line>
    <line>
      <![CDATA[Test Status: Pass]]>
    </line>
    <line>
      <![CDATA[beforeInvocation - About to begin executing following method : FlockSignInDetailed.afterMethod]]>
    </line>
    <line>
      <![CDATA[afterIncovation - Completed executing following method : FlockSignInDetailed.afterMethod]]>
    </line>
    <line>
      <![CDATA[beforeInvocation - About to begin executing following method : FlockSignInDetailed.beforeMethod]]>
    </line>
    <line>
      <![CDATA[afterIncovation - Completed executing following method : FlockSignInDetailed.beforeMethod]]>
    </line>
    <line>
      <![CDATA[beforeInvocation - About to begin executing following method : FlockSignInDetailed.googleAuthButton]]>
    </line>
    <line>
      <![CDATA[afterIncovation - Completed executing following method : FlockSignInDetailed.googleAuthButton]]>
    </line>
    <line>
      <![CDATA[Test Method resides in SignIn.FlockSignInDetailed]]>
    </line>
    <line>
      <![CDATA[Test Status: Pass]]>
    </line>
    <line>
      <![CDATA[beforeInvocation - About to begin executing following method : FlockSignInDetailed.afterMethod]]>
    </line>
    <line>
      <![CDATA[afterIncovation - Completed executing following method : FlockSignInDetailed.afterMethod]]>
    </line>
    <line>
      <![CDATA[beforeInvocation - About to begin executing following method : FlockSignInDetailed.beforeMethod]]>
    </line>
    <line>
      <![CDATA[afterIncovation - Completed executing following method : FlockSignInDetailed.beforeMethod]]>
    </line>
    <line>
      <![CDATA[beforeInvocation - About to begin executing following method : FlockSignInDetailed.googleAuthSkipButton]]>
    </line>
    <line>
      <![CDATA[afterIncovation - Completed executing following method : FlockSignInDetailed.otpErrorMessage]]>
    </line>
    <line>
      <![CDATA[afterIncovation - Completed executing following method : FlockSignInDetailed.googleAuthSkipButton]]>
    </line>
    <line>
      <![CDATA[Test Method resides in SignIn.FlockSignInDetailed]]>
    </line>
    <line>
      <![CDATA[Test Status: Pass]]>
    </line>
    <line>
      <![CDATA[beforeInvocation - About to begin executing following method : FlockSignInDetailed.afterMethod]]>
    </line>
    <line>
      <![CDATA[afterIncovation - Completed executing following method : FlockSignInDetailed.afterMethod]]>
    </line>
    <line>
      <![CDATA[beforeInvocation - About to begin executing following method : FlockSignInDetailed.beforeMethod]]>
    </line>
    <line>
      <![CDATA[afterIncovation - Completed executing following method : FlockSignInDetailed.beforeMethod]]>
    </line>
    <line>
      <![CDATA[beforeInvocation - About to begin executing following method : FlockSignInDetailed.otpErrorMessage]]>
    </line>
    <line>
      <![CDATA[Test Method resides in SignIn.FlockSignInDetailed]]>
    </line>
    <line>
      <![CDATA[Test Status: Pass]]>
    </line>
    <line>
      <![CDATA[beforeInvocation - About to begin executing following method : FlockSignInDetailed.afterMethod]]>
    </line>
    <line>
      <![CDATA[afterIncovation - Completed executing following method : FlockSignInDetailed.afterMethod]]>
    </line>
    <line>
      <![CDATA[beforeInvocation - About to begin executing following method : FlockSignInDetailed.beforeMethod]]>
    </line>
    <line>
      <![CDATA[afterIncovation - Completed executing following method : FlockSignInDetailed.beforeMethod]]>
    </line>
    <line>
      <![CDATA[beforeInvocation - About to begin executing following method : FlockSignInDetailed.googleAuthSubHeading]]>
    </line>
    <line>
      <![CDATA[afterIncovation - Completed executing following method : FlockSignInDetailed.googleAuthSubHeading]]>
    </line>
    <line>
      <![CDATA[Test Method resides in SignIn.FlockSignInDetailed]]>
    </line>
    <line>
      <![CDATA[Test Status: Pass]]>
    </line>
    <line>
      <![CDATA[beforeInvocation - About to begin executing following method : FlockSignInDetailed.afterMethod]]>
    </line>
    <line>
      <![CDATA[afterIncovation - Completed executing following method : FlockSignInDetailed.afterMethod]]>
    </line>
    <line>
      <![CDATA[beforeInvocation - About to begin executing following method : FlockSignInDetailed.beforeMethod]]>
    </line>
    <line>
      <![CDATA[afterIncovation - Completed executing following method : FlockSignInDetailed.beforeMethod]]>
    </line>
    <line>
      <![CDATA[beforeInvocation - About to begin executing following method : FlockSignInDetailed.googleAuthNote]]>
    </line>
    <line>
      <![CDATA[afterIncovation - Completed executing following method : FlockSignInDetailed.googleAuthNote]]>
    </line>
    <line>
      <![CDATA[Test Method resides in SignIn.FlockSignInDetailed]]>
    </line>
    <line>
      <![CDATA[Test Status: Pass]]>
    </line>
    <line>
      <![CDATA[beforeInvocation - About to begin executing following method : FlockSignInDetailed.afterMethod]]>
    </line>
    <line>
      <![CDATA[afterIncovation - Completed executing following method : FlockSignInDetailed.afterMethod]]>
    </line>
    <line>
      <![CDATA[beforeInvocation - About to begin executing following method : FlockSignInDetailed.beforeMethod]]>
    </line>
    <line>
      <![CDATA[afterIncovation - Completed executing following method : FlockSignInDetailed.beforeMethod]]>
    </line>
    <line>
      <![CDATA[beforeInvocation - About to begin executing following method : FlockSignInDetailed.clickSkipGoogleAuth]]>
    </line>
    <line>
      <![CDATA[afterIncovation - Completed executing following method : FlockSignInDetailed.clickSkipGoogleAuth]]>
    </line>
    <line>
      <![CDATA[Test Method resides in SignIn.FlockSignInDetailed]]>
    </line>
    <line>
      <![CDATA[Test Status: Pass]]>
    </line>
    <line>
      <![CDATA[beforeInvocation - About to begin executing following method : FlockSignInDetailed.afterMethod]]>
    </line>
    <line>
      <![CDATA[afterIncovation - Completed executing following method : FlockSignInDetailed.afterMethod]]>
    </line>
    <line>
      <![CDATA[beforeInvocation - About to begin executing following method : FlockSignInDetailed.beforeMethod]]>
    </line>
    <line>
      <![CDATA[afterIncovation - Completed executing following method : FlockSignInDetailed.beforeMethod]]>
    </line>
    <line>
      <![CDATA[beforeInvocation - About to begin executing following method : FlockSignInDetailed.otpHeading]]>
    </line>
    <line>
      <![CDATA[afterIncovation - Completed executing following method : FlockSignInDetailed.otpErrorMessage]]>
    </line>
    <line>
      <![CDATA[Test Method resides in SignIn.FlockSignInDetailed]]>
    </line>
    <line>
      <![CDATA[Test Status: Pass]]>
    </line>
    <line>
      <![CDATA[beforeInvocation - About to begin executing following method : FlockSignInDetailed.afterMethod]]>
    </line>
    <line>
      <![CDATA[afterIncovation - Completed executing following method : FlockSignInDetailed.afterMethod]]>
    </line>
    <line>
      <![CDATA[beforeInvocation - About to begin executing following method : FlockSignInDetailed.beforeMethod]]>
    </line>
    <line>
      <![CDATA[afterIncovation - Completed executing following method : FlockSignInDetailed.beforeMethod]]>
    </line>
    <line>
      <![CDATA[beforeInvocation - About to begin executing following method : FlockSignInDetailed.otpErrorMessage]]>
    </line>
    <line>
      <![CDATA[afterIncovation - Completed executing following method : FlockSignInDetailed.otpHeading]]>
    </line>
    <line>
      <![CDATA[Test Method resides in SignIn.FlockSignInDetailed]]>
    </line>
    <line>
      <![CDATA[Test Status: Pass]]>
    </line>
    <line>
      <![CDATA[beforeInvocation - About to begin executing following method : FlockSignInDetailed.afterMethod]]>
    </line>
    <line>
      <![CDATA[afterIncovation - Completed executing following method : FlockSignInDetailed.afterMethod]]>
    </line>
    <line>
      <![CDATA[beforeInvocation - About to begin executing following method : FlockSignInDetailed.beforeMethod]]>
    </line>
    <line>
      <![CDATA[afterIncovation - Completed executing following method : FlockSignInDetailed.beforeMethod]]>
    </line>
    <line>
      <![CDATA[beforeInvocation - About to begin executing following method : FlockSignInDetailed.otpSubHeading]]>
    </line>
    <line>
      <![CDATA[afterIncovation - Completed executing following method : FlockSignInDetailed.otpSubHeading]]>
    </line>
    <line>
      <![CDATA[Test Method resides in SignIn.FlockSignInDetailed]]>
    </line>
    <line>
      <![CDATA[Test Status: Pass]]>
    </line>
    <line>
      <![CDATA[beforeInvocation - About to begin executing following method : FlockSignInDetailed.afterMethod]]>
    </line>
    <line>
      <![CDATA[afterIncovation - Completed executing following method : FlockSignInDetailed.afterMethod]]>
    </line>
    <line>
      <![CDATA[beforeInvocation - About to begin executing following method : FlockSignInDetailed.beforeMethod]]>
    </line>
    <line>
      <![CDATA[afterIncovation - Completed executing following method : FlockSignInDetailed.beforeMethod]]>
    </line>
    <line>
      <![CDATA[beforeInvocation - About to begin executing following method : FlockSignInDetailed.otpPlaceHolder]]>
    </line>
    <line>
      <![CDATA[afterIncovation - Completed executing following method : FlockSignInDetailed.otpPlaceHolder]]>
    </line>
    <line>
      <![CDATA[Test Method resides in SignIn.FlockSignInDetailed]]>
    </line>
    <line>
      <![CDATA[Test Status: Pass]]>
    </line>
    <line>
      <![CDATA[beforeInvocation - About to begin executing following method : FlockSignInDetailed.afterMethod]]>
    </line>
    <line>
      <![CDATA[afterIncovation - Completed executing following method : FlockSignInDetailed.afterMethod]]>
    </line>
    <line>
      <![CDATA[beforeInvocation - About to begin executing following method : FlockSignInDetailed.beforeMethod]]>
    </line>
    <line>
      <![CDATA[afterIncovation - Completed executing following method : FlockSignInDetailed.beforeMethod]]>
    </line>
    <line>
      <![CDATA[beforeInvocation - About to begin executing following method : FlockSignInDetailed.resendOtpText]]>
    </line>
    <line>
      <![CDATA[afterIncovation - Completed executing following method : FlockSignInDetailed.resendOtpText]]>
    </line>
    <line>
      <![CDATA[Test Method resides in SignIn.FlockSignInDetailed]]>
    </line>
    <line>
      <![CDATA[Test Status: Pass]]>
    </line>
    <line>
      <![CDATA[beforeInvocation - About to begin executing following method : FlockSignInDetailed.afterMethod]]>
    </line>
    <line>
      <![CDATA[afterIncovation - Completed executing following method : FlockSignInDetailed.afterMethod]]>
    </line>
    <line>
      <![CDATA[beforeInvocation - About to begin executing following method : FlockSignInDetailed.beforeMethod]]>
    </line>
    <line>
      <![CDATA[afterIncovation - Completed executing following method : FlockSignInDetailed.beforeMethod]]>
    </line>
    <line>
      <![CDATA[beforeInvocation - About to begin executing following method : FlockSignInDetailed.resendOtpHook]]>
    </line>
    <line>
      <![CDATA[afterIncovation - Completed executing following method : FlockSignInDetailed.otpErrorMessage]]>
    </line>
    <line>
      <![CDATA[Test Method resides in SignIn.FlockSignInDetailed]]>
    </line>
    <line>
      <![CDATA[Test Status: Pass]]>
    </line>
    <line>
      <![CDATA[beforeInvocation - About to begin executing following method : FlockSignInDetailed.afterMethod]]>
    </line>
    <line>
      <![CDATA[afterIncovation - Completed executing following method : FlockSignInDetailed.afterMethod]]>
    </line>
    <line>
      <![CDATA[beforeInvocation - About to begin executing following method : FlockSignInDetailed.beforeMethod]]>
    </line>
    <line>
      <![CDATA[afterIncovation - Completed executing following method : FlockSignInDetailed.beforeMethod]]>
    </line>
    <line>
      <![CDATA[beforeInvocation - About to begin executing following method : FlockSignInDetailed.otpErrorMessage1]]>
    </line>
    <line>
      <![CDATA[afterIncovation - Completed executing following method : FlockSignInDetailed.resendOtpHook]]>
    </line>
    <line>
      <![CDATA[Test Method resides in SignIn.FlockSignInDetailed]]>
    </line>
    <line>
      <![CDATA[Test Status: Pass]]>
    </line>
    <line>
      <![CDATA[beforeInvocation - About to begin executing following method : FlockSignInDetailed.afterMethod]]>
    </line>
    <line>
      <![CDATA[afterIncovation - Completed executing following method : FlockSignInDetailed.afterMethod]]>
    </line>
    <line>
      <![CDATA[beforeInvocation - About to begin executing following method : FlockSignInDetailed.beforeMethod]]>
    </line>
    <line>
      <![CDATA[afterIncovation - Completed executing following method : FlockSignInDetailed.beforeMethod]]>
    </line>
    <line>
      <![CDATA[beforeInvocation - About to begin executing following method : FlockSignInDetailed.resendOtpHookClicked]]>
    </line>
    <line>
      <![CDATA[afterIncovation - Completed executing following method : FlockSignInDetailed.resendOtpHookClicked]]>
    </line>
    <line>
      <![CDATA[Test Method resides in SignIn.FlockSignInDetailed]]>
    </line>
    <line>
      <![CDATA[Test Status: Pass]]>
    </line>
    <line>
      <![CDATA[beforeInvocation - About to begin executing following method : FlockSignInDetailed.afterMethod]]>
    </line>
    <line>
      <![CDATA[afterIncovation - Completed executing following method : FlockSignInDetailed.afterMethod]]>
    </line>
    <line>
      <![CDATA[beforeInvocation - About to begin executing following method : FlockSignInDetailed.beforeMethod]]>
    </line>
    <line>
      <![CDATA[afterIncovation - Completed executing following method : FlockSignInDetailed.beforeMethod]]>
    </line>
    <line>
      <![CDATA[beforeInvocation - About to begin executing following method : FlockSignInDetailed.checkEditButton]]>
    </line>
    <line>
      <![CDATA[afterIncovation - Completed executing following method : FlockSignInDetailed.otpErrorMessage1]]>
    </line>
    <line>
      <![CDATA[Test Method resides in SignIn.FlockSignInDetailed]]>
    </line>
    <line>
      <![CDATA[Test Status: Pass]]>
    </line>
    <line>
      <![CDATA[beforeInvocation - About to begin executing following method : FlockSignInDetailed.afterMethod]]>
    </line>
    <line>
      <![CDATA[afterIncovation - Completed executing following method : FlockSignInDetailed.afterMethod]]>
    </line>
    <line>
      <![CDATA[beforeInvocation - About to begin executing following method : FlockSignInDetailed.beforeMethod]]>
    </line>
    <line>
      <![CDATA[afterIncovation - Completed executing following method : FlockSignInDetailed.beforeMethod]]>
    </line>
    <line>
      <![CDATA[beforeInvocation - About to begin executing following method : FlockSignInDetailed.enterOTP]]>
    </line>
    <line>
      <![CDATA[afterIncovation - Completed executing following method : FlockSignInDetailed.enterOTP]]>
    </line>
    <line>
      <![CDATA[Test Method resides in SignIn.FlockSignInDetailed]]>
    </line>
    <line>
      <![CDATA[Test Status: Pass]]>
    </line>
    <line>
      <![CDATA[beforeInvocation - About to begin executing following method : FlockSignInDetailed.afterMethod]]>
    </line>
    <line>
      <![CDATA[afterIncovation - Completed executing following method : FlockSignInDetailed.afterMethod]]>
    </line>
    <line>
      <![CDATA[beforeInvocation - About to begin executing following method : BaseTestSuite.afterClass]]>
    </line>
    <line>
      <![CDATA[afterIncovation - Completed executing following method : BaseTestSuite.afterClass]]>
    </line>
    <line>
      <![CDATA[afterIncovation - Completed executing following method : FlockSignInDetailed.checkEditButton]]>
    </line>
    <line>
      <![CDATA[Test Method resides in SignIn.FlockSignInDetailed]]>
    </line>
    <line>
      <![CDATA[Test Status: Pass]]>
    </line>
    <line>
      <![CDATA[beforeInvocation - About to begin executing following method : FlockSignInDetailed.afterMethod]]>
    </line>
    <line>
      <![CDATA[afterIncovation - Completed executing following method : FlockSignInDetailed.afterMethod]]>
    </line>
    <line>
      <![CDATA[beforeInvocation - About to begin executing following method : FlockSignInDetailed.beforeMethod]]>
    </line>
    <line>
      <![CDATA[afterIncovation - Completed executing following method : FlockSignInDetailed.beforeMethod]]>
    </line>
    <line>
      <![CDATA[beforeInvocation - About to begin executing following method : FlockSignInDetailed.verifyButton]]>
    </line>
    <line>
      <![CDATA[afterIncovation - Completed executing following method : FlockSignInDetailed.verifyButton]]>
    </line>
    <line>
      <![CDATA[Test Method resides in SignIn.FlockSignInDetailed]]>
    </line>
    <line>
      <![CDATA[Test Status: Pass]]>
    </line>
    <line>
      <![CDATA[beforeInvocation - About to begin executing following method : FlockSignInDetailed.afterMethod]]>
    </line>
    <line>
      <![CDATA[afterIncovation - Completed executing following method : FlockSignInDetailed.afterMethod]]>
    </line>
    <line>
      <![CDATA[beforeInvocation - About to begin executing following method : FlockSignInDetailed.beforeMethod]]>
    </line>
    <line>
      <![CDATA[afterIncovation - Completed executing following method : FlockSignInDetailed.beforeMethod]]>
    </line>
    <line>
      <![CDATA[beforeInvocation - About to begin executing following method : FlockSignInDetailed.otpErrorMessage]]>
    </line>
    <line>
      <![CDATA[afterIncovation - Completed executing following method : FlockSignInDetailed.otpErrorMessage]]>
    </line>
    <line>
      <![CDATA[Test Method resides in SignIn.FlockSignInDetailed]]>
    </line>
    <line>
      <![CDATA[Test Status: Pass]]>
    </line>
    <line>
      <![CDATA[beforeInvocation - About to begin executing following method : FlockSignInDetailed.afterMethod]]>
    </line>
    <line>
      <![CDATA[afterIncovation - Completed executing following method : FlockSignInDetailed.afterMethod]]>
    </line>
    <line>
      <![CDATA[beforeInvocation - About to begin executing following method : FlockSignInDetailed.beforeMethod]]>
    </line>
    <line>
      <![CDATA[afterIncovation - Completed executing following method : FlockSignInDetailed.beforeMethod]]>
    </line>
    <line>
      <![CDATA[beforeInvocation - About to begin executing following method : FlockSignInDetailed.otpErrorMessage]]>
    </line>
    <line>
      <![CDATA[afterIncovation - Completed executing following method : FlockSignInDetailed.otpErrorMessage]]>
    </line>
    <line>
      <![CDATA[Test Method resides in SignIn.FlockSignInDetailed]]>
    </line>
    <line>
      <![CDATA[Test Status: Pass]]>
    </line>
    <line>
      <![CDATA[beforeInvocation - About to begin executing following method : FlockSignInDetailed.afterMethod]]>
    </line>
    <line>
      <![CDATA[afterIncovation - Completed executing following method : FlockSignInDetailed.afterMethod]]>
    </line>
    <line>
      <![CDATA[beforeInvocation - About to begin executing following method : FlockSignInDetailed.beforeMethod]]>
    </line>
    <line>
      <![CDATA[afterIncovation - Completed executing following method : FlockSignInDetailed.beforeMethod]]>
    </line>
    <line>
      <![CDATA[beforeInvocation - About to begin executing following method : FlockSignInDetailed.otpErrorMessage]]>
    </line>
    <line>
      <![CDATA[afterIncovation - Completed executing following method : FlockSignInDetailed.otpErrorMessage]]>
    </line>
    <line>
      <![CDATA[Test Method resides in SignIn.FlockSignInDetailed]]>
    </line>
    <line>
      <![CDATA[Test Status: Pass]]>
    </line>
    <line>
      <![CDATA[beforeInvocation - About to begin executing following method : FlockSignInDetailed.afterMethod]]>
    </line>
    <line>
      <![CDATA[afterIncovation - Completed executing following method : FlockSignInDetailed.afterMethod]]>
    </line>
    <line>
      <![CDATA[beforeInvocation - About to begin executing following method : FlockSignInDetailed.beforeMethod]]>
    </line>
    <line>
      <![CDATA[afterIncovation - Completed executing following method : FlockSignInDetailed.beforeMethod]]>
    </line>
    <line>
      <![CDATA[beforeInvocation - About to begin executing following method : FlockSignInDetailed.otpErrorMessage1]]>
    </line>
    <line>
      <![CDATA[afterIncovation - Completed executing following method : FlockSignInDetailed.otpErrorMessage1]]>
    </line>
    <line>
      <![CDATA[Test Method resides in SignIn.FlockSignInDetailed]]>
    </line>
    <line>
      <![CDATA[Test Status: Pass]]>
    </line>
    <line>
      <![CDATA[beforeInvocation - About to begin executing following method : FlockSignInDetailed.afterMethod]]>
    </line>
    <line>
      <![CDATA[afterIncovation - Completed executing following method : FlockSignInDetailed.afterMethod]]>
    </line>
    <line>
      <![CDATA[beforeInvocation - About to begin executing following method : FlockSignInDetailed.beforeMethod]]>
    </line>
    <line>
      <![CDATA[afterIncovation - Completed executing following method : FlockSignInDetailed.beforeMethod]]>
    </line>
    <line>
      <![CDATA[beforeInvocation - About to begin executing following method : FlockSignInDetailed.enterOTP]]>
    </line>
    <line>
      <![CDATA[afterIncovation - Completed executing following method : FlockSignInDetailed.enterOTP]]>
    </line>
    <line>
      <![CDATA[Test Method resides in SignIn.FlockSignInDetailed]]>
    </line>
    <line>
      <![CDATA[Test Status: Pass]]>
    </line>
    <line>
      <![CDATA[beforeInvocation - About to begin executing following method : FlockSignInDetailed.afterMethod]]>
    </line>
    <line>
      <![CDATA[afterIncovation - Completed executing following method : FlockSignInDetailed.afterMethod]]>
    </line>
    <line>
      <![CDATA[beforeInvocation - About to begin executing following method : BaseTestSuite.afterClass]]>
    </line>
    <line>
      <![CDATA[afterIncovation - Completed executing following method : BaseTestSuite.afterClass]]>
    </line>
    <line>
      <![CDATA[beforeInvocation - About to begin executing following method : BaseTestSuite.afterSuite]]>
    </line>
    <line>
      <![CDATA[afterIncovation - Completed executing following method : BaseTestSuite.afterSuite]]>
    </line>
  </reporter-output>
  <suite name="MultiBrowser" duration-ms="90118" started-at="2017-06-27T11:20:47Z" finished-at="2017-06-27T11:22:17Z">
    <groups>
    </groups>
    <test name="Firefox Browser" duration-ms="73207" started-at="2017-06-27T11:20:47Z" finished-at="2017-06-27T11:22:00Z">
      <class name="SignIn.FlockSignInDetailed">
        <test-method status="PASS" signature="beforeClass(java.lang.String)[pri:0, instance:SignIn.FlockSignInDetailed@3532ec19]" name="beforeClass" is-config="true" duration-ms="15353" started-at="2017-06-27T16:50:47Z" finished-at="2017-06-27T16:51:02Z">
          <params>
            <param index="0">
              <value>
                <![CDATA[firefox]]>
              </value>
            </param>
          </params>
          <reporter-output>
            <line>
              <![CDATA[afterIncovation - Completed executing following method : BaseTestSuite.beforeClass]]>
            </line>
          </reporter-output>
        </test-method> <!-- beforeClass -->
        <test-method status="PASS" signature="beforeMethod()[pri:0, instance:SignIn.FlockSignInDetailed@3532ec19]" name="beforeMethod" is-config="true" duration-ms="1645" started-at="2017-06-27T16:51:02Z" finished-at="2017-06-27T16:51:04Z">
          <reporter-output>
            <line>
              <![CDATA[afterIncovation - Completed executing following method : FlockSignInDetailed.beforeMethod]]>
            </line>
          </reporter-output>
        </test-method> <!-- beforeMethod -->
        <test-method status="PASS" signature="windowTitle()[pri:0, instance:SignIn.FlockSignInDetailed@3532ec19]" name="windowTitle" duration-ms="2973" started-at="2017-06-27T16:51:04Z" finished-at="2017-06-27T16:51:07Z">
          <reporter-output>
            <line>
              <![CDATA[beforeInvocation - About to begin executing following method : FlockSignInDetailed.windowTitle]]>
            </line>
            <line>
              <![CDATA[afterIncovation - Completed executing following method : FlockSignInDetailed.windowTitle]]>
            </line>
            <line>
              <![CDATA[Test Method resides in SignIn.FlockSignInDetailed]]>
            </line>
            <line>
              <![CDATA[Test Status: Pass]]>
            </line>
            <line>
              <![CDATA[beforeInvocation - About to begin executing following method : FlockSignInDetailed.afterMethod]]>
            </line>
          </reporter-output>
        </test-method> <!-- windowTitle -->
        <test-method status="PASS" signature="afterMethod()[pri:0, instance:SignIn.FlockSignInDetailed@3532ec19]" name="afterMethod" is-config="true" duration-ms="1" started-at="2017-06-27T16:51:08Z" finished-at="2017-06-27T16:51:08Z">
          <reporter-output>
            <line>
              <![CDATA[afterIncovation - Completed executing following method : FlockSignInDetailed.afterMethod]]>
            </line>
          </reporter-output>
        </test-method> <!-- afterMethod -->
        <test-method status="PASS" signature="beforeMethod()[pri:0, instance:SignIn.FlockSignInDetailed@3532ec19]" name="beforeMethod" is-config="true" duration-ms="0" started-at="2017-06-27T16:51:08Z" finished-at="2017-06-27T16:51:08Z">
          <reporter-output>
            <line>
              <![CDATA[afterIncovation - Completed executing following method : FlockSignInDetailed.beforeMethod]]>
            </line>
          </reporter-output>
        </test-method> <!-- beforeMethod -->
        <test-method status="PASS" signature="languageSwitcher()[pri:1, instance:SignIn.FlockSignInDetailed@3532ec19]" name="languageSwitcher" duration-ms="6658" started-at="2017-06-27T16:51:08Z" finished-at="2017-06-27T16:51:15Z">
          <reporter-output>
            <line>
              <![CDATA[beforeInvocation - About to begin executing following method : FlockSignInDetailed.languageSwitcher]]>
            </line>
            <line>
              <![CDATA[afterIncovation - Completed executing following method : FlockSignInDetailed.languageSwitcher]]>
            </line>
            <line>
              <![CDATA[Test Method resides in SignIn.FlockSignInDetailed]]>
            </line>
            <line>
              <![CDATA[Test Status: Pass]]>
            </line>
            <line>
              <![CDATA[beforeInvocation - About to begin executing following method : FlockSignInDetailed.afterMethod]]>
            </line>
          </reporter-output>
        </test-method> <!-- languageSwitcher -->
        <test-method status="PASS" signature="afterMethod()[pri:0, instance:SignIn.FlockSignInDetailed@3532ec19]" name="afterMethod" is-config="true" duration-ms="0" started-at="2017-06-27T16:51:16Z" finished-at="2017-06-27T16:51:16Z">
          <reporter-output>
            <line>
              <![CDATA[afterIncovation - Completed executing following method : FlockSignInDetailed.afterMethod]]>
            </line>
          </reporter-output>
        </test-method> <!-- afterMethod -->
        <test-method status="PASS" signature="Heading()[pri:2, instance:SignIn.FlockSignInDetailed@3532ec19]" name="Heading" duration-ms="580" started-at="2017-06-27T16:51:16Z" finished-at="2017-06-27T16:51:17Z">
          <reporter-output>
            <line>
              <![CDATA[beforeInvocation - About to begin executing following method : FlockSignInDetailed.Heading]]>
            </line>
            <line>
              <![CDATA[afterIncovation - Completed executing following method : FlockSignInDetailed.Heading]]>
            </line>
            <line>
              <![CDATA[Test Method resides in SignIn.FlockSignInDetailed]]>
            </line>
            <line>
              <![CDATA[Test Status: Pass]]>
            </line>
            <line>
              <![CDATA[beforeInvocation - About to begin executing following method : FlockSignInDetailed.afterMethod]]>
            </line>
          </reporter-output>
        </test-method> <!-- Heading -->
        <test-method status="PASS" signature="beforeMethod()[pri:0, instance:SignIn.FlockSignInDetailed@3532ec19]" name="beforeMethod" is-config="true" duration-ms="0" started-at="2017-06-27T16:51:16Z" finished-at="2017-06-27T16:51:16Z">
          <reporter-output>
            <line>
              <![CDATA[afterIncovation - Completed executing following method : FlockSignInDetailed.beforeMethod]]>
            </line>
          </reporter-output>
        </test-method> <!-- beforeMethod -->
        <test-method status="PASS" signature="afterMethod()[pri:0, instance:SignIn.FlockSignInDetailed@3532ec19]" name="afterMethod" is-config="true" duration-ms="0" started-at="2017-06-27T16:51:17Z" finished-at="2017-06-27T16:51:17Z">
          <reporter-output>
            <line>
              <![CDATA[afterIncovation - Completed executing following method : FlockSignInDetailed.afterMethod]]>
            </line>
          </reporter-output>
        </test-method> <!-- afterMethod -->
        <test-method status="PASS" signature="contactSupport()[pri:3, instance:SignIn.FlockSignInDetailed@3532ec19]" name="contactSupport" duration-ms="11778" started-at="2017-06-27T16:51:17Z" finished-at="2017-06-27T16:51:29Z">
          <reporter-output>
            <line>
              <![CDATA[beforeInvocation - About to begin executing following method : FlockSignInDetailed.contactSupport]]>
            </line>
            <line>
              <![CDATA[afterIncovation - Completed executing following method : FlockSignInDetailed.contactSupport]]>
            </line>
            <line>
              <![CDATA[Test Method resides in SignIn.FlockSignInDetailed]]>
            </line>
            <line>
              <![CDATA[Test Status: Pass]]>
            </line>
            <line>
              <![CDATA[beforeInvocation - About to begin executing following method : FlockSignInDetailed.afterMethod]]>
            </line>
          </reporter-output>
        </test-method> <!-- contactSupport -->
        <test-method status="PASS" signature="beforeMethod()[pri:0, instance:SignIn.FlockSignInDetailed@3532ec19]" name="beforeMethod" is-config="true" duration-ms="0" started-at="2017-06-27T16:51:17Z" finished-at="2017-06-27T16:51:17Z">
          <reporter-output>
            <line>
              <![CDATA[afterIncovation - Completed executing following method : FlockSignInDetailed.beforeMethod]]>
            </line>
          </reporter-output>
        </test-method> <!-- beforeMethod -->
        <test-method status="PASS" signature="afterMethod()[pri:0, instance:SignIn.FlockSignInDetailed@3532ec19]" name="afterMethod" is-config="true" duration-ms="0" started-at="2017-06-27T16:51:29Z" finished-at="2017-06-27T16:51:29Z">
          <reporter-output>
            <line>
              <![CDATA[afterIncovation - Completed executing following method : FlockSignInDetailed.afterMethod]]>
            </line>
          </reporter-output>
        </test-method> <!-- afterMethod -->
        <test-method status="PASS" signature="beforeMethod()[pri:0, instance:SignIn.FlockSignInDetailed@3532ec19]" name="beforeMethod" is-config="true" duration-ms="0" started-at="2017-06-27T16:51:29Z" finished-at="2017-06-27T16:51:29Z">
          <reporter-output>
            <line>
              <![CDATA[afterIncovation - Completed executing following method : FlockSignInDetailed.beforeMethod]]>
            </line>
          </reporter-output>
        </test-method> <!-- beforeMethod -->
        <test-method status="PASS" signature="subHeading()[pri:4, instance:SignIn.FlockSignInDetailed@3532ec19]" name="subHeading" duration-ms="152" started-at="2017-06-27T16:51:29Z" finished-at="2017-06-27T16:51:29Z">
          <reporter-output>
            <line>
              <![CDATA[beforeInvocation - About to begin executing following method : FlockSignInDetailed.subHeading]]>
            </line>
            <line>
              <![CDATA[afterIncovation - Completed executing following method : FlockSignInDetailed.subHeading]]>
            </line>
            <line>
              <![CDATA[Test Method resides in SignIn.FlockSignInDetailed]]>
            </line>
            <line>
              <![CDATA[Test Status: Pass]]>
            </line>
            <line>
              <![CDATA[beforeInvocation - About to begin executing following method : FlockSignInDetailed.afterMethod]]>
            </line>
          </reporter-output>
        </test-method> <!-- subHeading -->
        <test-method status="PASS" signature="afterMethod()[pri:0, instance:SignIn.FlockSignInDetailed@3532ec19]" name="afterMethod" is-config="true" duration-ms="1" started-at="2017-06-27T16:51:29Z" finished-at="2017-06-27T16:51:29Z">
          <reporter-output>
            <line>
              <![CDATA[afterIncovation - Completed executing following method : FlockSignInDetailed.afterMethod]]>
            </line>
          </reporter-output>
        </test-method> <!-- afterMethod -->
        <test-method status="PASS" signature="beforeMethod()[pri:0, instance:SignIn.FlockSignInDetailed@3532ec19]" name="beforeMethod" is-config="true" duration-ms="0" started-at="2017-06-27T16:51:29Z" finished-at="2017-06-27T16:51:29Z">
          <reporter-output>
            <line>
              <![CDATA[afterIncovation - Completed executing following method : FlockSignInDetailed.beforeMethod]]>
            </line>
          </reporter-output>
        </test-method> <!-- beforeMethod -->
        <test-method status="PASS" signature="emailPlaceHolder()[pri:5, instance:SignIn.FlockSignInDetailed@3532ec19]" name="emailPlaceHolder" duration-ms="144" started-at="2017-06-27T16:51:29Z" finished-at="2017-06-27T16:51:29Z">
          <reporter-output>
            <line>
              <![CDATA[beforeInvocation - About to begin executing following method : FlockSignInDetailed.emailPlaceHolder]]>
            </line>
            <line>
              <![CDATA[afterIncovation - Completed executing following method : FlockSignInDetailed.emailPlaceHolder]]>
            </line>
            <line>
              <![CDATA[Test Method resides in SignIn.FlockSignInDetailed]]>
            </line>
            <line>
              <![CDATA[Test Status: Pass]]>
            </line>
            <line>
              <![CDATA[beforeInvocation - About to begin executing following method : FlockSignInDetailed.afterMethod]]>
            </line>
          </reporter-output>
        </test-method> <!-- emailPlaceHolder -->
        <test-method status="PASS" signature="afterMethod()[pri:0, instance:SignIn.FlockSignInDetailed@3532ec19]" name="afterMethod" is-config="true" duration-ms="0" started-at="2017-06-27T16:51:29Z" finished-at="2017-06-27T16:51:29Z">
          <reporter-output>
            <line>
              <![CDATA[afterIncovation - Completed executing following method : FlockSignInDetailed.afterMethod]]>
            </line>
          </reporter-output>
        </test-method> <!-- afterMethod -->
        <test-method status="PASS" signature="loginButton()[pri:6, instance:SignIn.FlockSignInDetailed@3532ec19]" name="loginButton" duration-ms="124" started-at="2017-06-27T16:51:29Z" finished-at="2017-06-27T16:51:29Z">
          <reporter-output>
            <line>
              <![CDATA[beforeInvocation - About to begin executing following method : FlockSignInDetailed.loginButton]]>
            </line>
            <line>
              <![CDATA[afterIncovation - Completed executing following method : FlockSignInDetailed.loginButton]]>
            </line>
            <line>
              <![CDATA[Test Method resides in SignIn.FlockSignInDetailed]]>
            </line>
            <line>
              <![CDATA[Test Status: Pass]]>
            </line>
            <line>
              <![CDATA[beforeInvocation - About to begin executing following method : FlockSignInDetailed.afterMethod]]>
            </line>
          </reporter-output>
        </test-method> <!-- loginButton -->
        <test-method status="PASS" signature="beforeMethod()[pri:0, instance:SignIn.FlockSignInDetailed@3532ec19]" name="beforeMethod" is-config="true" duration-ms="0" started-at="2017-06-27T16:51:29Z" finished-at="2017-06-27T16:51:29Z">
          <reporter-output>
            <line>
              <![CDATA[afterIncovation - Completed executing following method : FlockSignInDetailed.beforeMethod]]>
            </line>
          </reporter-output>
        </test-method> <!-- beforeMethod -->
        <test-method status="PASS" signature="afterMethod()[pri:0, instance:SignIn.FlockSignInDetailed@3532ec19]" name="afterMethod" is-config="true" duration-ms="0" started-at="2017-06-27T16:51:30Z" finished-at="2017-06-27T16:51:30Z">
          <reporter-output>
            <line>
              <![CDATA[afterIncovation - Completed executing following method : FlockSignInDetailed.afterMethod]]>
            </line>
          </reporter-output>
        </test-method> <!-- afterMethod -->
        <test-method status="PASS" signature="beforeMethod()[pri:0, instance:SignIn.FlockSignInDetailed@3532ec19]" name="beforeMethod" is-config="true" duration-ms="0" started-at="2017-06-27T16:51:30Z" finished-at="2017-06-27T16:51:30Z">
          <reporter-output>
            <line>
              <![CDATA[afterIncovation - Completed executing following method : FlockSignInDetailed.beforeMethod]]>
            </line>
          </reporter-output>
        </test-method> <!-- beforeMethod -->
        <test-method status="PASS" signature="onbaordingSideBar()[pri:7, instance:SignIn.FlockSignInDetailed@3532ec19]" name="onbaordingSideBar" duration-ms="37" started-at="2017-06-27T16:51:30Z" finished-at="2017-06-27T16:51:30Z">
          <reporter-output>
            <line>
              <![CDATA[beforeInvocation - About to begin executing following method : FlockSignInDetailed.onbaordingSideBar]]>
            </line>
            <line>
              <![CDATA[afterIncovation - Completed executing following method : FlockSignInDetailed.onbaordingSideBar]]>
            </line>
            <line>
              <![CDATA[Test Method resides in SignIn.FlockSignInDetailed]]>
            </line>
            <line>
              <![CDATA[Test Status: Pass]]>
            </line>
            <line>
              <![CDATA[beforeInvocation - About to begin executing following method : FlockSignInDetailed.afterMethod]]>
            </line>
          </reporter-output>
        </test-method> <!-- onbaordingSideBar -->
        <test-method status="PASS" signature="afterMethod()[pri:0, instance:SignIn.FlockSignInDetailed@3532ec19]" name="afterMethod" is-config="true" duration-ms="0" started-at="2017-06-27T16:51:30Z" finished-at="2017-06-27T16:51:30Z">
          <reporter-output>
            <line>
              <![CDATA[afterIncovation - Completed executing following method : FlockSignInDetailed.afterMethod]]>
            </line>
          </reporter-output>
        </test-method> <!-- afterMethod -->
        <test-method status="PASS" signature="beforeMethod()[pri:0, instance:SignIn.FlockSignInDetailed@3532ec19]" name="beforeMethod" is-config="true" duration-ms="1" started-at="2017-06-27T16:51:30Z" finished-at="2017-06-27T16:51:30Z">
          <reporter-output>
            <line>
              <![CDATA[afterIncovation - Completed executing following method : FlockSignInDetailed.beforeMethod]]>
            </line>
          </reporter-output>
        </test-method> <!-- beforeMethod -->
        <test-method status="PASS" signature="emailFieldErrorMessage(java.lang.String)[pri:8, instance:SignIn.FlockSignInDetailed@3532ec19]" name="emailFieldErrorMessage" duration-ms="558" started-at="2017-06-27T16:51:30Z" data-provider="emails" finished-at="2017-06-27T16:51:30Z">
          <params>
            <param index="0">
              <value>
                <![CDATA[]]>
              </value>
            </param>
          </params>
          <reporter-output>
            <line>
              <![CDATA[beforeInvocation - About to begin executing following method : FlockSignInDetailed.emailFieldErrorMessage]]>
            </line>
            <line>
              <![CDATA[afterIncovation - Completed executing following method : FlockSignInDetailed.emailFieldErrorMessage]]>
            </line>
            <line>
              <![CDATA[Test Method resides in SignIn.FlockSignInDetailed]]>
            </line>
            <line>
              <![CDATA[Test Status: Pass]]>
            </line>
            <line>
              <![CDATA[beforeInvocation - About to begin executing following method : FlockSignInDetailed.afterMethod]]>
            </line>
          </reporter-output>
[...]
          <reporter-output>
            <line>
              <![CDATA[afterIncovation - Completed executing following method : FlockSignInDetailed.afterMethod]]>
            </line>
          </reporter-output>
        </test-method> <!-- afterMethod -->
        <test-method status="PASS" signature="resendOtpHook()[pri:18, instance:SignIn.FlockSignInDetailed@548e7350]" name="resendOtpHook" duration-ms="609" started-at="2017-06-27T16:51:52Z" finished-at="2017-06-27T16:51:52Z">
          <reporter-output>
            <line>
              <![CDATA[beforeInvocation - About to begin executing following method : FlockSignInDetailed.resendOtpHook]]>
            </line>
            <line>
              <![CDATA[afterIncovation - Completed executing following method : FlockSignInDetailed.resendOtpHook]]>
            </line>
            <line>
              <![CDATA[Test Method resides in SignIn.FlockSignInDetailed]]>
            </line>
            <line>
              <![CDATA[Test Status: Pass]]>
            </line>
            <line>
              <![CDATA[beforeInvocation - About to begin executing following method : FlockSignInDetailed.afterMethod]]>
            </line>
          </reporter-output>
        </test-method> <!-- resendOtpHook -->
        <test-method status="PASS" signature="beforeMethod()[pri:0, instance:SignIn.FlockSignInDetailed@548e7350]" name="beforeMethod" is-config="true" duration-ms="0" started-at="2017-06-27T16:51:52Z" finished-at="2017-06-27T16:51:52Z">
          <reporter-output>
            <line>
              <![CDATA[afterIncovation - Completed executing following method : FlockSignInDetailed.beforeMethod]]>
            </line>
          </reporter-output>
        </test-method> <!-- beforeMethod -->
        <test-method status="PASS" signature="resendOtpHookClicked()[pri:19, instance:SignIn.FlockSignInDetailed@548e7350]" name="resendOtpHookClicked" duration-ms="799" started-at="2017-06-27T16:51:53Z" finished-at="2017-06-27T16:51:54Z">
          <reporter-output>
            <line>
              <![CDATA[beforeInvocation - About to begin executing following method : FlockSignInDetailed.resendOtpHookClicked]]>
            </line>
            <line>
              <![CDATA[afterIncovation - Completed executing following method : FlockSignInDetailed.resendOtpHookClicked]]>
            </line>
            <line>
              <![CDATA[Test Method resides in SignIn.FlockSignInDetailed]]>
            </line>
            <line>
              <![CDATA[Test Status: Pass]]>
            </line>
            <line>
              <![CDATA[beforeInvocation - About to begin executing following method : FlockSignInDetailed.afterMethod]]>
            </line>
          </reporter-output>
        </test-method> <!-- resendOtpHookClicked -->
        <test-method status="PASS" signature="beforeMethod()[pri:0, instance:SignIn.FlockSignInDetailed@548e7350]" name="beforeMethod" is-config="true" duration-ms="0" started-at="2017-06-27T16:51:53Z" finished-at="2017-06-27T16:51:53Z">
          <reporter-output>
            <line>
              <![CDATA[afterIncovation - Completed executing following method : FlockSignInDetailed.beforeMethod]]>
            </line>
          </reporter-output>
        </test-method> <!-- beforeMethod -->
        <test-method status="PASS" signature="afterMethod()[pri:0, instance:SignIn.FlockSignInDetailed@548e7350]" name="afterMethod" is-config="true" duration-ms="0" started-at="2017-06-27T16:51:53Z" finished-at="2017-06-27T16:51:53Z">
          <reporter-output>
            <line>
              <![CDATA[afterIncovation - Completed executing following method : FlockSignInDetailed.afterMethod]]>
            </line>
          </reporter-output>
        </test-method> <!-- afterMethod -->
        <test-method status="PASS" signature="afterMethod()[pri:0, instance:SignIn.FlockSignInDetailed@548e7350]" name="afterMethod" is-config="true" duration-ms="1" started-at="2017-06-27T16:51:54Z" finished-at="2017-06-27T16:51:54Z">
          <reporter-output>
            <line>
              <![CDATA[afterIncovation - Completed executing following method : FlockSignInDetailed.afterMethod]]>
            </line>
          </reporter-output>
        </test-method> <!-- afterMethod -->
        <test-method status="PASS" signature="checkEditButton()[pri:20, instance:SignIn.FlockSignInDetailed@548e7350]" name="checkEditButton" duration-ms="6502" started-at="2017-06-27T16:51:54Z" finished-at="2017-06-27T16:52:00Z">
          <reporter-output>
            <line>
              <![CDATA[beforeInvocation - About to begin executing following method : FlockSignInDetailed.checkEditButton]]>
            </line>
            <line>
              <![CDATA[afterIncovation - Completed executing following method : FlockSignInDetailed.checkEditButton]]>
            </line>
            <line>
              <![CDATA[Test Method resides in SignIn.FlockSignInDetailed]]>
            </line>
            <line>
              <![CDATA[Test Status: Pass]]>
            </line>
            <line>
              <![CDATA[beforeInvocation - About to begin executing following method : FlockSignInDetailed.afterMethod]]>
            </line>
          </reporter-output>
        </test-method> <!-- checkEditButton -->
        <test-method status="PASS" signature="beforeMethod()[pri:0, instance:SignIn.FlockSignInDetailed@548e7350]" name="beforeMethod" is-config="true" duration-ms="0" started-at="2017-06-27T16:51:54Z" finished-at="2017-06-27T16:51:54Z">
          <reporter-output>
            <line>
              <![CDATA[afterIncovation - Completed executing following method : FlockSignInDetailed.beforeMethod]]>
            </line>
          </reporter-output>
        </test-method> <!-- beforeMethod -->
        <test-method status="PASS" signature="afterMethod()[pri:0, instance:SignIn.FlockSignInDetailed@548e7350]" name="afterMethod" is-config="true" duration-ms="1" started-at="2017-06-27T16:52:01Z" finished-at="2017-06-27T16:52:01Z">
          <reporter-output>
            <line>
              <![CDATA[afterIncovation - Completed executing following method : FlockSignInDetailed.afterMethod]]>
            </line>
          </reporter-output>
        </test-method> <!-- afterMethod -->
        <test-method status="PASS" signature="verifyButton()[pri:20, instance:SignIn.FlockSignInDetailed@548e7350]" name="verifyButton" duration-ms="219" started-at="2017-06-27T16:52:01Z" finished-at="2017-06-27T16:52:01Z">
          <reporter-output>
            <line>
              <![CDATA[beforeInvocation - About to begin executing following method : FlockSignInDetailed.verifyButton]]>
            </line>
            <line>
              <![CDATA[afterIncovation - Completed executing following method : FlockSignInDetailed.verifyButton]]>
            </line>
            <line>
              <![CDATA[Test Method resides in SignIn.FlockSignInDetailed]]>
            </line>
            <line>
              <![CDATA[Test Status: Pass]]>
            </line>
            <line>
              <![CDATA[beforeInvocation - About to begin executing following method : FlockSignInDetailed.afterMethod]]>
            </line>
          </reporter-output>
        </test-method> <!-- verifyButton -->
        <test-method status="PASS" signature="beforeMethod()[pri:0, instance:SignIn.FlockSignInDetailed@548e7350]" name="beforeMethod" is-config="true" duration-ms="0" started-at="2017-06-27T16:52:01Z" finished-at="2017-06-27T16:52:01Z">
          <reporter-output>
            <line>
              <![CDATA[afterIncovation - Completed executing following method : FlockSignInDetailed.beforeMethod]]>
            </line>
          </reporter-output>
        </test-method> <!-- beforeMethod -->
        <test-method status="PASS" signature="afterMethod()[pri:0, instance:SignIn.FlockSignInDetailed@548e7350]" name="afterMethod" is-config="true" duration-ms="1" started-at="2017-06-27T16:52:01Z" finished-at="2017-06-27T16:52:01Z">
          <reporter-output>
            <line>
              <![CDATA[afterIncovation - Completed executing following method : FlockSignInDetailed.afterMethod]]>
            </line>
          </reporter-output>
        </test-method> <!-- afterMethod -->
        <test-method status="PASS" signature="beforeMethod()[pri:0, instance:SignIn.FlockSignInDetailed@548e7350]" name="beforeMethod" is-config="true" duration-ms="0" started-at="2017-06-27T16:52:01Z" finished-at="2017-06-27T16:52:01Z">
          <reporter-output>
            <line>
              <![CDATA[afterIncovation - Completed executing following method : FlockSignInDetailed.beforeMethod]]>
            </line>
          </reporter-output>
        </test-method> <!-- beforeMethod -->
        <test-method status="PASS" signature="otpErrorMessage(java.lang.String)[pri:21, instance:SignIn.FlockSignInDetailed@548e7350]" name="otpErrorMessage" duration-ms="2735" started-at="2017-06-27T16:52:01Z" data-provider="otp" finished-at="2017-06-27T16:52:04Z">
          <params>
            <param index="0">
              <value>
                <![CDATA[]]>
              </value>
            </param>
          </params>
          <reporter-output>
            <line>
              <![CDATA[beforeInvocation - About to begin executing following method : FlockSignInDetailed.otpErrorMessage]]>
            </line>
            <line>
              <![CDATA[afterIncovation - Completed executing following method : FlockSignInDetailed.otpErrorMessage]]>
            </line>
            <line>
              <![CDATA[Test Method resides in SignIn.FlockSignInDetailed]]>
            </line>
            <line>
              <![CDATA[Test Status: Pass]]>
            </line>
            <line>
              <![CDATA[beforeInvocation - About to begin executing following method : FlockSignInDetailed.afterMethod]]>
            </line>
          </reporter-output>
        </test-method> <!-- otpErrorMessage -->
        <test-method status="PASS" signature="beforeMethod()[pri:0, instance:SignIn.FlockSignInDetailed@548e7350]" name="beforeMethod" is-config="true" duration-ms="0" started-at="2017-06-27T16:52:04Z" finished-at="2017-06-27T16:52:04Z">
          <reporter-output>
            <line>
              <![CDATA[afterIncovation - Completed executing following method : FlockSignInDetailed.beforeMethod]]>
            </line>
          </reporter-output>
        </test-method> <!-- beforeMethod -->
        <test-method status="PASS" signature="otpErrorMessage(java.lang.String)[pri:21, instance:SignIn.FlockSignInDetailed@548e7350]" name="otpErrorMessage" duration-ms="2376" started-at="2017-06-27T16:52:04Z" data-provider="otp" finished-at="2017-06-27T16:52:06Z">
          <params>
            <param index="0">
              <value>
                <![CDATA[jffhfh]]>
              </value>
            </param>
          </params>
          <reporter-output>
            <line>
              <![CDATA[beforeInvocation - About to begin executing following method : FlockSignInDetailed.otpErrorMessage]]>
            </line>
            <line>
              <![CDATA[afterIncovation - Completed executing following method : FlockSignInDetailed.otpErrorMessage]]>
            </line>
            <line>
              <![CDATA[Test Method resides in SignIn.FlockSignInDetailed]]>
            </line>
            <line>
              <![CDATA[Test Status: Pass]]>
            </line>
            <line>
              <![CDATA[beforeInvocation - About to begin executing following method : FlockSignInDetailed.afterMethod]]>
            </line>
          </reporter-output>
        </test-method> <!-- otpErrorMessage -->
        <test-method status="PASS" signature="afterMethod()[pri:0, instance:SignIn.FlockSignInDetailed@548e7350]" name="afterMethod" is-config="true" duration-ms="0" started-at="2017-06-27T16:52:04Z" finished-at="2017-06-27T16:52:04Z">
          <reporter-output>
            <line>
              <![CDATA[afterIncovation - Completed executing following method : FlockSignInDetailed.afterMethod]]>
            </line>
          </reporter-output>
        </test-method> <!-- afterMethod -->
        <test-method status="PASS" signature="afterMethod()[pri:0, instance:SignIn.FlockSignInDetailed@548e7350]" name="afterMethod" is-config="true" duration-ms="1" started-at="2017-06-27T16:52:07Z" finished-at="2017-06-27T16:52:07Z">
          <reporter-output>
            <line>
              <![CDATA[afterIncovation - Completed executing following method : FlockSignInDetailed.afterMethod]]>
            </line>
          </reporter-output>
        </test-method> <!-- afterMethod -->
        <test-method status="PASS" signature="beforeMethod()[pri:0, instance:SignIn.FlockSignInDetailed@548e7350]" name="beforeMethod" is-config="true" duration-ms="0" started-at="2017-06-27T16:52:07Z" finished-at="2017-06-27T16:52:07Z">
          <reporter-output>
            <line>
              <![CDATA[afterIncovation - Completed executing following method : FlockSignInDetailed.beforeMethod]]>
            </line>
          </reporter-output>
        </test-method> <!-- beforeMethod -->
        <test-method status="PASS" signature="otpErrorMessage(java.lang.String)[pri:21, instance:SignIn.FlockSignInDetailed@548e7350]" name="otpErrorMessage" duration-ms="2414" started-at="2017-06-27T16:52:07Z" data-provider="otp" finished-at="2017-06-27T16:52:09Z">
          <params>
            <param index="0">
              <value>
                <![CDATA[1q2q3q]]>
              </value>
            </param>
          </params>
          <reporter-output>
            <line>
              <![CDATA[beforeInvocation - About to begin executing following method : FlockSignInDetailed.otpErrorMessage]]>
            </line>
            <line>
              <![CDATA[afterIncovation - Completed executing following method : FlockSignInDetailed.otpErrorMessage]]>
            </line>
            <line>
              <![CDATA[Test Method resides in SignIn.FlockSignInDetailed]]>
            </line>
            <line>
              <![CDATA[Test Status: Pass]]>
            </line>
            <line>
              <![CDATA[beforeInvocation - About to begin executing following method : FlockSignInDetailed.afterMethod]]>
            </line>
          </reporter-output>
        </test-method> <!-- otpErrorMessage -->
        <test-method status="PASS" signature="afterMethod()[pri:0, instance:SignIn.FlockSignInDetailed@548e7350]" name="afterMethod" is-config="true" duration-ms="0" started-at="2017-06-27T16:52:09Z" finished-at="2017-06-27T16:52:09Z">
          <reporter-output>
            <line>
              <![CDATA[afterIncovation - Completed executing following method : FlockSignInDetailed.afterMethod]]>
            </line>
          </reporter-output>
        </test-method> <!-- afterMethod -->
        <test-method status="PASS" signature="beforeMethod()[pri:0, instance:SignIn.FlockSignInDetailed@548e7350]" name="beforeMethod" is-config="true" duration-ms="1" started-at="2017-06-27T16:52:09Z" finished-at="2017-06-27T16:52:09Z">
          <reporter-output>
            <line>
              <![CDATA[afterIncovation - Completed executing following method : FlockSignInDetailed.beforeMethod]]>
            </line>
          </reporter-output>
        </test-method> <!-- beforeMethod -->
        <test-method status="PASS" signature="otpErrorMessage1()[pri:22, instance:SignIn.FlockSignInDetailed@548e7350]" name="otpErrorMessage1" duration-ms="2756" started-at="2017-06-27T16:52:09Z" finished-at="2017-06-27T16:52:12Z">
          <reporter-output>
            <line>
              <![CDATA[beforeInvocation - About to begin executing following method : FlockSignInDetailed.otpErrorMessage1]]>
            </line>
            <line>
              <![CDATA[afterIncovation - Completed executing following method : FlockSignInDetailed.otpErrorMessage1]]>
            </line>
            <line>
              <![CDATA[Test Method resides in SignIn.FlockSignInDetailed]]>
            </line>
            <line>
              <![CDATA[Test Status: Pass]]>
            </line>
            <line>
              <![CDATA[beforeInvocation - About to begin executing following method : FlockSignInDetailed.afterMethod]]>
            </line>
          </reporter-output>
        </test-method> <!-- otpErrorMessage1 -->
        <test-method status="PASS" signature="afterMethod()[pri:0, instance:SignIn.FlockSignInDetailed@548e7350]" name="afterMethod" is-config="true" duration-ms="0" started-at="2017-06-27T16:52:12Z" finished-at="2017-06-27T16:52:12Z">
          <reporter-output>
            <line>
              <![CDATA[afterIncovation - Completed executing following method : FlockSignInDetailed.afterMethod]]>
            </line>
          </reporter-output>
        </test-method> <!-- afterMethod -->
        <test-method status="PASS" signature="enterOTP()[pri:23, instance:SignIn.FlockSignInDetailed@548e7350]" name="enterOTP" duration-ms="325" started-at="2017-06-27T16:52:12Z" finished-at="2017-06-27T16:52:12Z">
          <reporter-output>
            <line>
              <![CDATA[beforeInvocation - About to begin executing following method : FlockSignInDetailed.enterOTP]]>
            </line>
            <line>
              <![CDATA[afterIncovation - Completed executing following method : FlockSignInDetailed.enterOTP]]>
            </line>
            <line>
              <![CDATA[Test Method resides in SignIn.FlockSignInDetailed]]>
            </line>
            <line>
              <![CDATA[Test Status: Pass]]>
            </line>
            <line>
              <![CDATA[beforeInvocation - About to begin executing following method : FlockSignInDetailed.afterMethod]]>
            </line>
          </reporter-output>
        </test-method> <!-- enterOTP -->
        <test-method status="PASS" signature="beforeMethod()[pri:0, instance:SignIn.FlockSignInDetailed@548e7350]" name="beforeMethod" is-config="true" duration-ms="0" started-at="2017-06-27T16:52:12Z" finished-at="2017-06-27T16:52:12Z">
          <reporter-output>
            <line>
              <![CDATA[afterIncovation - Completed executing following method : FlockSignInDetailed.beforeMethod]]>
            </line>
          </reporter-output>
        </test-method> <!-- beforeMethod -->
        <test-method status="PASS" signature="afterMethod()[pri:0, instance:SignIn.FlockSignInDetailed@548e7350]" name="afterMethod" is-config="true" duration-ms="0" started-at="2017-06-27T16:52:13Z" finished-at="2017-06-27T16:52:13Z">
          <reporter-output>
            <line>
              <![CDATA[afterIncovation - Completed executing following method : FlockSignInDetailed.afterMethod]]>
            </line>
          </reporter-output>
        </test-method> <!-- afterMethod -->
        <test-method status="PASS" signature="afterClass()[pri:0, instance:SignIn.FlockSignInDetailed@548e7350]" name="afterClass" is-config="true" duration-ms="4197" started-at="2017-06-27T16:52:13Z" finished-at="2017-06-27T16:52:17Z">
          <reporter-output>
            <line>
              <![CDATA[afterIncovation - Completed executing following method : BaseTestSuite.afterClass]]>
            </line>
          </reporter-output>
        </test-method> <!-- afterClass -->
        <test-method status="PASS" signature="afterSuite()[pri:0, instance:SignIn.FlockSignInDetailed@548e7350]" name="afterSuite" is-config="true" duration-ms="0" started-at="2017-06-27T16:52:17Z" finished-at="2017-06-27T16:52:17Z">
          <reporter-output>
            <line>
              <![CDATA[afterIncovation - Completed executing following method : BaseTestSuite.afterSuite]]>
            </line>
          </reporter-output>
        </test-method> <!-- afterSuite -->
      </class> <!-- SignIn.FlockSignInDetailed -->
    </test> <!-- Chorme Browser -->
  </suite> <!-- MultiBrowser -->
</testng-results>
