<?xml version="1.0" encoding="UTF-8"?>
<testng-results skipped="3" failed="1" ignored="0" total="6" passed="2">
  <reporter-output>
    <line>
      <![CDATA[Starting the Suite (onStart Suite): searchPlus]]>
    </line>
    <line>
      <![CDATA[About to begin executing following method (beforeInvocation): flockClient.searchPlus => beforeSuite]]>
    </line>
    <line>
      <![CDATA[Finished executing the following method (afterInvocation): flockClient.searchPlus => beforeSuite]]>
    </line>
    <line>
      <![CDATA[Starting <test> tag with name(onStart Test): Chorme Browser]]>
    </line>
    <line>
      <![CDATA[The following methods from the <test> tag will be executed: ]]>
    </line>
    <line>
      <![CDATA[searchPlusChannelOption]]>
    </line>
    <line>
      <![CDATA[searchPlusInviteOption]]>
    </line>
    <line>
      <![CDATA[searchPlusJoinChannelOption]]>
    </line>
    <line>
      <![CDATA[About to begin executing following method (beforeInvocation): flockClient.searchPlus => beforeTest]]>
    </line>
    <line>
      <![CDATA[Finished executing the following method (afterInvocation): flockClient.searchPlus => beforeTest]]>
    </line>
    <line>
      <![CDATA[Starting <test> tag with name(onStart Test): Firefox Browser]]>
    </line>
    <line>
      <![CDATA[The following methods from the <test> tag will be executed: ]]>
    </line>
    <line>
      <![CDATA[searchPlusChannelOption]]>
    </line>
    <line>
      <![CDATA[searchPlusInviteOption]]>
    </line>
    <line>
      <![CDATA[searchPlusJoinChannelOption]]>
    </line>
    <line>
      <![CDATA[About to begin executing following method (beforeInvocation): flockClient.searchPlus => beforeTest]]>
    </line>
    <line>
      <![CDATA[Finished executing the following method (afterInvocation): flockClient.searchPlus => beforeTest]]>
    </line>
    <line>
      <![CDATA[About to begin executing following method (beforeInvocation): flockClient.searchPlus => beforeClass]]>
    </line>
    <line>
      <![CDATA[Finished executing the following method (afterInvocation): flockClient.searchPlus => beforeClass]]>
    </line>
    <line>
      <![CDATA[Skipped Test (onTestSkipped): searchPlusChannelOption]]>
    </line>
    <line>
      <![CDATA[Skipped Test (onTestSkipped): searchPlusInviteOption]]>
    </line>
    <line>
      <![CDATA[Skipped Test (onTestSkipped): searchPlusJoinChannelOption]]>
    </line>
    <line>
      <![CDATA[Completed the Suite (onFinish Test): Firefox Browser]]>
    </line>
    <line>
      <![CDATA[About to begin executing following method (beforeInvocation): flockClient.searchPlus => beforeClass]]>
    </line>
    <line>
      <![CDATA[Finished executing the following method (afterInvocation): flockClient.searchPlus => beforeClass]]>
    </line>
    <line>
      <![CDATA[About to begin executing following method (beforeInvocation): flockClient.searchPlus => beforeMethod]]>
    </line>
    <line>
      <![CDATA[Finished executing the following method (afterInvocation): flockClient.searchPlus => beforeMethod]]>
    </line>
    <line>
      <![CDATA[Starting Test (onTestStart): searchPlusChannelOption]]>
    </line>
    <line>
      <![CDATA[About to begin executing following method (beforeInvocation): flockClient.searchPlus => searchPlusChannelOption]]>
    </line>
    <line>
      <![CDATA[Finished executing the following method (afterInvocation): flockClient.searchPlus => searchPlusChannelOption]]>
    </line>
    <line>
      <![CDATA[Successful Test (onTestSuccess): searchPlusChannelOption]]>
    </line>
    <line>
      <![CDATA[About to begin executing following method (beforeInvocation): flockClient.searchPlus => beforeMethod]]>
    </line>
    <line>
      <![CDATA[Finished executing the following method (afterInvocation): flockClient.searchPlus => beforeMethod]]>
    </line>
    <line>
      <![CDATA[Starting Test (onTestStart): searchPlusInviteOption]]>
    </line>
    <line>
      <![CDATA[About to begin executing following method (beforeInvocation): flockClient.searchPlus => searchPlusInviteOption]]>
    </line>
    <line>
      <![CDATA[Finished executing the following method (afterInvocation): flockClient.searchPlus => searchPlusInviteOption]]>
    </line>
    <line>
      <![CDATA[Successful Test (onTestSuccess): searchPlusInviteOption]]>
    </line>
    <line>
      <![CDATA[About to begin executing following method (beforeInvocation): flockClient.searchPlus => beforeMethod]]>
    </line>
    <line>
      <![CDATA[Finished executing the following method (afterInvocation): flockClient.searchPlus => beforeMethod]]>
    </line>
    <line>
      <![CDATA[Starting Test (onTestStart): searchPlusJoinChannelOption]]>
    </line>
    <line>
      <![CDATA[About to begin executing following method (beforeInvocation): flockClient.searchPlus => searchPlusJoinChannelOption]]>
    </line>
    <line>
      <![CDATA[Finished executing the following method (afterInvocation): flockClient.searchPlus => searchPlusJoinChannelOption]]>
    </line>
    <line>
      <![CDATA[Failed Test (onTestFailure): searchPlusJoinChannelOption]]>
    </line>
    <line>
      <![CDATA[About to begin executing following method (beforeInvocation): flockClient.searchPlus => afterClass]]>
    </line>
    <line>
      <![CDATA[Finished executing the following method (afterInvocation): flockClient.searchPlus => afterClass]]>
    </line>
    <line>
      <![CDATA[About to begin executing following method (beforeInvocation): flockClient.searchPlus => afterTest]]>
    </line>
    <line>
      <![CDATA[Finished executing the following method (afterInvocation): flockClient.searchPlus => afterTest]]>
    </line>
    <line>
      <![CDATA[About to begin executing following method (beforeInvocation): flockClient.searchPlus => afterSuite]]>
    </line>
    <line>
      <![CDATA[Finished executing the following method (afterInvocation): flockClient.searchPlus => afterSuite]]>
    </line>
  </reporter-output>
  <suite name="searchPlus" duration-ms="211522" started-at="2017-08-08T08:52:20Z" finished-at="2017-08-08T08:55:51Z">
    <groups>
    </groups>
    <test name="Firefox Browser" duration-ms="84719" started-at="2017-08-08T08:52:20Z" finished-at="2017-08-08T08:53:44Z">
      <class name="flockClient.searchPlus">
        <test-method status="PASS" signature="beforeTest(java.lang.String)[pri:0, instance:flockClient.searchPlus@21b2e768]" name="beforeTest" is-config="true" duration-ms="47402" started-at="2017-08-08T14:22:20Z" finished-at="2017-08-08T14:23:07Z">
          <params>
            <param index="0">
              <value>
                <![CDATA[firefox]]>
              </value>
            </param>
          </params>
          <reporter-output>
            <line>
              <![CDATA[Finished executing the following method (afterInvocation): flockClient.searchPlus => beforeTest]]>
            </line>
          </reporter-output>
        </test-method> <!-- beforeTest -->
        <test-method status="FAIL" signature="beforeClass()[pri:0, instance:flockClient.searchPlus@21b2e768]" name="beforeClass" is-config="true" duration-ms="37222" started-at="2017-08-08T14:23:07Z" finished-at="2017-08-08T14:23:44Z">
          <exception class="org.openqa.selenium.WebDriverException">
            <message>
              <![CDATA[TypeError: can't access dead object
Build info: version: 'unknown', revision: 'unknown', time: 'unknown'
System info: host: 'MDVLFARZANS', ip: '172.16.138.89', os.name: 'Windows 10', os.arch: 'amd64', os.version: '10.0', java.version: '1.8.0_141'
Driver info: org.openqa.selenium.firefox.FirefoxDriver
Capabilities [{moz:profile=C:\Users\FARZAN~1.DIR\AppData\Local\Temp\rust_mozprofile.OvzlejU9q4QX, rotatable=false, timeouts={implicit=0.0, pageLoad=300000.0, script=30000.0}, pageLoadStrategy=normal, platform=ANY, specificationLevel=0.0, moz:accessibilityChecks=false, acceptInsecureCerts=false, browserVersion=54.0.1, platformVersion=10.0, moz:processID=10856.0, browserName=firefox, javascriptEnabled=true, platformName=windows_nt}]
Session ID: 9b8e85db-16d7-4846-a25e-f95cb29c04f6
*** Element info: {Using=xpath, value=//div[@id='dijit__Templated_20']}]]>
            </message>
            <full-stacktrace>
              <![CDATA[org.openqa.selenium.WebDriverException: TypeError: can't access dead object
Build info: version: 'unknown', revision: 'unknown', time: 'unknown'
System info: host: 'MDVLFARZANS', ip: '172.16.138.89', os.name: 'Windows 10', os.arch: 'amd64', os.version: '10.0', java.version: '1.8.0_141'
Driver info: org.openqa.selenium.firefox.FirefoxDriver
Capabilities [{moz:profile=C:\Users\FARZAN~1.DIR\AppData\Local\Temp\rust_mozprofile.OvzlejU9q4QX, rotatable=false, timeouts={implicit=0.0, pageLoad=300000.0, script=30000.0}, pageLoadStrategy=normal, platform=ANY, specificationLevel=0.0, moz:accessibilityChecks=false, acceptInsecureCerts=false, browserVersion=54.0.1, platformVersion=10.0, moz:processID=10856.0, browserName=firefox, javascriptEnabled=true, platformName=windows_nt}]
Session ID: 9b8e85db-16d7-4846-a25e-f95cb29c04f6
*** Element info: {Using=xpath, value=//div[@id='dijit__Templated_20']}
	at sun.reflect.NativeConstructorAccessorImpl.newInstance0(Native Method)
	at sun.reflect.NativeConstructorAccessorImpl.newInstance(Unknown Source)
	at sun.reflect.DelegatingConstructorAccessorImpl.newInstance(Unknown Source)
	at java.lang.reflect.Constructor.newInstance(Unknown Source)
	at org.openqa.selenium.remote.http.W3CHttpResponseCodec.createException(W3CHttpResponseCodec.java:150)
	at org.openqa.selenium.remote.http.W3CHttpResponseCodec.decode(W3CHttpResponseCodec.java:115)
	at org.openqa.selenium.remote.http.W3CHttpResponseCodec.decode(W3CHttpResponseCodec.java:45)
	at org.openqa.selenium.remote.HttpCommandExecutor.execute(HttpCommandExecutor.java:164)
	at org.openqa.selenium.remote.service.DriverCommandExecutor.execute(DriverCommandExecutor.java:82)
	at org.openqa.selenium.remote.RemoteWebDriver.execute(RemoteWebDriver.java:637)
	at org.openqa.selenium.remote.RemoteWebDriver.findElements(RemoteWebDriver.java:437)
	at org.openqa.selenium.remote.RemoteWebDriver.findElementsByXPath(RemoteWebDriver.java:513)
	at org.openqa.selenium.By$ByXPath.findElements(By.java:356)
	at org.openqa.selenium.remote.RemoteWebDriver.findElements(RemoteWebDriver.java:398)
	at utilities.GenericMethods.getElementList(GenericMethods.java:72)
	at utilities.GenericMethods.isElementPresent(GenericMethods.java:104)
	at utilities.OnBoardingUtils.skipFeatureTour(OnBoardingUtils.java:70)
	at utilities.OnBoardingUtils.setUpUserAccount(OnBoardingUtils.java:54)
	at base.BaseTestSuite.beforeClass(BaseTestSuite.java:86)
	at sun.reflect.NativeMethodAccessorImpl.invoke0(Native Method)
	at sun.reflect.NativeMethodAccessorImpl.invoke(Unknown Source)
	at sun.reflect.DelegatingMethodAccessorImpl.invoke(Unknown Source)
	at java.lang.reflect.Method.invoke(Unknown Source)
	at org.testng.internal.MethodInvocationHelper.invokeMethod(MethodInvocationHelper.java:108)
	at org.testng.internal.Invoker.invokeConfigurationMethod(Invoker.java:523)
	at org.testng.internal.Invoker.invokeConfigurations(Invoker.java:224)
	at org.testng.internal.Invoker.invokeConfigurations(Invoker.java:146)
	at org.testng.internal.TestMethodWorker.invokeBeforeClassMethods(TestMethodWorker.java:166)
	at org.testng.internal.TestMethodWorker.run(TestMethodWorker.java:105)
	at org.testng.TestRunner.privateRun(TestRunner.java:744)
	at org.testng.TestRunner.run(TestRunner.java:602)
	at org.testng.SuiteRunner.runTest(SuiteRunner.java:380)
	at org.testng.SuiteRunner.access$000(SuiteRunner.java:39)
	at org.testng.SuiteRunner$SuiteWorker.run(SuiteRunner.java:414)
	at org.testng.internal.thread.ThreadUtil$1.call(ThreadUtil.java:52)
	at java.util.concurrent.FutureTask.run(Unknown Source)
	at java.util.concurrent.ThreadPoolExecutor.runWorker(Unknown Source)
	at java.util.concurrent.ThreadPoolExecutor$Worker.run(Unknown Source)
	at java.lang.Thread.run(Unknown Source)
]]>
            </full-stacktrace>
          </exception> <!-- org.openqa.selenium.WebDriverException -->
          <reporter-output>
            <line>
              <![CDATA[Finished executing the following method (afterInvocation): flockClient.searchPlus => beforeClass]]>
            </line>
          </reporter-output>
        </test-method> <!-- beforeClass -->
        <test-method status="SKIP" signature="beforeMethod()[pri:0, instance:flockClient.searchPlus@21b2e768]" name="beforeMethod" is-config="true" duration-ms="0" started-at="2017-08-08T14:23:44Z" finished-at="2017-08-08T14:23:44Z">
          <reporter-output>
          </reporter-output>
        </test-method> <!-- beforeMethod -->
        <test-method status="SKIP" signature="searchPlusChannelOption()[pri:1, instance:flockClient.searchPlus@21b2e768]" name="searchPlusChannelOption" duration-ms="0" started-at="2017-08-08T14:23:44Z" finished-at="2017-08-08T14:23:44Z">
          <exception class="org.openqa.selenium.WebDriverException">
            <message>
              <![CDATA[TypeError: can't access dead object
Build info: version: 'unknown', revision: 'unknown', time: 'unknown'
System info: host: 'MDVLFARZANS', ip: '172.16.138.89', os.name: 'Windows 10', os.arch: 'amd64', os.version: '10.0', java.version: '1.8.0_141'
Driver info: org.openqa.selenium.firefox.FirefoxDriver
Capabilities [{moz:profile=C:\Users\FARZAN~1.DIR\AppData\Local\Temp\rust_mozprofile.OvzlejU9q4QX, rotatable=false, timeouts={implicit=0.0, pageLoad=300000.0, script=30000.0}, pageLoadStrategy=normal, platform=ANY, specificationLevel=0.0, moz:accessibilityChecks=false, acceptInsecureCerts=false, browserVersion=54.0.1, platformVersion=10.0, moz:processID=10856.0, browserName=firefox, javascriptEnabled=true, platformName=windows_nt}]
Session ID: 9b8e85db-16d7-4846-a25e-f95cb29c04f6
*** Element info: {Using=xpath, value=//div[@id='dijit__Templated_20']}]]>
            </message>
            <full-stacktrace>
              <![CDATA[org.openqa.selenium.WebDriverException: TypeError: can't access dead object
Build info: version: 'unknown', revision: 'unknown', time: 'unknown'
System info: host: 'MDVLFARZANS', ip: '172.16.138.89', os.name: 'Windows 10', os.arch: 'amd64', os.version: '10.0', java.version: '1.8.0_141'
Driver info: org.openqa.selenium.firefox.FirefoxDriver
Capabilities [{moz:profile=C:\Users\FARZAN~1.DIR\AppData\Local\Temp\rust_mozprofile.OvzlejU9q4QX, rotatable=false, timeouts={implicit=0.0, pageLoad=300000.0, script=30000.0}, pageLoadStrategy=normal, platform=ANY, specificationLevel=0.0, moz:accessibilityChecks=false, acceptInsecureCerts=false, browserVersion=54.0.1, platformVersion=10.0, moz:processID=10856.0, browserName=firefox, javascriptEnabled=true, platformName=windows_nt}]
Session ID: 9b8e85db-16d7-4846-a25e-f95cb29c04f6
*** Element info: {Using=xpath, value=//div[@id='dijit__Templated_20']}
	at sun.reflect.NativeConstructorAccessorImpl.newInstance0(Native Method)
	at sun.reflect.NativeConstructorAccessorImpl.newInstance(Unknown Source)
	at sun.reflect.DelegatingConstructorAccessorImpl.newInstance(Unknown Source)
	at java.lang.reflect.Constructor.newInstance(Unknown Source)
	at org.openqa.selenium.remote.http.W3CHttpResponseCodec.createException(W3CHttpResponseCodec.java:150)
	at org.openqa.selenium.remote.http.W3CHttpResponseCodec.decode(W3CHttpResponseCodec.java:115)
	at org.openqa.selenium.remote.http.W3CHttpResponseCodec.decode(W3CHttpResponseCodec.java:45)
	at org.openqa.selenium.remote.HttpCommandExecutor.execute(HttpCommandExecutor.java:164)
	at org.openqa.selenium.remote.service.DriverCommandExecutor.execute(DriverCommandExecutor.java:82)
	at org.openqa.selenium.remote.RemoteWebDriver.execute(RemoteWebDriver.java:637)
	at org.openqa.selenium.remote.RemoteWebDriver.findElements(RemoteWebDriver.java:437)
	at org.openqa.selenium.remote.RemoteWebDriver.findElementsByXPath(RemoteWebDriver.java:513)
	at org.openqa.selenium.By$ByXPath.findElements(By.java:356)
	at org.openqa.selenium.remote.RemoteWebDriver.findElements(RemoteWebDriver.java:398)
	at utilities.GenericMethods.getElementList(GenericMethods.java:72)
	at utilities.GenericMethods.isElementPresent(GenericMethods.java:104)
	at utilities.OnBoardingUtils.skipFeatureTour(OnBoardingUtils.java:70)
	at utilities.OnBoardingUtils.setUpUserAccount(OnBoardingUtils.java:54)
	at base.BaseTestSuite.beforeClass(BaseTestSuite.java:86)
	at sun.reflect.NativeMethodAccessorImpl.invoke0(Native Method)
	at sun.reflect.NativeMethodAccessorImpl.invoke(Unknown Source)
	at sun.reflect.DelegatingMethodAccessorImpl.invoke(Unknown Source)
	at java.lang.reflect.Method.invoke(Unknown Source)
	at org.testng.internal.MethodInvocationHelper.invokeMethod(MethodInvocationHelper.java:108)
	at org.testng.internal.Invoker.invokeConfigurationMethod(Invoker.java:523)
	at org.testng.internal.Invoker.invokeConfigurations(Invoker.java:224)
	at org.testng.internal.Invoker.invokeConfigurations(Invoker.java:146)
	at org.testng.internal.TestMethodWorker.invokeBeforeClassMethods(TestMethodWorker.java:166)
	at org.testng.internal.TestMethodWorker.run(TestMethodWorker.java:105)
	at org.testng.TestRunner.privateRun(TestRunner.java:744)
	at org.testng.TestRunner.run(TestRunner.java:602)
	at org.testng.SuiteRunner.runTest(SuiteRunner.java:380)
	at org.testng.SuiteRunner.access$000(SuiteRunner.java:39)
	at org.testng.SuiteRunner$SuiteWorker.run(SuiteRunner.java:414)
	at org.testng.internal.thread.ThreadUtil$1.call(ThreadUtil.java:52)
	at java.util.concurrent.FutureTask.run(Unknown Source)
	at java.util.concurrent.ThreadPoolExecutor.runWorker(Unknown Source)
	at java.util.concurrent.ThreadPoolExecutor$Worker.run(Unknown Source)
	at java.lang.Thread.run(Unknown Source)
]]>
            </full-stacktrace>
          </exception> <!-- org.openqa.selenium.WebDriverException -->
          <reporter-output>
            <line>
              <![CDATA[Skipped Test (onTestSkipped): searchPlusChannelOption]]>
            </line>
          </reporter-output>
        </test-method> <!-- searchPlusChannelOption -->
        <test-method status="SKIP" signature="beforeMethod()[pri:0, instance:flockClient.searchPlus@21b2e768]" name="beforeMethod" is-config="true" duration-ms="0" started-at="2017-08-08T14:23:44Z" finished-at="2017-08-08T14:23:44Z">
          <reporter-output>
          </reporter-output>
        </test-method> <!-- beforeMethod -->
        <test-method status="SKIP" signature="searchPlusInviteOption()[pri:2, instance:flockClient.searchPlus@21b2e768]" name="searchPlusInviteOption" duration-ms="0" started-at="2017-08-08T14:23:44Z" finished-at="2017-08-08T14:23:44Z">
          <exception class="org.openqa.selenium.WebDriverException">
            <message>
              <![CDATA[TypeError: can't access dead object
Build info: version: 'unknown', revision: 'unknown', time: 'unknown'
System info: host: 'MDVLFARZANS', ip: '172.16.138.89', os.name: 'Windows 10', os.arch: 'amd64', os.version: '10.0', java.version: '1.8.0_141'
Driver info: org.openqa.selenium.firefox.FirefoxDriver
Capabilities [{moz:profile=C:\Users\FARZAN~1.DIR\AppData\Local\Temp\rust_mozprofile.OvzlejU9q4QX, rotatable=false, timeouts={implicit=0.0, pageLoad=300000.0, script=30000.0}, pageLoadStrategy=normal, platform=ANY, specificationLevel=0.0, moz:accessibilityChecks=false, acceptInsecureCerts=false, browserVersion=54.0.1, platformVersion=10.0, moz:processID=10856.0, browserName=firefox, javascriptEnabled=true, platformName=windows_nt}]
Session ID: 9b8e85db-16d7-4846-a25e-f95cb29c04f6
*** Element info: {Using=xpath, value=//div[@id='dijit__Templated_20']}]]>
            </message>
            <full-stacktrace>
              <![CDATA[org.openqa.selenium.WebDriverException: TypeError: can't access dead object
Build info: version: 'unknown', revision: 'unknown', time: 'unknown'
System info: host: 'MDVLFARZANS', ip: '172.16.138.89', os.name: 'Windows 10', os.arch: 'amd64', os.version: '10.0', java.version: '1.8.0_141'
Driver info: org.openqa.selenium.firefox.FirefoxDriver
Capabilities [{moz:profile=C:\Users\FARZAN~1.DIR\AppData\Local\Temp\rust_mozprofile.OvzlejU9q4QX, rotatable=false, timeouts={implicit=0.0, pageLoad=300000.0, script=30000.0}, pageLoadStrategy=normal, platform=ANY, specificationLevel=0.0, moz:accessibilityChecks=false, acceptInsecureCerts=false, browserVersion=54.0.1, platformVersion=10.0, moz:processID=10856.0, browserName=firefox, javascriptEnabled=true, platformName=windows_nt}]
Session ID: 9b8e85db-16d7-4846-a25e-f95cb29c04f6
*** Element info: {Using=xpath, value=//div[@id='dijit__Templated_20']}
	at sun.reflect.NativeConstructorAccessorImpl.newInstance0(Native Method)
	at sun.reflect.NativeConstructorAccessorImpl.newInstance(Unknown Source)
	at sun.reflect.DelegatingConstructorAccessorImpl.newInstance(Unknown Source)
	at java.lang.reflect.Constructor.newInstance(Unknown Source)
	at org.openqa.selenium.remote.http.W3CHttpResponseCodec.createException(W3CHttpResponseCodec.java:150)
	at org.openqa.selenium.remote.http.W3CHttpResponseCodec.decode(W3CHttpResponseCodec.java:115)
	at org.openqa.selenium.remote.http.W3CHttpResponseCodec.decode(W3CHttpResponseCodec.java:45)
	at org.openqa.selenium.remote.HttpCommandExecutor.execute(HttpCommandExecutor.java:164)
	at org.openqa.selenium.remote.service.DriverCommandExecutor.execute(DriverCommandExecutor.java:82)
	at org.openqa.selenium.remote.RemoteWebDriver.execute(RemoteWebDriver.java:637)
	at org.openqa.selenium.remote.RemoteWebDriver.findElements(RemoteWebDriver.java:437)
	at org.openqa.selenium.remote.RemoteWebDriver.findElementsByXPath(RemoteWebDriver.java:513)
	at org.openqa.selenium.By$ByXPath.findElements(By.java:356)
	at org.openqa.selenium.remote.RemoteWebDriver.findElements(RemoteWebDriver.java:398)
	at utilities.GenericMethods.getElementList(GenericMethods.java:72)
	at utilities.GenericMethods.isElementPresent(GenericMethods.java:104)
	at utilities.OnBoardingUtils.skipFeatureTour(OnBoardingUtils.java:70)
	at utilities.OnBoardingUtils.setUpUserAccount(OnBoardingUtils.java:54)
	at base.BaseTestSuite.beforeClass(BaseTestSuite.java:86)
	at sun.reflect.NativeMethodAccessorImpl.invoke0(Native Method)
	at sun.reflect.NativeMethodAccessorImpl.invoke(Unknown Source)
	at sun.reflect.DelegatingMethodAccessorImpl.invoke(Unknown Source)
	at java.lang.reflect.Method.invoke(Unknown Source)
	at org.testng.internal.MethodInvocationHelper.invokeMethod(MethodInvocationHelper.java:108)
	at org.testng.internal.Invoker.invokeConfigurationMethod(Invoker.java:523)
	at org.testng.internal.Invoker.invokeConfigurations(Invoker.java:224)
	at org.testng.internal.Invoker.invokeConfigurations(Invoker.java:146)
	at org.testng.internal.TestMethodWorker.invokeBeforeClassMethods(TestMethodWorker.java:166)
	at org.testng.internal.TestMethodWorker.run(TestMethodWorker.java:105)
	at org.testng.TestRunner.privateRun(TestRunner.java:744)
	at org.testng.TestRunner.run(TestRunner.java:602)
	at org.testng.SuiteRunner.runTest(SuiteRunner.java:380)
	at org.testng.SuiteRunner.access$000(SuiteRunner.java:39)
	at org.testng.SuiteRunner$SuiteWorker.run(SuiteRunner.java:414)
	at org.testng.internal.thread.ThreadUtil$1.call(ThreadUtil.java:52)
	at java.util.concurrent.FutureTask.run(Unknown Source)
	at java.util.concurrent.ThreadPoolExecutor.runWorker(Unknown Source)
	at java.util.concurrent.ThreadPoolExecutor$Worker.run(Unknown Source)
	at java.lang.Thread.run(Unknown Source)
]]>
            </full-stacktrace>
          </exception> <!-- org.openqa.selenium.WebDriverException -->
          <reporter-output>
            <line>
              <![CDATA[Skipped Test (onTestSkipped): searchPlusInviteOption]]>
            </line>
          </reporter-output>
        </test-method> <!-- searchPlusInviteOption -->
        <test-method status="SKIP" signature="beforeMethod()[pri:0, instance:flockClient.searchPlus@21b2e768]" name="beforeMethod" is-config="true" duration-ms="0" started-at="2017-08-08T14:23:44Z" finished-at="2017-08-08T14:23:44Z">
          <reporter-output>
          </reporter-output>
        </test-method> <!-- beforeMethod -->
        <test-method status="SKIP" signature="searchPlusJoinChannelOption()[pri:3, instance:flockClient.searchPlus@21b2e768]" name="searchPlusJoinChannelOption" duration-ms="0" started-at="2017-08-08T14:23:44Z" finished-at="2017-08-08T14:23:44Z">
          <exception class="org.openqa.selenium.WebDriverException">
            <message>
              <![CDATA[TypeError: can't access dead object
Build info: version: 'unknown', revision: 'unknown', time: 'unknown'
System info: host: 'MDVLFARZANS', ip: '172.16.138.89', os.name: 'Windows 10', os.arch: 'amd64', os.version: '10.0', java.version: '1.8.0_141'
Driver info: org.openqa.selenium.firefox.FirefoxDriver
Capabilities [{moz:profile=C:\Users\FARZAN~1.DIR\AppData\Local\Temp\rust_mozprofile.OvzlejU9q4QX, rotatable=false, timeouts={implicit=0.0, pageLoad=300000.0, script=30000.0}, pageLoadStrategy=normal, platform=ANY, specificationLevel=0.0, moz:accessibilityChecks=false, acceptInsecureCerts=false, browserVersion=54.0.1, platformVersion=10.0, moz:processID=10856.0, browserName=firefox, javascriptEnabled=true, platformName=windows_nt}]
Session ID: 9b8e85db-16d7-4846-a25e-f95cb29c04f6
*** Element info: {Using=xpath, value=//div[@id='dijit__Templated_20']}]]>
            </message>
            <full-stacktrace>
              <![CDATA[org.openqa.selenium.WebDriverException: TypeError: can't access dead object
Build info: version: 'unknown', revision: 'unknown', time: 'unknown'
System info: host: 'MDVLFARZANS', ip: '172.16.138.89', os.name: 'Windows 10', os.arch: 'amd64', os.version: '10.0', java.version: '1.8.0_141'
Driver info: org.openqa.selenium.firefox.FirefoxDriver
Capabilities [{moz:profile=C:\Users\FARZAN~1.DIR\AppData\Local\Temp\rust_mozprofile.OvzlejU9q4QX, rotatable=false, timeouts={implicit=0.0, pageLoad=300000.0, script=30000.0}, pageLoadStrategy=normal, platform=ANY, specificationLevel=0.0, moz:accessibilityChecks=false, acceptInsecureCerts=false, browserVersion=54.0.1, platformVersion=10.0, moz:processID=10856.0, browserName=firefox, javascriptEnabled=true, platformName=windows_nt}]
Session ID: 9b8e85db-16d7-4846-a25e-f95cb29c04f6
*** Element info: {Using=xpath, value=//div[@id='dijit__Templated_20']}
	at sun.reflect.NativeConstructorAccessorImpl.newInstance0(Native Method)
	at sun.reflect.NativeConstructorAccessorImpl.newInstance(Unknown Source)
	at sun.reflect.DelegatingConstructorAccessorImpl.newInstance(Unknown Source)
	at java.lang.reflect.Constructor.newInstance(Unknown Source)
	at org.openqa.selenium.remote.http.W3CHttpResponseCodec.createException(W3CHttpResponseCodec.java:150)
	at org.openqa.selenium.remote.http.W3CHttpResponseCodec.decode(W3CHttpResponseCodec.java:115)
	at org.openqa.selenium.remote.http.W3CHttpResponseCodec.decode(W3CHttpResponseCodec.java:45)
	at org.openqa.selenium.remote.HttpCommandExecutor.execute(HttpCommandExecutor.java:164)
	at org.openqa.selenium.remote.service.DriverCommandExecutor.execute(DriverCommandExecutor.java:82)
	at org.openqa.selenium.remote.RemoteWebDriver.execute(RemoteWebDriver.java:637)
	at org.openqa.selenium.remote.RemoteWebDriver.findElements(RemoteWebDriver.java:437)
	at org.openqa.selenium.remote.RemoteWebDriver.findElementsByXPath(RemoteWebDriver.java:513)
	at org.openqa.selenium.By$ByXPath.findElements(By.java:356)
	at org.openqa.selenium.remote.RemoteWebDriver.findElements(RemoteWebDriver.java:398)
	at utilities.GenericMethods.getElementList(GenericMethods.java:72)
	at utilities.GenericMethods.isElementPresent(GenericMethods.java:104)
	at utilities.OnBoardingUtils.skipFeatureTour(OnBoardingUtils.java:70)
	at utilities.OnBoardingUtils.setUpUserAccount(OnBoardingUtils.java:54)
	at base.BaseTestSuite.beforeClass(BaseTestSuite.java:86)
	at sun.reflect.NativeMethodAccessorImpl.invoke0(Native Method)
	at sun.reflect.NativeMethodAccessorImpl.invoke(Unknown Source)
	at sun.reflect.DelegatingMethodAccessorImpl.invoke(Unknown Source)
	at java.lang.reflect.Method.invoke(Unknown Source)
	at org.testng.internal.MethodInvocationHelper.invokeMethod(MethodInvocationHelper.java:108)
	at org.testng.internal.Invoker.invokeConfigurationMethod(Invoker.java:523)
	at org.testng.internal.Invoker.invokeConfigurations(Invoker.java:224)
	at org.testng.internal.Invoker.invokeConfigurations(Invoker.java:146)
	at org.testng.internal.TestMethodWorker.invokeBeforeClassMethods(TestMethodWorker.java:166)
	at org.testng.internal.TestMethodWorker.run(TestMethodWorker.java:105)
	at org.testng.TestRunner.privateRun(TestRunner.java:744)
	at org.testng.TestRunner.run(TestRunner.java:602)
	at org.testng.SuiteRunner.runTest(SuiteRunner.java:380)
	at org.testng.SuiteRunner.access$000(SuiteRunner.java:39)
	at org.testng.SuiteRunner$SuiteWorker.run(SuiteRunner.java:414)
	at org.testng.internal.thread.ThreadUtil$1.call(ThreadUtil.java:52)
	at java.util.concurrent.FutureTask.run(Unknown Source)
	at java.util.concurrent.ThreadPoolExecutor.runWorker(Unknown Source)
	at java.util.concurrent.ThreadPoolExecutor$Worker.run(Unknown Source)
	at java.lang.Thread.run(Unknown Source)
]]>
            </full-stacktrace>
          </exception> <!-- org.openqa.selenium.WebDriverException -->
          <reporter-output>
            <line>
              <![CDATA[Skipped Test (onTestSkipped): searchPlusJoinChannelOption]]>
            </line>
            <line>
              <![CDATA[Completed the Suite (onFinish Test): Firefox Browser]]>
            </line>
          </reporter-output>
        </test-method> <!-- searchPlusJoinChannelOption -->
        <test-method status="SKIP" signature="afterClass()[pri:0, instance:flockClient.searchPlus@21b2e768]" name="afterClass" is-config="true" duration-ms="0" started-at="2017-08-08T14:23:44Z" finished-at="2017-08-08T14:23:44Z">
          <reporter-output>
          </reporter-output>
        </test-method> <!-- afterClass -->
        <test-method status="SKIP" signature="afterTest()[pri:0, instance:flockClient.searchPlus@21b2e768]" name="afterTest" is-config="true" duration-ms="0" started-at="2017-08-08T14:23:44Z" finished-at="2017-08-08T14:23:44Z">
          <reporter-output>
          </reporter-output>
        </test-method> <!-- afterTest -->
      </class> <!-- flockClient.searchPlus -->
    </test> <!-- Firefox Browser -->
    <test name="Chorme Browser" duration-ms="211522" started-at="2017-08-08T08:52:20Z" finished-at="2017-08-08T08:55:51Z">
      <class name="flockClient.searchPlus">
        <test-method status="PASS" signature="beforeSuite()[pri:0, instance:flockClient.searchPlus@5ab9e72c]" name="beforeSuite" is-config="true" duration-ms="14" started-at="2017-08-08T14:22:20Z" finished-at="2017-08-08T14:22:20Z">
          <reporter-output>
            <line>
              <![CDATA[Finished executing the following method (afterInvocation): flockClient.searchPlus => beforeSuite]]>
            </line>
          </reporter-output>
        </test-method> <!-- beforeSuite -->
        <test-method status="PASS" signature="beforeTest(java.lang.String)[pri:0, instance:flockClient.searchPlus@5ab9e72c]" name="beforeTest" is-config="true" duration-ms="17518" started-at="2017-08-08T14:22:20Z" finished-at="2017-08-08T14:22:37Z">
          <params>
            <param index="0">
              <value>
                <![CDATA[chrome]]>
              </value>
            </param>
          </params>
          <reporter-output>
            <line>
              <![CDATA[Finished executing the following method (afterInvocation): flockClient.searchPlus => beforeTest]]>
            </line>
          </reporter-output>
        </test-method> <!-- beforeTest -->
        <test-method status="PASS" signature="beforeClass()[pri:0, instance:flockClient.searchPlus@5ab9e72c]" name="beforeClass" is-config="true" duration-ms="78266" started-at="2017-08-08T14:22:37Z" finished-at="2017-08-08T14:23:55Z">
          <reporter-output>
            <line>
              <![CDATA[Finished executing the following method (afterInvocation): flockClient.searchPlus => beforeClass]]>
            </line>
          </reporter-output>
        </test-method> <!-- beforeClass -->
        <test-method status="PASS" signature="beforeMethod()[pri:0, instance:flockClient.searchPlus@5ab9e72c]" name="beforeMethod" is-config="true" duration-ms="1" started-at="2017-08-08T14:23:55Z" finished-at="2017-08-08T14:23:55Z">
          <reporter-output>
            <line>
              <![CDATA[Finished executing the following method (afterInvocation): flockClient.searchPlus => beforeMethod]]>
            </line>
          </reporter-output>
        </test-method> <!-- beforeMethod -->
        <test-method status="PASS" signature="searchPlusChannelOption()[pri:1, instance:flockClient.searchPlus@5ab9e72c]" name="searchPlusChannelOption" duration-ms="3808" started-at="2017-08-08T14:23:55Z" finished-at="2017-08-08T14:23:59Z">
          <reporter-output>
            <line>
              <![CDATA[Starting Test (onTestStart): searchPlusChannelOption]]>
            </line>
            <line>
              <![CDATA[About to begin executing following method (beforeInvocation): flockClient.searchPlus => searchPlusChannelOption]]>
            </line>
            <line>
              <![CDATA[Finished executing the following method (afterInvocation): flockClient.searchPlus => searchPlusChannelOption]]>
            </line>
            <line>
              <![CDATA[Successful Test (onTestSuccess): searchPlusChannelOption]]>
            </line>
          </reporter-output>
        </test-method> <!-- searchPlusChannelOption -->
        <test-method status="PASS" signature="searchPlusInviteOption()[pri:2, instance:flockClient.searchPlus@5ab9e72c]" name="searchPlusInviteOption" duration-ms="4075" started-at="2017-08-08T14:23:59Z" finished-at="2017-08-08T14:24:03Z">
          <reporter-output>
            <line>
              <![CDATA[Starting Test (onTestStart): searchPlusInviteOption]]>
            </line>
            <line>
              <![CDATA[About to begin executing following method (beforeInvocation): flockClient.searchPlus => searchPlusInviteOption]]>
            </line>
            <line>
              <![CDATA[Finished executing the following method (afterInvocation): flockClient.searchPlus => searchPlusInviteOption]]>
            </line>
            <line>
              <![CDATA[Successful Test (onTestSuccess): searchPlusInviteOption]]>
            </line>
          </reporter-output>
        </test-method> <!-- searchPlusInviteOption -->
        <test-method status="PASS" signature="beforeMethod()[pri:0, instance:flockClient.searchPlus@5ab9e72c]" name="beforeMethod" is-config="true" duration-ms="0" started-at="2017-08-08T14:23:59Z" finished-at="2017-08-08T14:23:59Z">
          <reporter-output>
            <line>
              <![CDATA[Finished executing the following method (afterInvocation): flockClient.searchPlus => beforeMethod]]>
            </line>
          </reporter-output>
        </test-method> <!-- beforeMethod -->
        <test-method status="PASS" signature="beforeMethod()[pri:0, instance:flockClient.searchPlus@5ab9e72c]" name="beforeMethod" is-config="true" duration-ms="0" started-at="2017-08-08T14:24:03Z" finished-at="2017-08-08T14:24:03Z">
          <reporter-output>
            <line>
              <![CDATA[Finished executing the following method (afterInvocation): flockClient.searchPlus => beforeMethod]]>
            </line>
          </reporter-output>
        </test-method> <!-- beforeMethod -->
        <test-method status="FAIL" signature="searchPlusJoinChannelOption()[pri:3, instance:flockClient.searchPlus@5ab9e72c]" name="searchPlusJoinChannelOption" duration-ms="34011" started-at="2017-08-08T14:24:03Z" finished-at="2017-08-08T14:24:37Z">
          <exception class="org.openqa.selenium.NoSuchElementException">
            <message>
              <![CDATA[no such element: Unable to locate element: {"method":"xpath","selector":"//div[contains(@class,'channel-type-dialog')]//span[@role='button']"}
  (Session info: chrome=59.0.3071.115)
  (Driver info: chromedriver=2.28.455520 (cc17746adff54984afff480136733114c6b3704b),platform=Windows NT 10.0.10586 x86_64) (WARNING: The server did not provide any stacktrace information)
Command duration or timeout: 30.03 seconds
For documentation on this error, please visit: http://seleniumhq.org/exceptions/no_such_element.html
Build info: version: 'unknown', revision: 'unknown', time: 'unknown'
System info: host: 'MDVLFARZANS', ip: '172.16.138.89', os.name: 'Windows 10', os.arch: 'amd64', os.version: '10.0', java.version: '1.8.0_141'
Driver info: org.openqa.selenium.chrome.ChromeDriver
Capabilities [{applicationCacheEnabled=false, rotatable=false, mobileEmulationEnabled=false, networkConnectionEnabled=false, chrome={chromedriverVersion=2.28.455520 (cc17746adff54984afff480136733114c6b3704b), userDataDir=C:\Users\FARZAN~1.DIR\AppData\Local\Temp\scoped_dir8724_2094}, takesHeapSnapshot=true, pageLoadStrategy=normal, databaseEnabled=false, handlesAlerts=true, hasTouchScreen=false, version=59.0.3071.115, platform=XP, browserConnectionEnabled=false, nativeEvents=true, acceptSslCerts=true, locationContextEnabled=true, webStorageEnabled=true, browserName=chrome, takesScreenshot=true, javascriptEnabled=true, cssSelectorsEnabled=true, unexpectedAlertBehaviour=}]
Session ID: 736e58f33dae89045ab07dc8246b7950
*** Element info: {Using=xpath, value=//div[contains(@class,'channel-type-dialog')]//span[@role='button']}]]>
            </message>
            <full-stacktrace>
              <![CDATA[org.openqa.selenium.NoSuchElementException: no such element: Unable to locate element: {"method":"xpath","selector":"//div[contains(@class,'channel-type-dialog')]//span[@role='button']"}
  (Session info: chrome=59.0.3071.115)
  (Driver info: chromedriver=2.28.455520 (cc17746adff54984afff480136733114c6b3704b),platform=Windows NT 10.0.10586 x86_64) (WARNING: The server did not provide any stacktrace information)
Command duration or timeout: 30.03 seconds
For documentation on this error, please visit: http://seleniumhq.org/exceptions/no_such_element.html
Build info: version: 'unknown', revision: 'unknown', time: 'unknown'
System info: host: 'MDVLFARZANS', ip: '172.16.138.89', os.name: 'Windows 10', os.arch: 'amd64', os.version: '10.0', java.version: '1.8.0_141'
Driver info: org.openqa.selenium.chrome.ChromeDriver
Capabilities [{applicationCacheEnabled=false, rotatable=false, mobileEmulationEnabled=false, networkConnectionEnabled=false, chrome={chromedriverVersion=2.28.455520 (cc17746adff54984afff480136733114c6b3704b), userDataDir=C:\Users\FARZAN~1.DIR\AppData\Local\Temp\scoped_dir8724_2094}, takesHeapSnapshot=true, pageLoadStrategy=normal, databaseEnabled=false, handlesAlerts=true, hasTouchScreen=false, version=59.0.3071.115, platform=XP, browserConnectionEnabled=false, nativeEvents=true, acceptSslCerts=true, locationContextEnabled=true, webStorageEnabled=true, browserName=chrome, takesScreenshot=true, javascriptEnabled=true, cssSelectorsEnabled=true, unexpectedAlertBehaviour=}]
Session ID: 736e58f33dae89045ab07dc8246b7950
*** Element info: {Using=xpath, value=//div[contains(@class,'channel-type-dialog')]//span[@role='button']}
	at sun.reflect.NativeConstructorAccessorImpl.newInstance0(Native Method)
	at sun.reflect.NativeConstructorAccessorImpl.newInstance(Unknown Source)
	at sun.reflect.DelegatingConstructorAccessorImpl.newInstance(Unknown Source)
	at java.lang.reflect.Constructor.newInstance(Unknown Source)
	at org.openqa.selenium.remote.ErrorHandler.createThrowable(ErrorHandler.java:215)
	at org.openqa.selenium.remote.ErrorHandler.throwIfResponseFailed(ErrorHandler.java:167)
	at org.openqa.selenium.remote.RemoteWebDriver.execute(RemoteWebDriver.java:671)
	at org.openqa.selenium.remote.RemoteWebDriver.findElement(RemoteWebDriver.java:410)
	at org.openqa.selenium.remote.RemoteWebDriver.findElementByXPath(RemoteWebDriver.java:509)
	at org.openqa.selenium.By$ByXPath.findElement(By.java:361)
	at org.openqa.selenium.remote.RemoteWebDriver.findElement(RemoteWebDriver.java:402)
	at org.openqa.selenium.support.pagefactory.DefaultElementLocator.findElement(DefaultElementLocator.java:69)
	at org.openqa.selenium.support.pagefactory.internal.LocatingElementHandler.invoke(LocatingElementHandler.java:38)
	at com.sun.proxy.$Proxy31.getSize(Unknown Source)
	at utilities.clientElement.clickStartChannelModalClose(clientElement.java:69)
	at flockClient.searchPlus.searchPlusJoinChannelOption(searchPlus.java:85)
	at sun.reflect.NativeMethodAccessorImpl.invoke0(Native Method)
	at sun.reflect.NativeMethodAccessorImpl.invoke(Unknown Source)
	at sun.reflect.DelegatingMethodAccessorImpl.invoke(Unknown Source)
	at java.lang.reflect.Method.invoke(Unknown Source)
	at org.testng.internal.MethodInvocationHelper.invokeMethod(MethodInvocationHelper.java:108)
	at org.testng.internal.Invoker.invokeMethod(Invoker.java:661)
	at org.testng.internal.Invoker.invokeTestMethod(Invoker.java:869)
	at org.testng.internal.Invoker.invokeTestMethods(Invoker.java:1193)
	at org.testng.internal.TestMethodWorker.invokeTestMethods(TestMethodWorker.java:126)
	at org.testng.internal.TestMethodWorker.run(TestMethodWorker.java:109)
	at org.testng.TestRunner.privateRun(TestRunner.java:744)
	at org.testng.TestRunner.run(TestRunner.java:602)
	at org.testng.SuiteRunner.runTest(SuiteRunner.java:380)
	at org.testng.SuiteRunner.access$000(SuiteRunner.java:39)
	at org.testng.SuiteRunner$SuiteWorker.run(SuiteRunner.java:414)
	at org.testng.internal.thread.ThreadUtil$1.call(ThreadUtil.java:52)
	at java.util.concurrent.FutureTask.run(Unknown Source)
	at java.util.concurrent.ThreadPoolExecutor.runWorker(Unknown Source)
	at java.util.concurrent.ThreadPoolExecutor$Worker.run(Unknown Source)
	at java.lang.Thread.run(Unknown Source)
]]>
            </full-stacktrace>
          </exception> <!-- org.openqa.selenium.NoSuchElementException -->
          <reporter-output>
            <line>
              <![CDATA[Starting Test (onTestStart): searchPlusJoinChannelOption]]>
            </line>
            <line>
              <![CDATA[About to begin executing following method (beforeInvocation): flockClient.searchPlus => searchPlusJoinChannelOption]]>
            </line>
            <line>
              <![CDATA[Finished executing the following method (afterInvocation): flockClient.searchPlus => searchPlusJoinChannelOption]]>
            </line>
            <line>
              <![CDATA[Failed Test (onTestFailure): searchPlusJoinChannelOption]]>
            </line>
          </reporter-output>
        </test-method> <!-- searchPlusJoinChannelOption -->
        <test-method status="PASS" signature="afterClass()[pri:0, instance:flockClient.searchPlus@5ab9e72c]" name="afterClass" is-config="true" duration-ms="68333" started-at="2017-08-08T14:24:37Z" finished-at="2017-08-08T14:25:46Z">
          <reporter-output>
            <line>
              <![CDATA[Finished executing the following method (afterInvocation): flockClient.searchPlus => afterClass]]>
            </line>
          </reporter-output>
        </test-method> <!-- afterClass -->
        <test-method status="PASS" signature="afterTest()[pri:0, instance:flockClient.searchPlus@5ab9e72c]" name="afterTest" is-config="true" duration-ms="5480" started-at="2017-08-08T14:25:46Z" finished-at="2017-08-08T14:25:51Z">
          <reporter-output>
            <line>
              <![CDATA[Finished executing the following method (afterInvocation): flockClient.searchPlus => afterTest]]>
            </line>
          </reporter-output>
        </test-method> <!-- afterTest -->
        <test-method status="PASS" signature="afterSuite()[pri:0, instance:flockClient.searchPlus@5ab9e72c]" name="afterSuite" is-config="true" duration-ms="1" started-at="2017-08-08T14:25:51Z" finished-at="2017-08-08T14:25:51Z">
          <reporter-output>
            <line>
              <![CDATA[Finished executing the following method (afterInvocation): flockClient.searchPlus => afterSuite]]>
            </line>
          </reporter-output>
        </test-method> <!-- afterSuite -->
      </class> <!-- flockClient.searchPlus -->
    </test> <!-- Chorme Browser -->
  </suite> <!-- searchPlus -->
</testng-results>
