<?xml version="1.0" encoding="UTF-8"?>
<testng-results skipped="0" failed="0" ignored="0" total="1" passed="1">
  <reporter-output>
    <line>
      <![CDATA[Starting the Suite (onStart Suite): searchPlus]]>
    </line>
    <line>
      <![CDATA[About to begin executing following method (beforeInvocation): flockClient.searchPlus => beforeSuite]]>
    </line>
    <line>
      <![CDATA[Finished executing the following method (afterInvocation): flockClient.searchPlus => beforeSuite]]>
    </line>
    <line>
      <![CDATA[Starting <test> tag with name(onStart Test): Chorme Browser]]>
    </line>
    <line>
      <![CDATA[The following methods from the <test> tag will be executed: ]]>
    </line>
    <line>
      <![CDATA[searchPlusChannelOption]]>
    </line>
    <line>
      <![CDATA[About to begin executing following method (beforeInvocation): flockClient.searchPlus => beforeTest]]>
    </line>
    <line>
      <![CDATA[Finished executing the following method (afterInvocation): flockClient.searchPlus => beforeTest]]>
    </line>
    <line>
      <![CDATA[About to begin executing following method (beforeInvocation): flockClient.searchPlus => beforeClass]]>
    </line>
    <line>
      <![CDATA[Finished executing the following method (afterInvocation): flockClient.searchPlus => beforeClass]]>
    </line>
    <line>
      <![CDATA[About to begin executing following method (beforeInvocation): flockClient.searchPlus => beforeMethod]]>
    </line>
    <line>
      <![CDATA[Finished executing the following method (afterInvocation): flockClient.searchPlus => beforeMethod]]>
    </line>
    <line>
      <![CDATA[Starting Test (onTestStart): searchPlusChannelOption]]>
    </line>
    <line>
      <![CDATA[About to begin executing following method (beforeInvocation): flockClient.searchPlus => searchPlusChannelOption]]>
    </line>
    <line>
      <![CDATA[Finished executing the following method (afterInvocation): flockClient.searchPlus => searchPlusChannelOption]]>
    </line>
    <line>
      <![CDATA[Successful Test (onTestSuccess): searchPlusChannelOption]]>
    </line>
    <line>
      <![CDATA[About to begin executing following method (beforeInvocation): flockClient.searchPlus => afterClass]]>
    </line>
    <line>
      <![CDATA[Finished executing the following method (afterInvocation): flockClient.searchPlus => afterClass]]>
    </line>
    <line>
      <![CDATA[About to begin executing following method (beforeInvocation): flockClient.searchPlus => afterTest]]>
    </line>
    <line>
      <![CDATA[Finished executing the following method (afterInvocation): flockClient.searchPlus => afterTest]]>
    </line>
    <line>
      <![CDATA[About to begin executing following method (beforeInvocation): flockClient.searchPlus => afterSuite]]>
    </line>
    <line>
      <![CDATA[Finished executing the following method (afterInvocation): flockClient.searchPlus => afterSuite]]>
    </line>
  </reporter-output>
  <suite name="searchPlus" duration-ms="167036" started-at="2017-08-03T06:28:22Z" finished-at="2017-08-03T06:31:09Z">
    <groups>
    </groups>
    <test name="Chorme Browser" duration-ms="167036" started-at="2017-08-03T06:28:22Z" finished-at="2017-08-03T06:31:09Z">
      <class name="flockClient.searchPlus">
        <test-method status="PASS" signature="beforeSuite()[pri:0, instance:flockClient.searchPlus@76ed1b7c]" name="beforeSuite" is-config="true" duration-ms="37" started-at="2017-08-03T11:58:22Z" finished-at="2017-08-03T11:58:22Z">
          <reporter-output>
            <line>
              <![CDATA[Finished executing the following method (afterInvocation): flockClient.searchPlus => beforeSuite]]>
            </line>
          </reporter-output>
        </test-method> <!-- beforeSuite -->
        <test-method status="PASS" signature="beforeTest(java.lang.String)[pri:0, instance:flockClient.searchPlus@76ed1b7c]" name="beforeTest" is-config="true" duration-ms="25524" started-at="2017-08-03T11:58:22Z" finished-at="2017-08-03T11:58:47Z">
          <params>
            <param index="0">
              <value>
                <![CDATA[chrome]]>
              </value>
            </param>
          </params>
          <reporter-output>
            <line>
              <![CDATA[Finished executing the following method (afterInvocation): flockClient.searchPlus => beforeTest]]>
            </line>
          </reporter-output>
        </test-method> <!-- beforeTest -->
        <test-method status="PASS" signature="beforeClass()[pri:0, instance:flockClient.searchPlus@76ed1b7c]" name="beforeClass" is-config="true" duration-ms="62670" started-at="2017-08-03T11:58:47Z" finished-at="2017-08-03T11:59:50Z">
          <reporter-output>
            <line>
              <![CDATA[Finished executing the following method (afterInvocation): flockClient.searchPlus => beforeClass]]>
            </line>
          </reporter-output>
        </test-method> <!-- beforeClass -->
        <test-method status="PASS" signature="beforeMethod()[pri:0, instance:flockClient.searchPlus@76ed1b7c]" name="beforeMethod" is-config="true" duration-ms="1" started-at="2017-08-03T11:59:50Z" finished-at="2017-08-03T11:59:50Z">
          <reporter-output>
            <line>
              <![CDATA[Finished executing the following method (afterInvocation): flockClient.searchPlus => beforeMethod]]>
            </line>
          </reporter-output>
        </test-method> <!-- beforeMethod -->
        <test-method status="PASS" signature="searchPlusChannelOption()[pri:1, instance:flockClient.searchPlus@76ed1b7c]" name="searchPlusChannelOption" duration-ms="4043" started-at="2017-08-03T11:59:50Z" finished-at="2017-08-03T11:59:54Z">
          <reporter-output>
            <line>
              <![CDATA[Starting Test (onTestStart): searchPlusChannelOption]]>
            </line>
            <line>
              <![CDATA[About to begin executing following method (beforeInvocation): flockClient.searchPlus => searchPlusChannelOption]]>
            </line>
            <line>
              <![CDATA[Finished executing the following method (afterInvocation): flockClient.searchPlus => searchPlusChannelOption]]>
            </line>
            <line>
              <![CDATA[Successful Test (onTestSuccess): searchPlusChannelOption]]>
            </line>
          </reporter-output>
        </test-method> <!-- searchPlusChannelOption -->
        <test-method status="PASS" signature="afterClass()[pri:0, instance:flockClient.searchPlus@76ed1b7c]" name="afterClass" is-config="true" duration-ms="68958" started-at="2017-08-03T11:59:54Z" finished-at="2017-08-03T12:01:03Z">
          <reporter-output>
            <line>
              <![CDATA[Finished executing the following method (afterInvocation): flockClient.searchPlus => afterClass]]>
            </line>
          </reporter-output>
        </test-method> <!-- afterClass -->
        <test-method status="PASS" signature="afterTest()[pri:0, instance:flockClient.searchPlus@76ed1b7c]" name="afterTest" is-config="true" duration-ms="5746" started-at="2017-08-03T12:01:03Z" finished-at="2017-08-03T12:01:09Z">
          <reporter-output>
            <line>
              <![CDATA[Finished executing the following method (afterInvocation): flockClient.searchPlus => afterTest]]>
            </line>
          </reporter-output>
        </test-method> <!-- afterTest -->
        <test-method status="PASS" signature="afterSuite()[pri:0, instance:flockClient.searchPlus@76ed1b7c]" name="afterSuite" is-config="true" duration-ms="0" started-at="2017-08-03T12:01:09Z" finished-at="2017-08-03T12:01:09Z">
          <reporter-output>
            <line>
              <![CDATA[Finished executing the following method (afterInvocation): flockClient.searchPlus => afterSuite]]>
            </line>
          </reporter-output>
        </test-method> <!-- afterSuite -->
      </class> <!-- flockClient.searchPlus -->
    </test> <!-- Chorme Browser -->
  </suite> <!-- searchPlus -->
</testng-results>
