<?xml version="1.0" encoding="UTF-8"?>
<testng-results skipped="0" failed="0" ignored="0" total="1" passed="1">
  <reporter-output>
    <line>
      <![CDATA[Starting the Suite (onStart Suite): StartChat]]>
    </line>
    <line>
      <![CDATA[About to begin executing following method (beforeInvocation): flockClient.startChat => beforeSuite]]>
    </line>
    <line>
      <![CDATA[Finished executing the following method (afterInvocation): flockClient.startChat => beforeSuite]]>
    </line>
    <line>
      <![CDATA[Starting <test> tag with name(onStart Test): Chorme Browser]]>
    </line>
    <line>
      <![CDATA[The following methods from the <test> tag will be executed: ]]>
    </line>
    <line>
      <![CDATA[testMethod]]>
    </line>
    <line>
      <![CDATA[About to begin executing following method (beforeInvocation): flockClient.startChat => beforeClass]]>
    </line>
    <line>
      <![CDATA[Finished executing the following method (afterInvocation): flockClient.startChat => beforeClass]]>
    </line>
    <line>
      <![CDATA[About to begin executing following method (beforeInvocation): flockClient.startChat => beforeMethod]]>
    </line>
    <line>
      <![CDATA[Finished executing the following method (afterInvocation): flockClient.startChat => beforeMethod]]>
    </line>
    <line>
      <![CDATA[Starting Test (onTestStart): testMethod]]>
    </line>
    <line>
      <![CDATA[About to begin executing following method (beforeInvocation): flockClient.startChat => testMethod]]>
    </line>
    <line>
      <![CDATA[Finished executing the following method (afterInvocation): flockClient.startChat => testMethod]]>
    </line>
    <line>
      <![CDATA[Successful Test (onTestSuccess): testMethod]]>
    </line>
    <line>
      <![CDATA[About to begin executing following method (beforeInvocation): flockClient.startChat => afterMethod]]>
    </line>
    <line>
      <![CDATA[Finished executing the following method (afterInvocation): flockClient.startChat => afterMethod]]>
    </line>
    <line>
      <![CDATA[About to begin executing following method (beforeInvocation): flockClient.startChat => afterClass]]>
    </line>
    <line>
      <![CDATA[Finished executing the following method (afterInvocation): flockClient.startChat => afterClass]]>
    </line>
    <line>
      <![CDATA[About to begin executing following method (beforeInvocation): flockClient.startChat => afterSuite]]>
    </line>
    <line>
      <![CDATA[Finished executing the following method (afterInvocation): flockClient.startChat => afterSuite]]>
    </line>
  </reporter-output>
  <suite name="StartChat" duration-ms="104583" started-at="2017-07-22T10:59:39Z" finished-at="2017-07-22T11:01:24Z">
    <groups>
    </groups>
    <test name="Chorme Browser" duration-ms="104583" started-at="2017-07-22T10:59:39Z" finished-at="2017-07-22T11:01:24Z">
      <class name="flockClient.startChat">
        <test-method status="PASS" signature="beforeSuite()[pri:0, instance:flockClient.startChat@38102d01]" name="beforeSuite" is-config="true" duration-ms="9" started-at="2017-07-22T16:29:39Z" finished-at="2017-07-22T16:29:39Z">
          <reporter-output>
            <line>
              <![CDATA[Finished executing the following method (afterInvocation): flockClient.startChat => beforeSuite]]>
            </line>
          </reporter-output>
        </test-method> <!-- beforeSuite -->
        <test-method status="PASS" signature="beforeClass(java.lang.String)[pri:0, instance:flockClient.startChat@38102d01]" name="beforeClass" is-config="true" duration-ms="21736" started-at="2017-07-22T16:29:39Z" finished-at="2017-07-22T16:30:01Z">
          <params>
            <param index="0">
              <value>
                <![CDATA[chrome]]>
              </value>
            </param>
          </params>
          <reporter-output>
            <line>
              <![CDATA[Finished executing the following method (afterInvocation): flockClient.startChat => beforeClass]]>
            </line>
          </reporter-output>
        </test-method> <!-- beforeClass -->
        <test-method status="PASS" signature="beforeMethod()[pri:0, instance:flockClient.startChat@38102d01]" name="beforeMethod" is-config="true" duration-ms="60016" started-at="2017-07-22T16:30:01Z" finished-at="2017-07-22T16:31:01Z">
          <reporter-output>
            <line>
              <![CDATA[Finished executing the following method (afterInvocation): flockClient.startChat => beforeMethod]]>
            </line>
          </reporter-output>
        </test-method> <!-- beforeMethod -->
        <test-method status="PASS" signature="testMethod()[pri:0, instance:flockClient.startChat@38102d01]" name="testMethod" duration-ms="7899" started-at="2017-07-22T16:31:01Z" finished-at="2017-07-22T16:31:09Z">
          <reporter-output>
            <line>
              <![CDATA[Starting Test (onTestStart): testMethod]]>
            </line>
            <line>
              <![CDATA[About to begin executing following method (beforeInvocation): flockClient.startChat => testMethod]]>
            </line>
            <line>
              <![CDATA[Finished executing the following method (afterInvocation): flockClient.startChat => testMethod]]>
            </line>
            <line>
              <![CDATA[Successful Test (onTestSuccess): testMethod]]>
            </line>
            <line>
              <![CDATA[About to begin executing following method (beforeInvocation): flockClient.startChat => afterMethod]]>
            </line>
          </reporter-output>
        </test-method> <!-- testMethod -->
        <test-method status="PASS" signature="afterMethod()[pri:0, instance:flockClient.startChat@38102d01]" name="afterMethod" is-config="true" duration-ms="10588" started-at="2017-07-22T16:31:09Z" finished-at="2017-07-22T16:31:20Z">
          <reporter-output>
            <line>
              <![CDATA[Finished executing the following method (afterInvocation): flockClient.startChat => afterMethod]]>
            </line>
          </reporter-output>
        </test-method> <!-- afterMethod -->
        <test-method status="PASS" signature="afterClass()[pri:0, instance:flockClient.startChat@38102d01]" name="afterClass" is-config="true" duration-ms="4319" started-at="2017-07-22T16:31:20Z" finished-at="2017-07-22T16:31:24Z">
          <reporter-output>
            <line>
              <![CDATA[Finished executing the following method (afterInvocation): flockClient.startChat => afterClass]]>
            </line>
          </reporter-output>
        </test-method> <!-- afterClass -->
        <test-method status="PASS" signature="afterSuite()[pri:0, instance:flockClient.startChat@38102d01]" name="afterSuite" is-config="true" duration-ms="0" started-at="2017-07-22T16:31:24Z" finished-at="2017-07-22T16:31:24Z">
          <reporter-output>
            <line>
              <![CDATA[Finished executing the following method (afterInvocation): flockClient.startChat => afterSuite]]>
            </line>
          </reporter-output>
        </test-method> <!-- afterSuite -->
      </class> <!-- flockClient.startChat -->
    </test> <!-- Chorme Browser -->
  </suite> <!-- StartChat -->
</testng-results>
