<?xml version="1.0" encoding="UTF-8"?>
<!-- Generated by org.testng.reporters.JUnitXMLReporter -->
<testsuite hostname="MDVLFARZANS" ignored="0" name="Default test" tests="31" failures="0" timestamp="20 Jun 2017 06:44:08 GMT" time="47.676" errors="0">
  <testcase name="windowTitle" time="0.063" classname="SignIn.FlockSignIn"/>
  <testcase name="languageSwitcher" time="1.138" classname="SignIn.FlockSignIn"/>
  <testcase name="Heading" time="3.211" classname="SignIn.FlockSignIn"/>
  <testcase name="contactSupport" time="9.689" classname="SignIn.FlockSignIn"/>
  <testcase name="subHeading" time="0.171" classname="SignIn.FlockSignIn"/>
  <testcase name="emailPlaceHolder" time="0.19" classname="SignIn.FlockSignIn"/>
  <testcase name="loginButton" time="0.156" classname="SignIn.FlockSignIn"/>
  <testcase name="onbaordingSideBar" time="0.045" classname="SignIn.FlockSignIn"/>
  <testcase name="errorMessage" time="0.505" classname="SignIn.FlockSignIn"/>
  <testcase name="errorMessage" time="0.287" classname="SignIn.FlockSignIn"/>
  <testcase name="errorMessage" time="0.306" classname="SignIn.FlockSignIn"/>
  <testcase name="enterEmail" time="0.322" classname="SignIn.FlockSignIn"/>
  <testcase name="googleAuthHeading" time="1.27" classname="SignIn.FlockSignIn"/>
  <testcase name="googleAuthButton" time="0.123" classname="SignIn.FlockSignIn"/>
  <testcase name="googleAuthSkipButton" time="0.129" classname="SignIn.FlockSignIn"/>
  <testcase name="googleAuthSubHeading" time="0.161" classname="SignIn.FlockSignIn"/>
  <testcase name="googleAuthNote" time="0.151" classname="SignIn.FlockSignIn"/>
  <testcase name="clickSkipGoogleAuth" time="0.204" classname="SignIn.FlockSignIn"/>
  <testcase name="otpHeading" time="0.192" classname="SignIn.FlockSignIn"/>
  <testcase name="otpSubHeading" time="0.229" classname="SignIn.FlockSignIn"/>
  <testcase name="otpPlaceHolder" time="0.175" classname="SignIn.FlockSignIn"/>
  <testcase name="resendOtpText" time="0.167" classname="SignIn.FlockSignIn"/>
  <testcase name="resendOtpHook" time="0.155" classname="SignIn.FlockSignIn"/>
  <testcase name="resendOtpHookClicked" time="0.428" classname="SignIn.FlockSignIn"/>
  <testcase name="checkEditButton" time="5.748" classname="SignIn.FlockSignIn"/>
  <testcase name="verifyButton" time="0.128" classname="SignIn.FlockSignIn"/>
  <testcase name="otpErrorMessage" time="2.43" classname="SignIn.FlockSignIn"/>
  <testcase name="otpErrorMessage" time="2.299" classname="SignIn.FlockSignIn"/>
  <testcase name="otpErrorMessage" time="2.228" classname="SignIn.FlockSignIn"/>
  <testcase name="otpErrorMessage1" time="2.59" classname="SignIn.FlockSignIn"/>
  <testcase name="enterOTP" time="0.179" classname="SignIn.FlockSignIn"/>
</testsuite> <!-- Default test -->
