<?xml version="1.0" encoding="UTF-8"?>
<!-- Generated by org.testng.reporters.JUnitXMLReporter -->
<testsuite hostname="MDVLFARZANS" ignored="0" name="Default test" tests="31" failures="0" timestamp="20 Jun 2017 11:36:46 GMT" time="65.763" errors="0">
  <testcase name="windowTitle" time="0.08" classname="SignIn.FlockSignIn"/>
  <testcase name="languageSwitcher" time="1.476" classname="SignIn.FlockSignIn"/>
  <testcase name="Heading" time="4.219" classname="SignIn.FlockSignIn"/>
  <testcase name="contactSupport" time="14.442" classname="SignIn.FlockSignIn"/>
  <testcase name="subHeading" time="0.472" classname="SignIn.FlockSignIn"/>
  <testcase name="emailPlaceHolder" time="0.376" classname="SignIn.FlockSignIn"/>
  <testcase name="loginButton" time="0.421" classname="SignIn.FlockSignIn"/>
  <testcase name="onbaordingSideBar" time="0.113" classname="SignIn.FlockSignIn"/>
  <testcase name="errorMessage" time="1.022" classname="SignIn.FlockSignIn"/>
  <testcase name="errorMessage" time="0.631" classname="SignIn.FlockSignIn"/>
  <testcase name="errorMessage" time="0.85" classname="SignIn.FlockSignIn"/>
  <testcase name="enterEmail" time="0.633" classname="SignIn.FlockSignIn"/>
  <testcase name="googleAuthHeading" time="2.066" classname="SignIn.FlockSignIn"/>
  <testcase name="googleAuthButton" time="0.34" classname="SignIn.FlockSignIn"/>
  <testcase name="googleAuthSkipButton" time="0.504" classname="SignIn.FlockSignIn"/>
  <testcase name="googleAuthSubHeading" time="0.731" classname="SignIn.FlockSignIn"/>
  <testcase name="googleAuthNote" time="0.691" classname="SignIn.FlockSignIn"/>
  <testcase name="clickSkipGoogleAuth" time="0.67" classname="SignIn.FlockSignIn"/>
  <testcase name="otpHeading" time="0.994" classname="SignIn.FlockSignIn"/>
  <testcase name="otpSubHeading" time="0.831" classname="SignIn.FlockSignIn"/>
  <testcase name="otpPlaceHolder" time="0.466" classname="SignIn.FlockSignIn"/>
  <testcase name="resendOtpText" time="0.378" classname="SignIn.FlockSignIn"/>
  <testcase name="resendOtpHook" time="0.4" classname="SignIn.FlockSignIn"/>
  <testcase name="resendOtpHookClicked" time="0.964" classname="SignIn.FlockSignIn"/>
  <testcase name="checkEditButton" time="6.802" classname="SignIn.FlockSignIn"/>
  <testcase name="verifyButton" time="0.264" classname="SignIn.FlockSignIn"/>
  <testcase name="otpErrorMessage" time="3.122" classname="SignIn.FlockSignIn"/>
  <testcase name="otpErrorMessage" time="2.689" classname="SignIn.FlockSignIn"/>
  <testcase name="otpErrorMessage" time="2.671" classname="SignIn.FlockSignIn"/>
  <testcase name="otpErrorMessage1" time="2.694" classname="SignIn.FlockSignIn"/>
  <testcase name="enterOTP" time="0.365" classname="SignIn.FlockSignIn"/>
</testsuite> <!-- Default test -->
